[2024-12-14 15:18:00.157451] [0x000014f24b473980] [info] ------------------------------------------------------------
[2024-12-14 15:18:00.158821] [0x000014f24b473980] [info] Load information from PhyDB
[2024-12-14 15:18:00.158834] [0x000014f24b473980] [info]   placement grid not set in PhyDB
[2024-12-14 15:18:00.158839] [0x000014f24b473980] [info]   checking sites
[2024-12-14 15:18:00.158843] [0x000014f24b473980] [info]     width : 0.6um
[2024-12-14 15:18:00.158875] [0x000014f24b473980] [info]     height: 0.3um
[2024-12-14 15:18:00.502339] [0x000014f24b473980] [info] No P-well layer info provided, creating fake info
[2024-12-14 15:18:00.502442] [0x000014f24b473980] [info] (wall time: 0.345092s, cpu time: 0.286598)
[2024-12-14 15:18:00.502454] [0x000014f24b473980] [info] ------------------------------------------------------------
[2024-12-14 15:18:00.502459] [0x000014f24b473980] [info] Circuit brief summary:
[2024-12-14 15:18:00.502463] [0x000014f24b473980] [info]   movable blocks: 113530
[2024-12-14 15:18:00.502482] [0x000014f24b473980] [info]   fixed blocks:   0
[2024-12-14 15:18:00.502486] [0x000014f24b473980] [info]   blocks:         113530
[2024-12-14 15:18:00.502490] [0x000014f24b473980] [info]   iopins:         293
[2024-12-14 15:18:00.502496] [0x000014f24b473980] [info]   nets:           114266
[2024-12-14 15:18:00.502500] [0x000014f24b473980] [info]   grid size x/y:  0.6/0.3um
[2024-12-14 15:18:00.502508] [0x000014f24b473980] [info]   total movable blk area: 6605090
[2024-12-14 15:18:00.502515] [0x000014f24b473980] [info]   total white space     : 13891716
[2024-12-14 15:18:00.502520] [0x000014f24b473980] [info]   total block area      : 6605090
[2024-12-14 15:18:00.502524] [0x000014f24b473980] [info]   total space: 13891716
[2024-12-14 15:18:00.502531] [0x000014f24b473980] [info]     left:   10
[2024-12-14 15:18:00.502535] [0x000014f24b473980] [info]     right:  2644
[2024-12-14 15:18:00.502539] [0x000014f24b473980] [info]     bottom: 18
[2024-12-14 15:18:00.502543] [0x000014f24b473980] [info]     top:    5292
[2024-12-14 15:18:00.502547] [0x000014f24b473980] [info]   average movable width/height: 5.167/10.6024um
[2024-12-14 15:18:00.502553] [0x000014f24b473980] [info]   white space utility: 0.47547
[2024-12-14 15:18:00.502558] [0x000014f24b473980] [info]   current weighted HPWL: 314713um
[2024-12-14 15:18:00.511629] [0x000014f24b473980] [info] ------------------------------------------------------------
[2024-12-14 15:18:00.511641] [0x000014f24b473980] [info] Start global placement
[2024-12-14 15:18:00.511651] [0x000014f24b473980] [info]   target density: 0.5
[2024-12-14 15:18:00.512740] [0x000014f24b473980] [info]   Block location initialization:
    HPWL before, 314713
[2024-12-14 15:18:00.524256] [0x000014f24b473980] [info]     HPWL after, 1.30505e+08
[2024-12-14 15:18:06.071136] [0x000014f24b473980] [info]   iter-0  : 2.8042e+05  7.4983e+06
[2024-12-14 15:18:11.114010] [0x000014f24b473980] [info]   iter-1  : 3.2211e+05  4.0806e+06
[2024-12-14 15:18:23.252035] [0x000014f24b473980] [info]   iter-2  : 5.0120e+05  3.2929e+06
[2024-12-14 15:18:27.009961] [0x000014f24b473980] [info]   iter-3  : 5.7758e+05  2.8970e+06
[2024-12-14 15:18:30.897020] [0x000014f24b473980] [info]   iter-4  : 6.6407e+05  2.6424e+06
[2024-12-14 15:18:33.619308] [0x000014f24b473980] [info]   iter-5  : 7.5754e+05  2.2714e+06
[2024-12-14 15:18:35.355785] [0x000014f24b473980] [info]   iter-6  : 8.1191e+05  1.9317e+06
[2024-12-14 15:18:36.748630] [0x000014f24b473980] [info]   iter-7  : 8.5238e+05  1.6977e+06
[2024-12-14 15:18:38.023059] [0x000014f24b473980] [info]   iter-8  : 8.8236e+05  1.6065e+06
[2024-12-14 15:18:39.265053] [0x000014f24b473980] [info]   iter-9  : 9.1492e+05  1.4953e+06
[2024-12-14 15:18:41.062757] [0x000014f24b473980] [info]   iter-10 : 9.5424e+05  1.3860e+06
[2024-12-14 15:18:42.112517] [0x000014f24b473980] [info]   iter-11 : 9.8444e+05  1.3324e+06
[2024-12-14 15:18:43.062210] [0x000014f24b473980] [info]   iter-12 : 1.0062e+06  1.2939e+06
[2024-12-14 15:18:43.888010] [0x000014f24b473980] [info]   iter-13 : 1.0201e+06  1.2629e+06
[2024-12-14 15:18:44.582210] [0x000014f24b473980] [info]   iter-14 : 1.0287e+06  1.2408e+06
[2024-12-14 15:18:45.244230] [0x000014f24b473980] [info]   iter-15 : 1.0388e+06  1.2270e+06
[2024-12-14 15:18:45.969765] [0x000014f24b473980] [info]   iter-16 : 1.0476e+06  1.2067e+06
[2024-12-14 15:18:46.704610] [0x000014f24b473980] [info]   iter-17 : 1.0539e+06  1.1956e+06
[2024-12-14 15:18:47.400175] [0x000014f24b473980] [info]   iter-18 : 1.0574e+06  1.1904e+06
[2024-12-14 15:18:48.216412] [0x000014f24b473980] [info]   iter-19 : 1.0610e+06  1.1846e+06
[2024-12-14 15:18:48.918471] [0x000014f24b473980] [info]   iter-20 : 1.0641e+06  1.1786e+06
[2024-12-14 15:18:49.602380] [0x000014f24b473980] [info]   iter-21 : 1.0663e+06  1.1747e+06
[2024-12-14 15:18:50.284350] [0x000014f24b473980] [info]   iter-22 : 1.0690e+06  1.1708e+06
[2024-12-14 15:18:50.975077] [0x000014f24b473980] [info]   iter-23 : 1.0708e+06  1.1705e+06
[2024-12-14 15:18:50.976441] [0x000014f24b473980] [info]   current weighted HPWL: 1.17053e+06um
[2024-12-14 15:18:50.984069] [0x000014f24b473980] [info] [0;36mGlobal placement completed[0m
[2024-12-14 15:18:50.984084] [0x000014f24b473980] [info] (wall time: 50.472459s, cpu time: 46.837327)
[2024-12-14 15:18:50.984163] [0x000014f24b473980] [info] (peak memory: 5653MB,  current memory: 5653MB)
[2024-12-14 15:18:50.987700] [0x000014f24b473980] [info] ------------------------------------------------------------
[2024-12-14 15:18:50.987735] [0x000014f24b473980] [info] Start standard cluster well legalization
[2024-12-14 15:18:50.988747] [0x000014f24b473980] [info]   Well max plug distance: 75um, 125 
[2024-12-14 15:18:50.988775] [0x000014f24b473980] [info]   GridValueX: 0.6 um
[2024-12-14 15:18:50.988781] [0x000014f24b473980] [info]   Well spacing: 1.275um, 3
[2024-12-14 15:18:50.988786] [0x000014f24b473980] [info]   Well tap cell width: 2
[2024-12-14 15:18:50.991082] [0x000014f24b473980] [info] Max movable cell width: 18
[2024-12-14 15:18:50.991114] [0x000014f24b473980] [info] Using default gridded row width: 2*max_unplug_length_
[2024-12-14 15:18:50.991120] [0x000014f24b473980] [info]   Total number of columns: 11
[2024-12-14 15:18:50.991134] [0x000014f24b473980] [info]   Gridded row width: 142.8um, 238
[2024-12-14 15:18:50.994651] [0x000014f24b473980] [info] Maximum possible number of gridded rows in a column: 585
[2024-12-14 15:18:51.036260] [0x000014f24b473980] [info] Form block clustering
[2024-12-14 15:18:51.112164] [0x000014f24b473980] [info]   current weighted HPWL: 1.4183e+06um
[2024-12-14 15:18:51.120668] [0x000014f24b473980] [info] Flip cluster orientation
[2024-12-14 15:18:51.121758] [0x000014f24b473980] [info]   current weighted HPWL: 1.47121e+06um
[2024-12-14 15:18:51.130109] [0x000014f24b473980] [info] Perform local reordering
[2024-12-14 15:18:51.130118] [0x000014f24b473980] [info] reorder iteration: 0
[2024-12-14 15:18:51.628737] [0x000014f24b473980] [info]   current weighted HPWL: 1.51592e+06um
[2024-12-14 15:18:51.638101] [0x000014f24b473980] [info] reorder iteration: 1
[2024-12-14 15:18:52.129227] [0x000014f24b473980] [info]   current weighted HPWL: 1.5164e+06um
[2024-12-14 15:18:52.138019] [0x000014f24b473980] [info] reorder iteration: 2
[2024-12-14 15:18:52.631036] [0x000014f24b473980] [info]   current weighted HPWL: 1.52157e+06um
[2024-12-14 15:18:52.639585] [0x000014f24b473980] [info] reorder iteration: 3
[2024-12-14 15:18:53.134753] [0x000014f24b473980] [info]   current weighted HPWL: 1.52673e+06um
[2024-12-14 15:18:53.143247] [0x000014f24b473980] [info] reorder iteration: 4
[2024-12-14 15:18:53.638267] [0x000014f24b473980] [info]   current weighted HPWL: 1.53099e+06um
[2024-12-14 15:18:53.646848] [0x000014f24b473980] [info] reorder iteration: 5
[2024-12-14 15:18:54.143598] [0x000014f24b473980] [info]   current weighted HPWL: 1.53471e+06um
[2024-12-14 15:18:54.153499] [0x000014f24b473980] [info] Insert well tap cells
[2024-12-14 15:18:54.160526] [0x000014f24b473980] [info] Insertion complete: 7326 well tap cell created
[2024-12-14 15:18:54.160556] [0x000014f24b473980] [info] Skip creating end cap cells
[2024-12-14 15:18:54.160599] [0x000014f24b473980] [info]   current weighted HPWL: 1.53639e+06um
[2024-12-14 15:18:54.171445] [0x000014f24b473980] [info] [0;36mStandard Cluster Well Legalization completed[0m
[2024-12-14 15:18:54.171479] [0x000014f24b473980] [info] (wall time: 3.183783s, cpu time: 2.836790)
[2024-12-14 15:18:54.171525] [0x000014f24b473980] [info] (peak memory: 5653MB,  current memory: 5616MB)
[2024-12-14 15:18:54.171569] [0x000014f24b473980] [info] Writing PP and NP rect file: dali_outppnp.rect
[2024-12-14 15:18:54.217060] [0x000014f24b473980] [info] Writing N-well rect file: dali_outwell.rect
[2024-12-14 15:18:54.220455] [0x000014f24b473980] [info] Writing cluster rect file: dali_out_router.cluster
[2024-12-14 15:18:54.224308] [0x000014f24b473980] [info] ------------------------------------------------------------
[2024-12-14 15:18:54.224323] [0x000014f24b473980] [info] Start I/O Placement
[2024-12-14 15:18:54.225122] [0x000014f24b473980] [info] [0;36mI/O Placement complete![0m
[2024-12-14 15:18:54.225169] [0x000014f24b473980] [warning] IoPlace flag not specified, use --auto-place by default
[2024-12-14 15:18:54.225182] [0x000014f24b473980] [info] ------------------------------------------------------------
[2024-12-14 15:18:54.225186] [0x000014f24b473980] [info] Start I/O Placement
[2024-12-14 15:18:54.225579] [0x000014f24b473980] [info] [0;36mI/O Placement complete![0m
[2024-12-14 15:18:54.298640] [0x000014f24b473980] [info] Export Pplus/Nplus fillings to PhyDB
[2024-12-14 15:18:54.299534] [0x000014f24b473980] [info] Export N wells to PhyDB
