[2024-11-06 03:46:10.482925] [0x00007bfa2c648880] [info] ------------------------------------------------------------
[2024-11-06 03:46:10.483365] [0x00007bfa2c648880] [info] Load information from PhyDB
[2024-11-06 03:46:10.483387] [0x00007bfa2c648880] [info]   placement grid not set in PhyDB
[2024-11-06 03:46:10.483403] [0x00007bfa2c648880] [info]   checking sites
[2024-11-06 03:46:10.483418] [0x00007bfa2c648880] [info]     width : 0.6um
[2024-11-06 03:46:10.483442] [0x00007bfa2c648880] [info]     height: 0.3um
[2024-11-06 03:46:10.485714] [0x00007bfa2c648880] [info] No P-well layer info provided, creating fake info
[2024-11-06 03:46:10.485901] [0x00007bfa2c648880] [info] (wall time: 0.004007s, cpu time: 0.003304)
[2024-11-06 03:46:10.485932] [0x00007bfa2c648880] [info] ------------------------------------------------------------
[2024-11-06 03:46:10.485949] [0x00007bfa2c648880] [info] Circuit brief summary:
[2024-11-06 03:46:10.485964] [0x00007bfa2c648880] [info]   movable blocks: 817
[2024-11-06 03:46:10.486038] [0x00007bfa2c648880] [info]   fixed blocks:   0
[2024-11-06 03:46:10.486069] [0x00007bfa2c648880] [info]   blocks:         817
[2024-11-06 03:46:10.486085] [0x00007bfa2c648880] [info]   iopins:         24
[2024-11-06 03:46:10.486103] [0x00007bfa2c648880] [info]   nets:           838
[2024-11-06 03:46:10.486119] [0x00007bfa2c648880] [info]   grid size x/y:  0.6/0.3um
[2024-11-06 03:46:10.486151] [0x00007bfa2c648880] [info]   total movable blk area: 43838
[2024-11-06 03:46:10.486169] [0x00007bfa2c648880] [info]   total white space     : 92880
[2024-11-06 03:46:10.486184] [0x00007bfa2c648880] [info]   total block area      : 43838
[2024-11-06 03:46:10.486200] [0x00007bfa2c648880] [info]   total space: 92880
[2024-11-06 03:46:10.486221] [0x00007bfa2c648880] [info]     left:   10
[2024-11-06 03:46:10.486237] [0x00007bfa2c648880] [info]     right:  225
[2024-11-06 03:46:10.486252] [0x00007bfa2c648880] [info]     bottom: 18
[2024-11-06 03:46:10.486267] [0x00007bfa2c648880] [info]     top:    450
[2024-11-06 03:46:10.486281] [0x00007bfa2c648880] [info]   average movable width/height: 4.75153/10.3709um
[2024-11-06 03:46:10.486301] [0x00007bfa2c648880] [info]   white space utility: 0.471985
[2024-11-06 03:46:10.486324] [0x00007bfa2c648880] [info]   current weighted HPWL: 1598.59um
[2024-11-06 03:46:10.486438] [0x00007bfa2c648880] [info] ------------------------------------------------------------
[2024-11-06 03:46:10.486455] [0x00007bfa2c648880] [info] Start global placement
[2024-11-06 03:46:10.486476] [0x00007bfa2c648880] [info]   target density: 0.5
[2024-11-06 03:46:10.486503] [0x00007bfa2c648880] [info]   Block location initialization:
    HPWL before, 1598.59
[2024-11-06 03:46:10.486617] [0x00007bfa2c648880] [info]     HPWL after, 74643.3
[2024-11-06 03:46:10.509552] [0x00007bfa2c648880] [info]   iter-0  : 1.2411e+03  1.4526e+04
[2024-11-06 03:46:10.525717] [0x00007bfa2c648880] [info]   iter-1  : 1.2350e+03  1.2101e+04
[2024-11-06 03:46:10.549016] [0x00007bfa2c648880] [info]   iter-2  : 1.3336e+03  1.1129e+04
[2024-11-06 03:46:10.579820] [0x00007bfa2c648880] [info]   iter-3  : 1.6064e+03  1.0888e+04
[2024-11-06 03:46:10.603498] [0x00007bfa2c648880] [info]   iter-4  : 1.9477e+03  1.0568e+04
[2024-11-06 03:46:10.622823] [0x00007bfa2c648880] [info]   iter-5  : 2.3928e+03  8.9510e+03
[2024-11-06 03:46:10.642453] [0x00007bfa2c648880] [info]   iter-6  : 2.6150e+03  7.8748e+03
[2024-11-06 03:46:10.657801] [0x00007bfa2c648880] [info]   iter-7  : 2.7281e+03  7.4574e+03
[2024-11-06 03:46:10.671076] [0x00007bfa2c648880] [info]   iter-8  : 2.8115e+03  7.0455e+03
[2024-11-06 03:46:10.688087] [0x00007bfa2c648880] [info]   iter-9  : 2.8646e+03  7.1627e+03
[2024-11-06 03:46:10.700573] [0x00007bfa2c648880] [info]   iter-10 : 2.9919e+03  6.7544e+03
[2024-11-06 03:46:10.709646] [0x00007bfa2c648880] [info]   iter-11 : 3.0700e+03  6.7165e+03
[2024-11-06 03:46:10.721515] [0x00007bfa2c648880] [info]   iter-12 : 3.1135e+03  6.7627e+03
[2024-11-06 03:46:10.733890] [0x00007bfa2c648880] [info]   iter-13 : 3.2449e+03  6.3382e+03
[2024-11-06 03:46:10.748047] [0x00007bfa2c648880] [info]   iter-14 : 3.3288e+03  6.3082e+03
[2024-11-06 03:46:10.761116] [0x00007bfa2c648880] [info]   iter-15 : 3.5079e+03  5.8829e+03
[2024-11-06 03:46:10.769617] [0x00007bfa2c648880] [info]   iter-16 : 3.5513e+03  5.7988e+03
[2024-11-06 03:46:10.777178] [0x00007bfa2c648880] [info]   iter-17 : 3.6592e+03  6.0022e+03
[2024-11-06 03:46:10.790253] [0x00007bfa2c648880] [info]   iter-18 : 3.8584e+03  5.6976e+03
[2024-11-06 03:46:10.806210] [0x00007bfa2c648880] [info]   iter-19 : 3.8924e+03  5.5575e+03
[2024-11-06 03:46:10.821600] [0x00007bfa2c648880] [info]   iter-20 : 3.9360e+03  5.4858e+03
[2024-11-06 03:46:10.832022] [0x00007bfa2c648880] [info]   iter-21 : 4.0093e+03  5.3932e+03
[2024-11-06 03:46:10.842536] [0x00007bfa2c648880] [info]   iter-22 : 4.0739e+03  5.2729e+03
[2024-11-06 03:46:10.851411] [0x00007bfa2c648880] [info]   iter-23 : 4.1067e+03  5.4356e+03
[2024-11-06 03:46:10.860308] [0x00007bfa2c648880] [info]   iter-24 : 4.1529e+03  5.1931e+03
[2024-11-06 03:46:10.871874] [0x00007bfa2c648880] [info]   iter-25 : 4.1536e+03  5.2219e+03
[2024-11-06 03:46:10.881709] [0x00007bfa2c648880] [info]   iter-26 : 4.2198e+03  5.1690e+03
[2024-11-06 03:46:10.890554] [0x00007bfa2c648880] [info]   iter-27 : 4.2205e+03  5.1675e+03
[2024-11-06 03:46:10.907531] [0x00007bfa2c648880] [info]   iter-28 : 4.2226e+03  5.2043e+03
[2024-11-06 03:46:10.917163] [0x00007bfa2c648880] [info]   iter-29 : 4.2804e+03  5.1956e+03
[2024-11-06 03:46:10.921334] [0x00007bfa2c648880] [info]   iter-30 : 4.3188e+03  5.1270e+03
[2024-11-06 03:46:10.931242] [0x00007bfa2c648880] [info]   iter-31 : 4.3337e+03  5.0967e+03
[2024-11-06 03:46:10.939207] [0x00007bfa2c648880] [info]   iter-32 : 4.3281e+03  5.0045e+03
[2024-11-06 03:46:10.947349] [0x00007bfa2c648880] [info]   iter-33 : 4.3183e+03  5.2091e+03
[2024-11-06 03:46:10.953595] [0x00007bfa2c648880] [info]   iter-34 : 4.4242e+03  5.1293e+03
[2024-11-06 03:46:10.963666] [0x00007bfa2c648880] [info]   iter-35 : 4.4108e+03  5.1396e+03
[2024-11-06 03:46:10.978518] [0x00007bfa2c648880] [info]   iter-36 : 4.3604e+03  5.1819e+03
[2024-11-06 03:46:10.987743] [0x00007bfa2c648880] [info]   iter-37 : 4.4618e+03  5.1088e+03
[2024-11-06 03:46:10.992547] [0x00007bfa2c648880] [info]   iter-38 : 4.4434e+03  5.0830e+03
[2024-11-06 03:46:10.998833] [0x00007bfa2c648880] [info]   iter-39 : 4.4411e+03  5.0948e+03
[2024-11-06 03:46:11.009023] [0x00007bfa2c648880] [info]   iter-40 : 4.4486e+03  5.1222e+03
[2024-11-06 03:46:11.015539] [0x00007bfa2c648880] [info]   iter-41 : 4.4625e+03  5.1357e+03
[2024-11-06 03:46:11.020455] [0x00007bfa2c648880] [info]   iter-42 : 4.5402e+03  5.1239e+03
[2024-11-06 03:46:11.020801] [0x00007bfa2c648880] [info]   current weighted HPWL: 5123.91um
[2024-11-06 03:46:11.021118] [0x00007bfa2c648880] [info] [0;36mGlobal placement completed[0m
[2024-11-06 03:46:11.021151] [0x00007bfa2c648880] [info] (wall time: 0.534711s, cpu time: 1.313847)
[2024-11-06 03:46:11.021265] [0x00007bfa2c648880] [info] (peak memory: 5396MB,  current memory: 5396MB)
[2024-11-06 03:46:11.021379] [0x00007bfa2c648880] [info] ------------------------------------------------------------
[2024-11-06 03:46:11.021402] [0x00007bfa2c648880] [info] Start standard cluster well legalization
[2024-11-06 03:46:11.021424] [0x00007bfa2c648880] [info]   Well max plug distance: 75um, 125 
[2024-11-06 03:46:11.021482] [0x00007bfa2c648880] [info]   GridValueX: 0.6 um
[2024-11-06 03:46:11.021544] [0x00007bfa2c648880] [info]   Well spacing: 1.275um, 3
[2024-11-06 03:46:11.021565] [0x00007bfa2c648880] [info]   Well tap cell width: 2
[2024-11-06 03:46:11.021759] [0x00007bfa2c648880] [info] Max movable cell width: 17
[2024-11-06 03:46:11.021784] [0x00007bfa2c648880] [info] Using default gridded row width: 2*max_unplug_length_
[2024-11-06 03:46:11.021800] [0x00007bfa2c648880] [info]   Total number of columns: 1
[2024-11-06 03:46:11.021816] [0x00007bfa2c648880] [info]   Gridded row width: 125.4um, 209
[2024-11-06 03:46:11.021953] [0x00007bfa2c648880] [info] Maximum possible number of gridded rows in a column: 47
[2024-11-06 03:46:11.022226] [0x00007bfa2c648880] [info] Form block clustering
[2024-11-06 03:46:11.023467] [0x00007bfa2c648880] [info]   current weighted HPWL: 7440.34um
[2024-11-06 03:46:11.023705] [0x00007bfa2c648880] [info] Flip cluster orientation
[2024-11-06 03:46:11.023799] [0x00007bfa2c648880] [info]   current weighted HPWL: 7565.25um
[2024-11-06 03:46:11.024446] [0x00007bfa2c648880] [info] Perform local reordering
[2024-11-06 03:46:11.024768] [0x00007bfa2c648880] [info] reorder iteration: 0
[2024-11-06 03:46:11.036987] [0x00007bfa2c648880] [info]   current weighted HPWL: 7345.12um
[2024-11-06 03:46:11.037597] [0x00007bfa2c648880] [info] reorder iteration: 1
[2024-11-06 03:46:11.050532] [0x00007bfa2c648880] [info]   current weighted HPWL: 7305.38um
[2024-11-06 03:46:11.050994] [0x00007bfa2c648880] [info] reorder iteration: 2
[2024-11-06 03:46:11.065386] [0x00007bfa2c648880] [info]   current weighted HPWL: 7281.97um
[2024-11-06 03:46:11.065576] [0x00007bfa2c648880] [info] reorder iteration: 3
[2024-11-06 03:46:11.076700] [0x00007bfa2c648880] [info]   current weighted HPWL: 7278.15um
[2024-11-06 03:46:11.077166] [0x00007bfa2c648880] [info] reorder iteration: 4
[2024-11-06 03:46:11.086108] [0x00007bfa2c648880] [info]   current weighted HPWL: 7266.11um
[2024-11-06 03:46:11.086467] [0x00007bfa2c648880] [info] reorder iteration: 5
[2024-11-06 03:46:11.095570] [0x00007bfa2c648880] [info]   current weighted HPWL: 7266.19um
[2024-11-06 03:46:11.096228] [0x00007bfa2c648880] [info] Insert well tap cells
[2024-11-06 03:46:11.097216] [0x00007bfa2c648880] [info] Insertion complete: 46 well tap cell created
[2024-11-06 03:46:11.097601] [0x00007bfa2c648880] [info] Skip creating end cap cells
[2024-11-06 03:46:11.097637] [0x00007bfa2c648880] [info]   current weighted HPWL: 7213.16um
[2024-11-06 03:46:11.097784] [0x00007bfa2c648880] [info] [0;36mStandard Cluster Well Legalization completed[0m
[2024-11-06 03:46:11.097812] [0x00007bfa2c648880] [info] (wall time: 0.076429s, cpu time: 0.103587)
[2024-11-06 03:46:11.097887] [0x00007bfa2c648880] [info] (peak memory: 5396MB,  current memory: 5396MB)
[2024-11-06 03:46:11.097913] [0x00007bfa2c648880] [info] Writing PP and NP rect file: dali_outppnp.rect
[2024-11-06 03:46:11.099109] [0x00007bfa2c648880] [info] Writing N-well rect file: dali_outwell.rect
[2024-11-06 03:46:11.100903] [0x00007bfa2c648880] [info] Writing cluster rect file: dali_out_router.cluster
[2024-11-06 03:46:11.101175] [0x00007bfa2c648880] [info] ------------------------------------------------------------
[2024-11-06 03:46:11.101603] [0x00007bfa2c648880] [info] Start I/O Placement
[2024-11-06 03:46:11.101671] [0x00007bfa2c648880] [info] [0;36mI/O Placement complete![0m
[2024-11-06 03:46:11.101728] [0x00007bfa2c648880] [warning] IoPlace flag not specified, use --auto-place by default
[2024-11-06 03:46:11.101750] [0x00007bfa2c648880] [info] ------------------------------------------------------------
[2024-11-06 03:46:11.101767] [0x00007bfa2c648880] [info] Start I/O Placement
[2024-11-06 03:46:11.101807] [0x00007bfa2c648880] [info] [0;36mI/O Placement complete![0m
[2024-11-06 03:46:11.102245] [0x00007bfa2c648880] [info] Export Pplus/Nplus fillings to PhyDB
[2024-11-06 03:46:11.102318] [0x00007bfa2c648880] [info] Export N wells to PhyDB
