[2024-11-06 03:19:41.418588] [0x00007dce203a1880] [info] ------------------------------------------------------------
[2024-11-06 03:19:41.418756] [0x00007dce203a1880] [info] Load information from PhyDB
[2024-11-06 03:19:41.418770] [0x00007dce203a1880] [info]   placement grid not set in PhyDB
[2024-11-06 03:19:41.418780] [0x00007dce203a1880] [info]   checking sites
[2024-11-06 03:19:41.418788] [0x00007dce203a1880] [info]     width : 0.6um
[2024-11-06 03:19:41.418821] [0x00007dce203a1880] [info]     height: 0.3um
[2024-11-06 03:19:41.421151] [0x00007dce203a1880] [info] No P-well layer info provided, creating fake info
[2024-11-06 03:19:41.421319] [0x00007dce203a1880] [info] (wall time: 0.002787s, cpu time: 0.002772)
[2024-11-06 03:19:41.421338] [0x00007dce203a1880] [info] ------------------------------------------------------------
[2024-11-06 03:19:41.421352] [0x00007dce203a1880] [info] Circuit brief summary:
[2024-11-06 03:19:41.421361] [0x00007dce203a1880] [info]   movable blocks: 817
[2024-11-06 03:19:41.421374] [0x00007dce203a1880] [info]   fixed blocks:   0
[2024-11-06 03:19:41.421382] [0x00007dce203a1880] [info]   blocks:         817
[2024-11-06 03:19:41.421390] [0x00007dce203a1880] [info]   iopins:         24
[2024-11-06 03:19:41.421399] [0x00007dce203a1880] [info]   nets:           838
[2024-11-06 03:19:41.421407] [0x00007dce203a1880] [info]   grid size x/y:  0.6/0.3um
[2024-11-06 03:19:41.421419] [0x00007dce203a1880] [info]   total movable blk area: 43838
[2024-11-06 03:19:41.421430] [0x00007dce203a1880] [info]   total white space     : 92880
[2024-11-06 03:19:41.421438] [0x00007dce203a1880] [info]   total block area      : 43838
[2024-11-06 03:19:41.421446] [0x00007dce203a1880] [info]   total space: 92880
[2024-11-06 03:19:41.421459] [0x00007dce203a1880] [info]     left:   10
[2024-11-06 03:19:41.421479] [0x00007dce203a1880] [info]     right:  225
[2024-11-06 03:19:41.421487] [0x00007dce203a1880] [info]     bottom: 18
[2024-11-06 03:19:41.421495] [0x00007dce203a1880] [info]     top:    450
[2024-11-06 03:19:41.421503] [0x00007dce203a1880] [info]   average movable width/height: 4.75153/10.3709um
[2024-11-06 03:19:41.421529] [0x00007dce203a1880] [info]   white space utility: 0.471985
[2024-11-06 03:19:41.421538] [0x00007dce203a1880] [info]   current weighted HPWL: 1598.59um
[2024-11-06 03:19:41.421640] [0x00007dce203a1880] [info] ------------------------------------------------------------
[2024-11-06 03:19:41.421649] [0x00007dce203a1880] [info] Start global placement
[2024-11-06 03:19:41.421657] [0x00007dce203a1880] [info]   target density: 0.5
[2024-11-06 03:19:41.421673] [0x00007dce203a1880] [info]   Block location initialization:
    HPWL before, 1598.59
[2024-11-06 03:19:41.421761] [0x00007dce203a1880] [info]     HPWL after, 74643.3
[2024-11-06 03:19:41.430158] [0x00007dce203a1880] [info]   iter-0  : 1.2411e+03  1.4526e+04
[2024-11-06 03:19:41.443623] [0x00007dce203a1880] [info]   iter-1  : 1.2350e+03  1.2101e+04
[2024-11-06 03:19:41.457894] [0x00007dce203a1880] [info]   iter-2  : 1.3336e+03  1.1129e+04
[2024-11-06 03:19:41.483166] [0x00007dce203a1880] [info]   iter-3  : 1.6064e+03  1.0888e+04
[2024-11-06 03:19:41.513491] [0x00007dce203a1880] [info]   iter-4  : 1.9477e+03  1.0568e+04
[2024-11-06 03:19:41.537456] [0x00007dce203a1880] [info]   iter-5  : 2.3928e+03  8.9510e+03
[2024-11-06 03:19:41.558813] [0x00007dce203a1880] [info]   iter-6  : 2.6150e+03  7.8748e+03
[2024-11-06 03:19:41.575509] [0x00007dce203a1880] [info]   iter-7  : 2.7281e+03  7.4574e+03
[2024-11-06 03:19:41.596896] [0x00007dce203a1880] [info]   iter-8  : 2.8115e+03  7.0455e+03
[2024-11-06 03:19:41.608188] [0x00007dce203a1880] [info]   iter-9  : 2.8646e+03  7.1627e+03
[2024-11-06 03:19:41.622362] [0x00007dce203a1880] [info]   iter-10 : 2.9919e+03  6.7544e+03
[2024-11-06 03:19:41.629589] [0x00007dce203a1880] [info]   iter-11 : 3.0700e+03  6.7165e+03
[2024-11-06 03:19:41.644459] [0x00007dce203a1880] [info]   iter-12 : 3.1135e+03  6.7627e+03
[2024-11-06 03:19:41.650721] [0x00007dce203a1880] [info]   iter-13 : 3.2449e+03  6.3382e+03
[2024-11-06 03:19:41.660188] [0x00007dce203a1880] [info]   iter-14 : 3.3288e+03  6.3082e+03
[2024-11-06 03:19:41.668003] [0x00007dce203a1880] [info]   iter-15 : 3.5079e+03  5.8829e+03
[2024-11-06 03:19:41.688586] [0x00007dce203a1880] [info]   iter-16 : 3.5513e+03  5.7988e+03
[2024-11-06 03:19:41.703825] [0x00007dce203a1880] [info]   iter-17 : 3.6592e+03  6.0022e+03
[2024-11-06 03:19:41.719040] [0x00007dce203a1880] [info]   iter-18 : 3.8584e+03  5.6976e+03
[2024-11-06 03:19:41.730268] [0x00007dce203a1880] [info]   iter-19 : 3.8924e+03  5.5575e+03
[2024-11-06 03:19:41.740765] [0x00007dce203a1880] [info]   iter-20 : 3.9360e+03  5.4858e+03
[2024-11-06 03:19:41.748475] [0x00007dce203a1880] [info]   iter-21 : 4.0093e+03  5.3932e+03
[2024-11-06 03:19:41.775406] [0x00007dce203a1880] [info]   iter-22 : 4.0739e+03  5.2729e+03
[2024-11-06 03:19:41.788434] [0x00007dce203a1880] [info]   iter-23 : 4.1067e+03  5.4356e+03
[2024-11-06 03:19:41.798534] [0x00007dce203a1880] [info]   iter-24 : 4.1529e+03  5.1931e+03
[2024-11-06 03:19:41.813385] [0x00007dce203a1880] [info]   iter-25 : 4.1536e+03  5.2219e+03
[2024-11-06 03:19:41.818334] [0x00007dce203a1880] [info]   iter-26 : 4.2198e+03  5.1690e+03
[2024-11-06 03:19:41.826636] [0x00007dce203a1880] [info]   iter-27 : 4.2205e+03  5.1675e+03
[2024-11-06 03:19:41.846431] [0x00007dce203a1880] [info]   iter-28 : 4.2226e+03  5.2043e+03
[2024-11-06 03:19:41.861069] [0x00007dce203a1880] [info]   iter-29 : 4.2804e+03  5.1956e+03
[2024-11-06 03:19:41.875413] [0x00007dce203a1880] [info]   iter-30 : 4.3188e+03  5.1270e+03
[2024-11-06 03:19:41.891849] [0x00007dce203a1880] [info]   iter-31 : 4.3337e+03  5.0967e+03
[2024-11-06 03:19:41.926184] [0x00007dce203a1880] [info]   iter-32 : 4.3281e+03  5.0045e+03
[2024-11-06 03:19:41.943780] [0x00007dce203a1880] [info]   iter-33 : 4.3183e+03  5.2091e+03
[2024-11-06 03:19:41.965302] [0x00007dce203a1880] [info]   iter-34 : 4.4242e+03  5.1293e+03
[2024-11-06 03:19:41.975205] [0x00007dce203a1880] [info]   iter-35 : 4.4108e+03  5.1396e+03
[2024-11-06 03:19:41.998253] [0x00007dce203a1880] [info]   iter-36 : 4.3604e+03  5.1819e+03
[2024-11-06 03:19:42.015458] [0x00007dce203a1880] [info]   iter-37 : 4.4618e+03  5.1088e+03
[2024-11-06 03:19:42.034224] [0x00007dce203a1880] [info]   iter-38 : 4.4434e+03  5.0830e+03
[2024-11-06 03:19:42.048339] [0x00007dce203a1880] [info]   iter-39 : 4.4411e+03  5.0948e+03
[2024-11-06 03:19:42.059329] [0x00007dce203a1880] [info]   iter-40 : 4.4486e+03  5.1222e+03
[2024-11-06 03:19:42.073205] [0x00007dce203a1880] [info]   iter-41 : 4.4625e+03  5.1357e+03
[2024-11-06 03:19:42.087372] [0x00007dce203a1880] [info]   iter-42 : 4.5402e+03  5.1239e+03
[2024-11-06 03:19:42.087443] [0x00007dce203a1880] [info]   current weighted HPWL: 5123.91um
[2024-11-06 03:19:42.087536] [0x00007dce203a1880] [info] [0;36mGlobal placement completed[0m
[2024-11-06 03:19:42.087558] [0x00007dce203a1880] [info] (wall time: 0.665916s, cpu time: 1.564840)
[2024-11-06 03:19:42.087624] [0x00007dce203a1880] [info] (peak memory: 5396MB,  current memory: 5396MB)
[2024-11-06 03:19:42.087723] [0x00007dce203a1880] [info] ------------------------------------------------------------
[2024-11-06 03:19:42.087752] [0x00007dce203a1880] [info] Start standard cluster well legalization
[2024-11-06 03:19:42.087786] [0x00007dce203a1880] [info]   Well max plug distance: 75um, 125 
[2024-11-06 03:19:42.087813] [0x00007dce203a1880] [info]   GridValueX: 0.6 um
[2024-11-06 03:19:42.087832] [0x00007dce203a1880] [info]   Well spacing: 1.275um, 3
[2024-11-06 03:19:42.087849] [0x00007dce203a1880] [info]   Well tap cell width: 2
[2024-11-06 03:19:42.088030] [0x00007dce203a1880] [info] Max movable cell width: 17
[2024-11-06 03:19:42.088176] [0x00007dce203a1880] [info] Using default gridded row width: 2*max_unplug_length_
[2024-11-06 03:19:42.088319] [0x00007dce203a1880] [info]   Total number of columns: 1
[2024-11-06 03:19:42.088351] [0x00007dce203a1880] [info]   Gridded row width: 125.4um, 209
[2024-11-06 03:19:42.088449] [0x00007dce203a1880] [info] Maximum possible number of gridded rows in a column: 47
[2024-11-06 03:19:42.088738] [0x00007dce203a1880] [info] Form block clustering
[2024-11-06 03:19:42.090140] [0x00007dce203a1880] [info]   current weighted HPWL: 7440.34um
[2024-11-06 03:19:42.092071] [0x00007dce203a1880] [info] Flip cluster orientation
[2024-11-06 03:19:42.092124] [0x00007dce203a1880] [info]   current weighted HPWL: 7565.25um
[2024-11-06 03:19:42.092236] [0x00007dce203a1880] [info] Perform local reordering
[2024-11-06 03:19:42.092252] [0x00007dce203a1880] [info] reorder iteration: 0
[2024-11-06 03:19:42.107286] [0x00007dce203a1880] [info]   current weighted HPWL: 7345.12um
[2024-11-06 03:19:42.110065] [0x00007dce203a1880] [info] reorder iteration: 1
[2024-11-06 03:19:42.125185] [0x00007dce203a1880] [info]   current weighted HPWL: 7305.38um
[2024-11-06 03:19:42.126895] [0x00007dce203a1880] [info] reorder iteration: 2
[2024-11-06 03:19:42.140430] [0x00007dce203a1880] [info]   current weighted HPWL: 7281.97um
[2024-11-06 03:19:42.140597] [0x00007dce203a1880] [info] reorder iteration: 3
[2024-11-06 03:19:42.154506] [0x00007dce203a1880] [info]   current weighted HPWL: 7278.15um
[2024-11-06 03:19:42.154663] [0x00007dce203a1880] [info] reorder iteration: 4
[2024-11-06 03:19:42.165662] [0x00007dce203a1880] [info]   current weighted HPWL: 7266.11um
[2024-11-06 03:19:42.169228] [0x00007dce203a1880] [info] reorder iteration: 5
[2024-11-06 03:19:42.177803] [0x00007dce203a1880] [info]   current weighted HPWL: 7266.19um
[2024-11-06 03:19:42.177973] [0x00007dce203a1880] [info] Insert well tap cells
[2024-11-06 03:19:42.178052] [0x00007dce203a1880] [info] Insertion complete: 46 well tap cell created
[2024-11-06 03:19:42.178064] [0x00007dce203a1880] [info] Skip creating end cap cells
[2024-11-06 03:19:42.178072] [0x00007dce203a1880] [info]   current weighted HPWL: 7213.16um
[2024-11-06 03:19:42.178160] [0x00007dce203a1880] [info] [0;36mStandard Cluster Well Legalization completed[0m
[2024-11-06 03:19:42.178176] [0x00007dce203a1880] [info] (wall time: 0.090450s, cpu time: 0.097174)
[2024-11-06 03:19:42.178237] [0x00007dce203a1880] [info] (peak memory: 5396MB,  current memory: 5396MB)
[2024-11-06 03:19:42.178251] [0x00007dce203a1880] [info] Writing PP and NP rect file: dali_outppnp.rect
[2024-11-06 03:19:42.178737] [0x00007dce203a1880] [info] Writing N-well rect file: dali_outwell.rect
[2024-11-06 03:19:42.178855] [0x00007dce203a1880] [info] Writing cluster rect file: dali_out_router.cluster
[2024-11-06 03:19:42.179237] [0x00007dce203a1880] [info] ------------------------------------------------------------
[2024-11-06 03:19:42.180638] [0x00007dce203a1880] [info] Start I/O Placement
[2024-11-06 03:19:42.180802] [0x00007dce203a1880] [info] [0;36mI/O Placement complete![0m
[2024-11-06 03:19:42.180986] [0x00007dce203a1880] [warning] IoPlace flag not specified, use --auto-place by default
[2024-11-06 03:19:42.181074] [0x00007dce203a1880] [info] ------------------------------------------------------------
[2024-11-06 03:19:42.181134] [0x00007dce203a1880] [info] Start I/O Placement
[2024-11-06 03:19:42.181180] [0x00007dce203a1880] [info] [0;36mI/O Placement complete![0m
[2024-11-06 03:19:42.181587] [0x00007dce203a1880] [info] Export Pplus/Nplus fillings to PhyDB
[2024-11-06 03:19:42.181711] [0x00007dce203a1880] [info] Export N wells to PhyDB
