[2024-11-06 03:41:56.547739] [0x00007b8cbc994880] [info] ------------------------------------------------------------
[2024-11-06 03:41:56.547915] [0x00007b8cbc994880] [info] Load information from PhyDB
[2024-11-06 03:41:56.547940] [0x00007b8cbc994880] [info]   placement grid not set in PhyDB
[2024-11-06 03:41:56.547956] [0x00007b8cbc994880] [info]   checking sites
[2024-11-06 03:41:56.547971] [0x00007b8cbc994880] [info]     width : 0.6um
[2024-11-06 03:41:56.547995] [0x00007b8cbc994880] [info]     height: 0.3um
[2024-11-06 03:41:56.550053] [0x00007b8cbc994880] [info] No P-well layer info provided, creating fake info
[2024-11-06 03:41:56.550126] [0x00007b8cbc994880] [info] (wall time: 0.002441s, cpu time: 0.002386)
[2024-11-06 03:41:56.550177] [0x00007b8cbc994880] [info] ------------------------------------------------------------
[2024-11-06 03:41:56.550198] [0x00007b8cbc994880] [info] Circuit brief summary:
[2024-11-06 03:41:56.550228] [0x00007b8cbc994880] [info]   movable blocks: 817
[2024-11-06 03:41:56.550262] [0x00007b8cbc994880] [info]   fixed blocks:   0
[2024-11-06 03:41:56.550278] [0x00007b8cbc994880] [info]   blocks:         817
[2024-11-06 03:41:56.550294] [0x00007b8cbc994880] [info]   iopins:         24
[2024-11-06 03:41:56.550311] [0x00007b8cbc994880] [info]   nets:           838
[2024-11-06 03:41:56.550339] [0x00007b8cbc994880] [info]   grid size x/y:  0.6/0.3um
[2024-11-06 03:41:56.550358] [0x00007b8cbc994880] [info]   total movable blk area: 43838
[2024-11-06 03:41:56.550376] [0x00007b8cbc994880] [info]   total white space     : 92880
[2024-11-06 03:41:56.550392] [0x00007b8cbc994880] [info]   total block area      : 43838
[2024-11-06 03:41:56.550408] [0x00007b8cbc994880] [info]   total space: 92880
[2024-11-06 03:41:56.550429] [0x00007b8cbc994880] [info]     left:   10
[2024-11-06 03:41:56.550444] [0x00007b8cbc994880] [info]     right:  225
[2024-11-06 03:41:56.550459] [0x00007b8cbc994880] [info]     bottom: 18
[2024-11-06 03:41:56.550472] [0x00007b8cbc994880] [info]     top:    450
[2024-11-06 03:41:56.550481] [0x00007b8cbc994880] [info]   average movable width/height: 4.75153/10.3709um
[2024-11-06 03:41:56.550493] [0x00007b8cbc994880] [info]   white space utility: 0.471985
[2024-11-06 03:41:56.550501] [0x00007b8cbc994880] [info]   current weighted HPWL: 1598.59um
[2024-11-06 03:41:56.550586] [0x00007b8cbc994880] [info] ------------------------------------------------------------
[2024-11-06 03:41:56.550612] [0x00007b8cbc994880] [info] Start global placement
[2024-11-06 03:41:56.550620] [0x00007b8cbc994880] [info]   target density: 0.5
[2024-11-06 03:41:56.550651] [0x00007b8cbc994880] [info]   Block location initialization:
    HPWL before, 1598.59
[2024-11-06 03:41:56.550744] [0x00007b8cbc994880] [info]     HPWL after, 74643.3
[2024-11-06 03:41:56.560528] [0x00007b8cbc994880] [info]   iter-0  : 1.2411e+03  1.4526e+04
[2024-11-06 03:41:56.567305] [0x00007b8cbc994880] [info]   iter-1  : 1.2350e+03  1.2101e+04
[2024-11-06 03:41:56.579873] [0x00007b8cbc994880] [info]   iter-2  : 1.3336e+03  1.1129e+04
[2024-11-06 03:41:56.594602] [0x00007b8cbc994880] [info]   iter-3  : 1.6064e+03  1.0888e+04
[2024-11-06 03:41:56.609114] [0x00007b8cbc994880] [info]   iter-4  : 1.9477e+03  1.0568e+04
[2024-11-06 03:41:56.623478] [0x00007b8cbc994880] [info]   iter-5  : 2.3928e+03  8.9510e+03
[2024-11-06 03:41:56.639535] [0x00007b8cbc994880] [info]   iter-6  : 2.6150e+03  7.8748e+03
[2024-11-06 03:41:56.652900] [0x00007b8cbc994880] [info]   iter-7  : 2.7281e+03  7.4574e+03
[2024-11-06 03:41:56.674550] [0x00007b8cbc994880] [info]   iter-8  : 2.8115e+03  7.0455e+03
[2024-11-06 03:41:56.678619] [0x00007b8cbc994880] [info]   iter-9  : 2.8646e+03  7.1627e+03
[2024-11-06 03:41:56.691231] [0x00007b8cbc994880] [info]   iter-10 : 2.9919e+03  6.7544e+03
[2024-11-06 03:41:56.713544] [0x00007b8cbc994880] [info]   iter-11 : 3.0700e+03  6.7165e+03
[2024-11-06 03:41:56.730181] [0x00007b8cbc994880] [info]   iter-12 : 3.1135e+03  6.7627e+03
[2024-11-06 03:41:56.747427] [0x00007b8cbc994880] [info]   iter-13 : 3.2449e+03  6.3382e+03
[2024-11-06 03:41:56.763216] [0x00007b8cbc994880] [info]   iter-14 : 3.3288e+03  6.3082e+03
[2024-11-06 03:41:56.779360] [0x00007b8cbc994880] [info]   iter-15 : 3.5079e+03  5.8829e+03
[2024-11-06 03:41:56.795792] [0x00007b8cbc994880] [info]   iter-16 : 3.5513e+03  5.7988e+03
[2024-11-06 03:41:56.806791] [0x00007b8cbc994880] [info]   iter-17 : 3.6592e+03  6.0022e+03
[2024-11-06 03:41:56.821179] [0x00007b8cbc994880] [info]   iter-18 : 3.8584e+03  5.6976e+03
[2024-11-06 03:41:56.829206] [0x00007b8cbc994880] [info]   iter-19 : 3.8924e+03  5.5575e+03
[2024-11-06 03:41:56.841447] [0x00007b8cbc994880] [info]   iter-20 : 3.9360e+03  5.4858e+03
[2024-11-06 03:41:56.850985] [0x00007b8cbc994880] [info]   iter-21 : 4.0093e+03  5.3932e+03
[2024-11-06 03:41:56.858654] [0x00007b8cbc994880] [info]   iter-22 : 4.0739e+03  5.2729e+03
[2024-11-06 03:41:56.865745] [0x00007b8cbc994880] [info]   iter-23 : 4.1067e+03  5.4356e+03
[2024-11-06 03:41:56.877667] [0x00007b8cbc994880] [info]   iter-24 : 4.1529e+03  5.1931e+03
[2024-11-06 03:41:56.883721] [0x00007b8cbc994880] [info]   iter-25 : 4.1536e+03  5.2219e+03
[2024-11-06 03:41:56.900658] [0x00007b8cbc994880] [info]   iter-26 : 4.2198e+03  5.1690e+03
[2024-11-06 03:41:56.916160] [0x00007b8cbc994880] [info]   iter-27 : 4.2205e+03  5.1675e+03
[2024-11-06 03:41:56.929303] [0x00007b8cbc994880] [info]   iter-28 : 4.2226e+03  5.2043e+03
[2024-11-06 03:41:56.940871] [0x00007b8cbc994880] [info]   iter-29 : 4.2804e+03  5.1956e+03
[2024-11-06 03:41:56.950428] [0x00007b8cbc994880] [info]   iter-30 : 4.3188e+03  5.1270e+03
[2024-11-06 03:41:56.959652] [0x00007b8cbc994880] [info]   iter-31 : 4.3337e+03  5.0967e+03
[2024-11-06 03:41:56.973595] [0x00007b8cbc994880] [info]   iter-32 : 4.3281e+03  5.0045e+03
[2024-11-06 03:41:56.983164] [0x00007b8cbc994880] [info]   iter-33 : 4.3183e+03  5.2091e+03
[2024-11-06 03:41:56.992793] [0x00007b8cbc994880] [info]   iter-34 : 4.4242e+03  5.1293e+03
[2024-11-06 03:41:56.999357] [0x00007b8cbc994880] [info]   iter-35 : 4.4108e+03  5.1396e+03
[2024-11-06 03:41:57.006620] [0x00007b8cbc994880] [info]   iter-36 : 4.3604e+03  5.1819e+03
[2024-11-06 03:41:57.017386] [0x00007b8cbc994880] [info]   iter-37 : 4.4618e+03  5.1088e+03
[2024-11-06 03:41:57.023054] [0x00007b8cbc994880] [info]   iter-38 : 4.4434e+03  5.0830e+03
[2024-11-06 03:41:57.028097] [0x00007b8cbc994880] [info]   iter-39 : 4.4411e+03  5.0948e+03
[2024-11-06 03:41:57.040553] [0x00007b8cbc994880] [info]   iter-40 : 4.4486e+03  5.1222e+03
[2024-11-06 03:41:57.045287] [0x00007b8cbc994880] [info]   iter-41 : 4.4625e+03  5.1357e+03
[2024-11-06 03:41:57.067689] [0x00007b8cbc994880] [info]   iter-42 : 4.5402e+03  5.1239e+03
[2024-11-06 03:41:57.068121] [0x00007b8cbc994880] [info]   current weighted HPWL: 5123.91um
[2024-11-06 03:41:57.068346] [0x00007b8cbc994880] [info] [0;36mGlobal placement completed[0m
[2024-11-06 03:41:57.068454] [0x00007b8cbc994880] [info] (wall time: 0.517863s, cpu time: 1.255276)
[2024-11-06 03:41:57.068618] [0x00007b8cbc994880] [info] (peak memory: 5396MB,  current memory: 5396MB)
[2024-11-06 03:41:57.068789] [0x00007b8cbc994880] [info] ------------------------------------------------------------
[2024-11-06 03:41:57.069085] [0x00007b8cbc994880] [info] Start standard cluster well legalization
[2024-11-06 03:41:57.069132] [0x00007b8cbc994880] [info]   Well max plug distance: 75um, 125 
[2024-11-06 03:41:57.069157] [0x00007b8cbc994880] [info]   GridValueX: 0.6 um
[2024-11-06 03:41:57.069176] [0x00007b8cbc994880] [info]   Well spacing: 1.275um, 3
[2024-11-06 03:41:57.072037] [0x00007b8cbc994880] [info]   Well tap cell width: 2
[2024-11-06 03:41:57.072268] [0x00007b8cbc994880] [info] Max movable cell width: 17
[2024-11-06 03:41:57.072290] [0x00007b8cbc994880] [info] Using default gridded row width: 2*max_unplug_length_
[2024-11-06 03:41:57.072299] [0x00007b8cbc994880] [info]   Total number of columns: 1
[2024-11-06 03:41:57.072308] [0x00007b8cbc994880] [info]   Gridded row width: 125.4um, 209
[2024-11-06 03:41:57.072398] [0x00007b8cbc994880] [info] Maximum possible number of gridded rows in a column: 47
[2024-11-06 03:41:57.072598] [0x00007b8cbc994880] [info] Form block clustering
[2024-11-06 03:41:57.073609] [0x00007b8cbc994880] [info]   current weighted HPWL: 7440.34um
[2024-11-06 03:41:57.073721] [0x00007b8cbc994880] [info] Flip cluster orientation
[2024-11-06 03:41:57.073734] [0x00007b8cbc994880] [info]   current weighted HPWL: 7565.25um
[2024-11-06 03:41:57.073818] [0x00007b8cbc994880] [info] Perform local reordering
[2024-11-06 03:41:57.073826] [0x00007b8cbc994880] [info] reorder iteration: 0
[2024-11-06 03:41:57.085747] [0x00007b8cbc994880] [info]   current weighted HPWL: 7345.12um
[2024-11-06 03:41:57.086181] [0x00007b8cbc994880] [info] reorder iteration: 1
[2024-11-06 03:41:57.094735] [0x00007b8cbc994880] [info]   current weighted HPWL: 7305.38um
[2024-11-06 03:41:57.099520] [0x00007b8cbc994880] [info] reorder iteration: 2
[2024-11-06 03:41:57.108709] [0x00007b8cbc994880] [info]   current weighted HPWL: 7281.97um
[2024-11-06 03:41:57.109194] [0x00007b8cbc994880] [info] reorder iteration: 3
[2024-11-06 03:41:57.126235] [0x00007b8cbc994880] [info]   current weighted HPWL: 7278.15um
[2024-11-06 03:41:57.126616] [0x00007b8cbc994880] [info] reorder iteration: 4
[2024-11-06 03:41:57.137745] [0x00007b8cbc994880] [info]   current weighted HPWL: 7266.11um
[2024-11-06 03:41:57.138268] [0x00007b8cbc994880] [info] reorder iteration: 5
[2024-11-06 03:41:57.151322] [0x00007b8cbc994880] [info]   current weighted HPWL: 7266.19um
[2024-11-06 03:41:57.152061] [0x00007b8cbc994880] [info] Insert well tap cells
[2024-11-06 03:41:57.152195] [0x00007b8cbc994880] [info] Insertion complete: 46 well tap cell created
[2024-11-06 03:41:57.152225] [0x00007b8cbc994880] [info] Skip creating end cap cells
[2024-11-06 03:41:57.152243] [0x00007b8cbc994880] [info]   current weighted HPWL: 7213.16um
[2024-11-06 03:41:57.152380] [0x00007b8cbc994880] [info] [0;36mStandard Cluster Well Legalization completed[0m
[2024-11-06 03:41:57.152407] [0x00007b8cbc994880] [info] (wall time: 0.083615s, cpu time: 0.104667)
[2024-11-06 03:41:57.152467] [0x00007b8cbc994880] [info] (peak memory: 5396MB,  current memory: 5396MB)
[2024-11-06 03:41:57.152496] [0x00007b8cbc994880] [info] Writing PP and NP rect file: dali_outppnp.rect
[2024-11-06 03:41:57.153310] [0x00007b8cbc994880] [info] Writing N-well rect file: dali_outwell.rect
[2024-11-06 03:41:57.153512] [0x00007b8cbc994880] [info] Writing cluster rect file: dali_out_router.cluster
[2024-11-06 03:41:57.155163] [0x00007b8cbc994880] [info] ------------------------------------------------------------
[2024-11-06 03:41:57.155212] [0x00007b8cbc994880] [info] Start I/O Placement
[2024-11-06 03:41:57.155264] [0x00007b8cbc994880] [info] [0;36mI/O Placement complete![0m
[2024-11-06 03:41:57.155323] [0x00007b8cbc994880] [warning] IoPlace flag not specified, use --auto-place by default
[2024-11-06 03:41:57.155625] [0x00007b8cbc994880] [info] ------------------------------------------------------------
[2024-11-06 03:41:57.155665] [0x00007b8cbc994880] [info] Start I/O Placement
[2024-11-06 03:41:57.155711] [0x00007b8cbc994880] [info] [0;36mI/O Placement complete![0m
[2024-11-06 03:41:57.156550] [0x00007b8cbc994880] [info] Export Pplus/Nplus fillings to PhyDB
[2024-11-06 03:41:57.156626] [0x00007b8cbc994880] [info] Export N wells to PhyDB
