[2024-11-07 19:53:51.974144] [0x0000710f69ac5880] [info] ------------------------------------------------------------
[2024-11-07 19:53:51.976828] [0x0000710f69ac5880] [info] Load information from PhyDB
[2024-11-07 19:53:51.976867] [0x0000710f69ac5880] [info]   placement grid not set in PhyDB
[2024-11-07 19:53:51.976884] [0x0000710f69ac5880] [info]   checking sites
[2024-11-07 19:53:51.976900] [0x0000710f69ac5880] [info]     width : 0.6um
[2024-11-07 19:53:51.978412] [0x0000710f69ac5880] [info]     height: 0.3um
[2024-11-07 19:53:51.988477] [0x0000710f69ac5880] [info] No P-well layer info provided, creating fake info
[2024-11-07 19:53:51.990740] [0x0000710f69ac5880] [info] (wall time: 0.025139s, cpu time: 0.006174)
[2024-11-07 19:53:51.990795] [0x0000710f69ac5880] [info] ------------------------------------------------------------
[2024-11-07 19:53:51.991184] [0x0000710f69ac5880] [info] Circuit brief summary:
[2024-11-07 19:53:51.991215] [0x0000710f69ac5880] [info]   movable blocks: 817
[2024-11-07 19:53:51.991239] [0x0000710f69ac5880] [info]   fixed blocks:   0
[2024-11-07 19:53:51.991819] [0x0000710f69ac5880] [info]   blocks:         817
[2024-11-07 19:53:51.991853] [0x0000710f69ac5880] [info]   iopins:         24
[2024-11-07 19:53:51.991874] [0x0000710f69ac5880] [info]   nets:           838
[2024-11-07 19:53:51.991890] [0x0000710f69ac5880] [info]   grid size x/y:  0.6/0.3um
[2024-11-07 19:53:51.991912] [0x0000710f69ac5880] [info]   total movable blk area: 43838
[2024-11-07 19:53:51.991999] [0x0000710f69ac5880] [info]   total white space     : 92880
[2024-11-07 19:53:51.992067] [0x0000710f69ac5880] [info]   total block area      : 43838
[2024-11-07 19:53:51.992088] [0x0000710f69ac5880] [info]   total space: 92880
[2024-11-07 19:53:51.992189] [0x0000710f69ac5880] [info]     left:   10
[2024-11-07 19:53:51.992247] [0x0000710f69ac5880] [info]     right:  225
[2024-11-07 19:53:51.992265] [0x0000710f69ac5880] [info]     bottom: 18
[2024-11-07 19:53:51.992281] [0x0000710f69ac5880] [info]     top:    450
[2024-11-07 19:53:51.992296] [0x0000710f69ac5880] [info]   average movable width/height: 4.75153/10.3709um
[2024-11-07 19:53:51.992318] [0x0000710f69ac5880] [info]   white space utility: 0.471985
[2024-11-07 19:53:51.992335] [0x0000710f69ac5880] [info]   current weighted HPWL: 1576.69um
[2024-11-07 19:53:51.992563] [0x0000710f69ac5880] [info] ------------------------------------------------------------
[2024-11-07 19:53:51.993549] [0x0000710f69ac5880] [info] Start global placement
[2024-11-07 19:53:51.993581] [0x0000710f69ac5880] [info]   target density: 0.5
[2024-11-07 19:53:51.993732] [0x0000710f69ac5880] [info]   Block location initialization:
    HPWL before, 1576.69
[2024-11-07 19:53:51.993941] [0x0000710f69ac5880] [info]     HPWL after, 74641.3
[2024-11-07 19:53:52.020697] [0x0000710f69ac5880] [info]   iter-0  : 1.2416e+03  1.4672e+04
[2024-11-07 19:53:52.037498] [0x0000710f69ac5880] [info]   iter-1  : 1.2433e+03  1.2012e+04
[2024-11-07 19:53:52.096539] [0x0000710f69ac5880] [info]   iter-2  : 1.3229e+03  1.1434e+04
[2024-11-07 19:53:52.140479] [0x0000710f69ac5880] [info]   iter-3  : 1.5903e+03  1.0576e+04
[2024-11-07 19:53:52.173520] [0x0000710f69ac5880] [info]   iter-4  : 1.9334e+03  9.9998e+03
[2024-11-07 19:53:52.200755] [0x0000710f69ac5880] [info]   iter-5  : 2.4111e+03  8.6032e+03
[2024-11-07 19:53:52.220744] [0x0000710f69ac5880] [info]   iter-6  : 2.6701e+03  7.8706e+03
[2024-11-07 19:53:52.231724] [0x0000710f69ac5880] [info]   iter-7  : 2.8138e+03  7.2584e+03
[2024-11-07 19:53:52.246188] [0x0000710f69ac5880] [info]   iter-8  : 2.8968e+03  6.7061e+03
[2024-11-07 19:53:52.272683] [0x0000710f69ac5880] [info]   iter-9  : 2.9819e+03  6.6067e+03
[2024-11-07 19:53:52.304118] [0x0000710f69ac5880] [info]   iter-10 : 3.0504e+03  6.7208e+03
[2024-11-07 19:53:52.348268] [0x0000710f69ac5880] [info]   iter-11 : 3.1506e+03  6.4695e+03
[2024-11-07 19:53:52.385495] [0x0000710f69ac5880] [info]   iter-12 : 3.2236e+03  6.5286e+03
[2024-11-07 19:53:52.424095] [0x0000710f69ac5880] [info]   iter-13 : 3.3072e+03  7.0359e+03
[2024-11-07 19:53:52.446638] [0x0000710f69ac5880] [info]   iter-14 : 3.4208e+03  6.8472e+03
[2024-11-07 19:53:52.460518] [0x0000710f69ac5880] [info]   iter-15 : 3.5796e+03  6.3761e+03
[2024-11-07 19:53:52.476473] [0x0000710f69ac5880] [info]   iter-16 : 3.6880e+03  6.1653e+03
[2024-11-07 19:53:52.491566] [0x0000710f69ac5880] [info]   iter-17 : 3.7679e+03  5.9345e+03
[2024-11-07 19:53:52.500372] [0x0000710f69ac5880] [info]   iter-18 : 3.8377e+03  5.6369e+03
[2024-11-07 19:53:52.516478] [0x0000710f69ac5880] [info]   iter-19 : 3.9164e+03  5.3136e+03
[2024-11-07 19:53:52.531755] [0x0000710f69ac5880] [info]   iter-20 : 3.9109e+03  5.5729e+03
[2024-11-07 19:53:52.547360] [0x0000710f69ac5880] [info]   iter-21 : 4.0076e+03  5.0914e+03
[2024-11-07 19:53:52.554909] [0x0000710f69ac5880] [info]   iter-22 : 4.0062e+03  5.2026e+03
[2024-11-07 19:53:52.569447] [0x0000710f69ac5880] [info]   iter-23 : 4.0234e+03  5.1481e+03
[2024-11-07 19:53:52.576618] [0x0000710f69ac5880] [info]   iter-24 : 4.0357e+03  5.4184e+03
[2024-11-07 19:53:52.585171] [0x0000710f69ac5880] [info]   iter-25 : 4.2007e+03  5.2947e+03
[2024-11-07 19:53:52.595870] [0x0000710f69ac5880] [info]   iter-26 : 4.1920e+03  5.3610e+03
[2024-11-07 19:53:52.603719] [0x0000710f69ac5880] [info]   iter-27 : 4.1977e+03  5.1283e+03
[2024-11-07 19:53:52.613812] [0x0000710f69ac5880] [info]   iter-28 : 4.2307e+03  5.1120e+03
[2024-11-07 19:53:52.624418] [0x0000710f69ac5880] [info]   iter-29 : 4.2640e+03  5.1114e+03
[2024-11-07 19:53:52.625110] [0x0000710f69ac5880] [info]   current weighted HPWL: 5111.44um
[2024-11-07 19:53:52.626366] [0x0000710f69ac5880] [info] [0;36mGlobal placement completed[0m
[2024-11-07 19:53:52.626400] [0x0000710f69ac5880] [info] (wall time: 0.633837s, cpu time: 1.198656)
[2024-11-07 19:53:52.626478] [0x0000710f69ac5880] [info] (peak memory: 5386MB,  current memory: 5383MB)
[2024-11-07 19:53:52.626521] [0x0000710f69ac5880] [info] ------------------------------------------------------------
[2024-11-07 19:53:52.626530] [0x0000710f69ac5880] [info] Start standard cluster well legalization
[2024-11-07 19:53:52.626547] [0x0000710f69ac5880] [info]   Well max plug distance: 75um, 125 
[2024-11-07 19:53:52.626561] [0x0000710f69ac5880] [info]   GridValueX: 0.6 um
[2024-11-07 19:53:52.626571] [0x0000710f69ac5880] [info]   Well spacing: 1.275um, 3
[2024-11-07 19:53:52.626691] [0x0000710f69ac5880] [info]   Well tap cell width: 2
[2024-11-07 19:53:52.626893] [0x0000710f69ac5880] [info] Max movable cell width: 17
[2024-11-07 19:53:52.626912] [0x0000710f69ac5880] [info] Using default gridded row width: 2*max_unplug_length_
[2024-11-07 19:53:52.626921] [0x0000710f69ac5880] [info]   Total number of columns: 1
[2024-11-07 19:53:52.626930] [0x0000710f69ac5880] [info]   Gridded row width: 125.4um, 209
[2024-11-07 19:53:52.627348] [0x0000710f69ac5880] [info] Maximum possible number of gridded rows in a column: 47
[2024-11-07 19:53:52.627797] [0x0000710f69ac5880] [info] Form block clustering
[2024-11-07 19:53:52.630580] [0x0000710f69ac5880] [info]   current weighted HPWL: 7211.48um
[2024-11-07 19:53:52.630729] [0x0000710f69ac5880] [info] Flip cluster orientation
[2024-11-07 19:53:52.630751] [0x0000710f69ac5880] [info]   current weighted HPWL: 7328.18um
[2024-11-07 19:53:52.630844] [0x0000710f69ac5880] [info] Perform local reordering
[2024-11-07 19:53:52.630860] [0x0000710f69ac5880] [info] reorder iteration: 0
[2024-11-07 19:53:52.641330] [0x0000710f69ac5880] [info]   current weighted HPWL: 7192.01um
[2024-11-07 19:53:52.641526] [0x0000710f69ac5880] [info] reorder iteration: 1
[2024-11-07 19:53:52.652567] [0x0000710f69ac5880] [info]   current weighted HPWL: 7083.67um
[2024-11-07 19:53:52.652720] [0x0000710f69ac5880] [info] reorder iteration: 2
[2024-11-07 19:53:52.664951] [0x0000710f69ac5880] [info]   current weighted HPWL: 7087.39um
[2024-11-07 19:53:52.665106] [0x0000710f69ac5880] [info] reorder iteration: 3
[2024-11-07 19:53:52.673809] [0x0000710f69ac5880] [info]   current weighted HPWL: 7072.27um
[2024-11-07 19:53:52.674124] [0x0000710f69ac5880] [info] reorder iteration: 4
[2024-11-07 19:53:52.686303] [0x0000710f69ac5880] [info]   current weighted HPWL: 7093.91um
[2024-11-07 19:53:52.686525] [0x0000710f69ac5880] [info] reorder iteration: 5
[2024-11-07 19:53:52.697887] [0x0000710f69ac5880] [info]   current weighted HPWL: 7110.86um
[2024-11-07 19:53:52.698125] [0x0000710f69ac5880] [info] Insert well tap cells
[2024-11-07 19:53:52.698233] [0x0000710f69ac5880] [info] Insertion complete: 46 well tap cell created
[2024-11-07 19:53:52.698528] [0x0000710f69ac5880] [info] Skip creating end cap cells
[2024-11-07 19:53:52.698554] [0x0000710f69ac5880] [info]   current weighted HPWL: 7029.64um
[2024-11-07 19:53:52.698665] [0x0000710f69ac5880] [info] [0;36mStandard Cluster Well Legalization completed[0m
[2024-11-07 19:53:52.698691] [0x0000710f69ac5880] [info] (wall time: 0.072166s, cpu time: 0.118511)
[2024-11-07 19:53:52.698760] [0x0000710f69ac5880] [info] (peak memory: 5386MB,  current memory: 5383MB)
[2024-11-07 19:53:52.698783] [0x0000710f69ac5880] [info] Writing PP and NP rect file: dali_outppnp.rect
[2024-11-07 19:53:52.699505] [0x0000710f69ac5880] [info] Writing N-well rect file: dali_outwell.rect
[2024-11-07 19:53:52.700239] [0x0000710f69ac5880] [info] Writing cluster rect file: dali_out_router.cluster
[2024-11-07 19:53:52.700512] [0x0000710f69ac5880] [info] ------------------------------------------------------------
[2024-11-07 19:53:52.700551] [0x0000710f69ac5880] [info] Start I/O Placement
[2024-11-07 19:53:52.700604] [0x0000710f69ac5880] [info] [0;36mI/O Placement complete![0m
[2024-11-07 19:53:52.700689] [0x0000710f69ac5880] [warning] IoPlace flag not specified, use --auto-place by default
[2024-11-07 19:53:52.700713] [0x0000710f69ac5880] [info] ------------------------------------------------------------
[2024-11-07 19:53:52.700729] [0x0000710f69ac5880] [info] Start I/O Placement
[2024-11-07 19:53:52.700771] [0x0000710f69ac5880] [info] [0;36mI/O Placement complete![0m
[2024-11-07 19:53:52.701197] [0x0000710f69ac5880] [info] Export Pplus/Nplus fillings to PhyDB
[2024-11-07 19:53:52.701260] [0x0000710f69ac5880] [info] Export N wells to PhyDB
