[2024-11-06 03:31:32.570744] [0x0000721a6b272880] [info] ------------------------------------------------------------
[2024-11-06 03:31:32.570925] [0x0000721a6b272880] [info] Load information from PhyDB
[2024-11-06 03:31:32.571027] [0x0000721a6b272880] [info]   placement grid not set in PhyDB
[2024-11-06 03:31:32.571046] [0x0000721a6b272880] [info]   checking sites
[2024-11-06 03:31:32.571075] [0x0000721a6b272880] [info]     width : 0.6um
[2024-11-06 03:31:32.571114] [0x0000721a6b272880] [info]     height: 0.3um
[2024-11-06 03:31:32.573477] [0x0000721a6b272880] [info] No P-well layer info provided, creating fake info
[2024-11-06 03:31:32.573697] [0x0000721a6b272880] [info] (wall time: 0.003001s, cpu time: 0.002808)
[2024-11-06 03:31:32.573752] [0x0000721a6b272880] [info] ------------------------------------------------------------
[2024-11-06 03:31:32.573768] [0x0000721a6b272880] [info] Circuit brief summary:
[2024-11-06 03:31:32.573784] [0x0000721a6b272880] [info]   movable blocks: 817
[2024-11-06 03:31:32.573803] [0x0000721a6b272880] [info]   fixed blocks:   0
[2024-11-06 03:31:32.573818] [0x0000721a6b272880] [info]   blocks:         817
[2024-11-06 03:31:32.573833] [0x0000721a6b272880] [info]   iopins:         24
[2024-11-06 03:31:32.573850] [0x0000721a6b272880] [info]   nets:           838
[2024-11-06 03:31:32.573865] [0x0000721a6b272880] [info]   grid size x/y:  0.6/0.3um
[2024-11-06 03:31:32.573883] [0x0000721a6b272880] [info]   total movable blk area: 43838
[2024-11-06 03:31:32.573901] [0x0000721a6b272880] [info]   total white space     : 92880
[2024-11-06 03:31:32.573916] [0x0000721a6b272880] [info]   total block area      : 43838
[2024-11-06 03:31:32.573931] [0x0000721a6b272880] [info]   total space: 92880
[2024-11-06 03:31:32.573952] [0x0000721a6b272880] [info]     left:   10
[2024-11-06 03:31:32.573967] [0x0000721a6b272880] [info]     right:  225
[2024-11-06 03:31:32.573982] [0x0000721a6b272880] [info]     bottom: 18
[2024-11-06 03:31:32.573997] [0x0000721a6b272880] [info]     top:    450
[2024-11-06 03:31:32.574012] [0x0000721a6b272880] [info]   average movable width/height: 4.75153/10.3709um
[2024-11-06 03:31:32.574084] [0x0000721a6b272880] [info]   white space utility: 0.471985
[2024-11-06 03:31:32.574102] [0x0000721a6b272880] [info]   current weighted HPWL: 1598.59um
[2024-11-06 03:31:32.574222] [0x0000721a6b272880] [info] ------------------------------------------------------------
[2024-11-06 03:31:32.574252] [0x0000721a6b272880] [info] Start global placement
[2024-11-06 03:31:32.574267] [0x0000721a6b272880] [info]   target density: 0.5
[2024-11-06 03:31:32.574298] [0x0000721a6b272880] [info]   Block location initialization:
    HPWL before, 1598.59
[2024-11-06 03:31:32.574418] [0x0000721a6b272880] [info]     HPWL after, 74643.3
[2024-11-06 03:31:32.585839] [0x0000721a6b272880] [info]   iter-0  : 1.2411e+03  1.4526e+04
[2024-11-06 03:31:32.594556] [0x0000721a6b272880] [info]   iter-1  : 1.2350e+03  1.2101e+04
[2024-11-06 03:31:32.612230] [0x0000721a6b272880] [info]   iter-2  : 1.3336e+03  1.1129e+04
[2024-11-06 03:31:32.637756] [0x0000721a6b272880] [info]   iter-3  : 1.6064e+03  1.0888e+04
[2024-11-06 03:31:32.655723] [0x0000721a6b272880] [info]   iter-4  : 1.9477e+03  1.0568e+04
[2024-11-06 03:31:32.677692] [0x0000721a6b272880] [info]   iter-5  : 2.3928e+03  8.9510e+03
[2024-11-06 03:31:32.695499] [0x0000721a6b272880] [info]   iter-6  : 2.6150e+03  7.8748e+03
[2024-11-06 03:31:32.705384] [0x0000721a6b272880] [info]   iter-7  : 2.7281e+03  7.4574e+03
[2024-11-06 03:31:32.714746] [0x0000721a6b272880] [info]   iter-8  : 2.8115e+03  7.0455e+03
[2024-11-06 03:31:32.728841] [0x0000721a6b272880] [info]   iter-9  : 2.8646e+03  7.1627e+03
[2024-11-06 03:31:32.741130] [0x0000721a6b272880] [info]   iter-10 : 2.9919e+03  6.7544e+03
[2024-11-06 03:31:32.756372] [0x0000721a6b272880] [info]   iter-11 : 3.0700e+03  6.7165e+03
[2024-11-06 03:31:32.762311] [0x0000721a6b272880] [info]   iter-12 : 3.1135e+03  6.7627e+03
[2024-11-06 03:31:32.780863] [0x0000721a6b272880] [info]   iter-13 : 3.2449e+03  6.3382e+03
[2024-11-06 03:31:32.793081] [0x0000721a6b272880] [info]   iter-14 : 3.3288e+03  6.3082e+03
[2024-11-06 03:31:32.805687] [0x0000721a6b272880] [info]   iter-15 : 3.5079e+03  5.8829e+03
[2024-11-06 03:31:32.818413] [0x0000721a6b272880] [info]   iter-16 : 3.5513e+03  5.7988e+03
[2024-11-06 03:31:32.829493] [0x0000721a6b272880] [info]   iter-17 : 3.6592e+03  6.0022e+03
[2024-11-06 03:31:32.841891] [0x0000721a6b272880] [info]   iter-18 : 3.8584e+03  5.6976e+03
[2024-11-06 03:31:32.863187] [0x0000721a6b272880] [info]   iter-19 : 3.8924e+03  5.5575e+03
[2024-11-06 03:31:32.877396] [0x0000721a6b272880] [info]   iter-20 : 3.9360e+03  5.4858e+03
[2024-11-06 03:31:32.900060] [0x0000721a6b272880] [info]   iter-21 : 4.0093e+03  5.3932e+03
[2024-11-06 03:31:32.911570] [0x0000721a6b272880] [info]   iter-22 : 4.0739e+03  5.2729e+03
[2024-11-06 03:31:32.929221] [0x0000721a6b272880] [info]   iter-23 : 4.1067e+03  5.4356e+03
[2024-11-06 03:31:32.944439] [0x0000721a6b272880] [info]   iter-24 : 4.1529e+03  5.1931e+03
[2024-11-06 03:31:32.962379] [0x0000721a6b272880] [info]   iter-25 : 4.1536e+03  5.2219e+03
[2024-11-06 03:31:32.970757] [0x0000721a6b272880] [info]   iter-26 : 4.2198e+03  5.1690e+03
[2024-11-06 03:31:32.984785] [0x0000721a6b272880] [info]   iter-27 : 4.2205e+03  5.1675e+03
[2024-11-06 03:31:32.992704] [0x0000721a6b272880] [info]   iter-28 : 4.2226e+03  5.2043e+03
[2024-11-06 03:31:33.004386] [0x0000721a6b272880] [info]   iter-29 : 4.2804e+03  5.1956e+03
[2024-11-06 03:31:33.019427] [0x0000721a6b272880] [info]   iter-30 : 4.3188e+03  5.1270e+03
[2024-11-06 03:31:33.033265] [0x0000721a6b272880] [info]   iter-31 : 4.3337e+03  5.0967e+03
[2024-11-06 03:31:33.055578] [0x0000721a6b272880] [info]   iter-32 : 4.3281e+03  5.0045e+03
[2024-11-06 03:31:33.065680] [0x0000721a6b272880] [info]   iter-33 : 4.3183e+03  5.2091e+03
[2024-11-06 03:31:33.084655] [0x0000721a6b272880] [info]   iter-34 : 4.4242e+03  5.1293e+03
[2024-11-06 03:31:33.092789] [0x0000721a6b272880] [info]   iter-35 : 4.4108e+03  5.1396e+03
[2024-11-06 03:31:33.098388] [0x0000721a6b272880] [info]   iter-36 : 4.3604e+03  5.1819e+03
[2024-11-06 03:31:33.113795] [0x0000721a6b272880] [info]   iter-37 : 4.4618e+03  5.1088e+03
[2024-11-06 03:31:33.122896] [0x0000721a6b272880] [info]   iter-38 : 4.4434e+03  5.0830e+03
[2024-11-06 03:31:33.133033] [0x0000721a6b272880] [info]   iter-39 : 4.4411e+03  5.0948e+03
[2024-11-06 03:31:33.140665] [0x0000721a6b272880] [info]   iter-40 : 4.4486e+03  5.1222e+03
[2024-11-06 03:31:33.161284] [0x0000721a6b272880] [info]   iter-41 : 4.4625e+03  5.1357e+03
[2024-11-06 03:31:33.188506] [0x0000721a6b272880] [info]   iter-42 : 4.5402e+03  5.1239e+03
[2024-11-06 03:31:33.188564] [0x0000721a6b272880] [info]   current weighted HPWL: 5123.91um
[2024-11-06 03:31:33.188648] [0x0000721a6b272880] [info] [0;36mGlobal placement completed[0m
[2024-11-06 03:31:33.188661] [0x0000721a6b272880] [info] (wall time: 0.614438s, cpu time: 1.400630)
[2024-11-06 03:31:33.188734] [0x0000721a6b272880] [info] (peak memory: 5396MB,  current memory: 5396MB)
[2024-11-06 03:31:33.188773] [0x0000721a6b272880] [info] ------------------------------------------------------------
[2024-11-06 03:31:33.188783] [0x0000721a6b272880] [info] Start standard cluster well legalization
[2024-11-06 03:31:33.188796] [0x0000721a6b272880] [info]   Well max plug distance: 75um, 125 
[2024-11-06 03:31:33.188809] [0x0000721a6b272880] [info]   GridValueX: 0.6 um
[2024-11-06 03:31:33.188818] [0x0000721a6b272880] [info]   Well spacing: 1.275um, 3
[2024-11-06 03:31:33.188827] [0x0000721a6b272880] [info]   Well tap cell width: 2
[2024-11-06 03:31:33.188991] [0x0000721a6b272880] [info] Max movable cell width: 17
[2024-11-06 03:31:33.189004] [0x0000721a6b272880] [info] Using default gridded row width: 2*max_unplug_length_
[2024-11-06 03:31:33.189012] [0x0000721a6b272880] [info]   Total number of columns: 1
[2024-11-06 03:31:33.189021] [0x0000721a6b272880] [info]   Gridded row width: 125.4um, 209
[2024-11-06 03:31:33.189149] [0x0000721a6b272880] [info] Maximum possible number of gridded rows in a column: 47
[2024-11-06 03:31:33.189424] [0x0000721a6b272880] [info] Form block clustering
[2024-11-06 03:31:33.190446] [0x0000721a6b272880] [info]   current weighted HPWL: 7440.34um
[2024-11-06 03:31:33.190552] [0x0000721a6b272880] [info] Flip cluster orientation
[2024-11-06 03:31:33.190564] [0x0000721a6b272880] [info]   current weighted HPWL: 7565.25um
[2024-11-06 03:31:33.190644] [0x0000721a6b272880] [info] Perform local reordering
[2024-11-06 03:31:33.190652] [0x0000721a6b272880] [info] reorder iteration: 0
[2024-11-06 03:31:33.205332] [0x0000721a6b272880] [info]   current weighted HPWL: 7345.12um
[2024-11-06 03:31:33.207286] [0x0000721a6b272880] [info] reorder iteration: 1
[2024-11-06 03:31:33.219899] [0x0000721a6b272880] [info]   current weighted HPWL: 7305.38um
[2024-11-06 03:31:33.220241] [0x0000721a6b272880] [info] reorder iteration: 2
[2024-11-06 03:31:33.229291] [0x0000721a6b272880] [info]   current weighted HPWL: 7281.97um
[2024-11-06 03:31:33.229480] [0x0000721a6b272880] [info] reorder iteration: 3
[2024-11-06 03:31:33.239039] [0x0000721a6b272880] [info]   current weighted HPWL: 7278.15um
[2024-11-06 03:31:33.239263] [0x0000721a6b272880] [info] reorder iteration: 4
[2024-11-06 03:31:33.247434] [0x0000721a6b272880] [info]   current weighted HPWL: 7266.11um
[2024-11-06 03:31:33.247604] [0x0000721a6b272880] [info] reorder iteration: 5
[2024-11-06 03:31:33.256134] [0x0000721a6b272880] [info]   current weighted HPWL: 7266.19um
[2024-11-06 03:31:33.256304] [0x0000721a6b272880] [info] Insert well tap cells
[2024-11-06 03:31:33.256390] [0x0000721a6b272880] [info] Insertion complete: 46 well tap cell created
[2024-11-06 03:31:33.256410] [0x0000721a6b272880] [info] Skip creating end cap cells
[2024-11-06 03:31:33.256426] [0x0000721a6b272880] [info]   current weighted HPWL: 7213.16um
[2024-11-06 03:31:33.256522] [0x0000721a6b272880] [info] [0;36mStandard Cluster Well Legalization completed[0m
[2024-11-06 03:31:33.256547] [0x0000721a6b272880] [info] (wall time: 0.067769s, cpu time: 0.104734)
[2024-11-06 03:31:33.256623] [0x0000721a6b272880] [info] (peak memory: 5396MB,  current memory: 5396MB)
[2024-11-06 03:31:33.256653] [0x0000721a6b272880] [info] Writing PP and NP rect file: dali_outppnp.rect
[2024-11-06 03:31:33.257208] [0x0000721a6b272880] [info] Writing N-well rect file: dali_outwell.rect
[2024-11-06 03:31:33.257359] [0x0000721a6b272880] [info] Writing cluster rect file: dali_out_router.cluster
[2024-11-06 03:31:33.257488] [0x0000721a6b272880] [info] ------------------------------------------------------------
[2024-11-06 03:31:33.257512] [0x0000721a6b272880] [info] Start I/O Placement
[2024-11-06 03:31:33.257563] [0x0000721a6b272880] [info] [0;36mI/O Placement complete![0m
[2024-11-06 03:31:33.257620] [0x0000721a6b272880] [warning] IoPlace flag not specified, use --auto-place by default
[2024-11-06 03:31:33.257641] [0x0000721a6b272880] [info] ------------------------------------------------------------
[2024-11-06 03:31:33.257657] [0x0000721a6b272880] [info] Start I/O Placement
[2024-11-06 03:31:33.257697] [0x0000721a6b272880] [info] [0;36mI/O Placement complete![0m
[2024-11-06 03:31:33.258141] [0x0000721a6b272880] [info] Export Pplus/Nplus fillings to PhyDB
[2024-11-06 03:31:33.258203] [0x0000721a6b272880] [info] Export N wells to PhyDB
