[2024-11-06 03:13:12.955161] [0x00007b1ef533b880] [info] ------------------------------------------------------------
[2024-11-06 03:13:12.955343] [0x00007b1ef533b880] [info] Load information from PhyDB
[2024-11-06 03:13:12.955358] [0x00007b1ef533b880] [info]   placement grid not set in PhyDB
[2024-11-06 03:13:12.955367] [0x00007b1ef533b880] [info]   checking sites
[2024-11-06 03:13:12.955375] [0x00007b1ef533b880] [info]     width : 0.6um
[2024-11-06 03:13:12.955397] [0x00007b1ef533b880] [info]     height: 0.3um
[2024-11-06 03:13:12.957786] [0x00007b1ef533b880] [info] No P-well layer info provided, creating fake info
[2024-11-06 03:13:12.957888] [0x00007b1ef533b880] [info] (wall time: 0.002791s, cpu time: 0.002790)
[2024-11-06 03:13:12.957902] [0x00007b1ef533b880] [info] ------------------------------------------------------------
[2024-11-06 03:13:12.957911] [0x00007b1ef533b880] [info] Circuit brief summary:
[2024-11-06 03:13:12.957919] [0x00007b1ef533b880] [info]   movable blocks: 817
[2024-11-06 03:13:12.957932] [0x00007b1ef533b880] [info]   fixed blocks:   0
[2024-11-06 03:13:12.957940] [0x00007b1ef533b880] [info]   blocks:         817
[2024-11-06 03:13:12.957949] [0x00007b1ef533b880] [info]   iopins:         24
[2024-11-06 03:13:12.957958] [0x00007b1ef533b880] [info]   nets:           838
[2024-11-06 03:13:12.957966] [0x00007b1ef533b880] [info]   grid size x/y:  0.6/0.3um
[2024-11-06 03:13:12.957978] [0x00007b1ef533b880] [info]   total movable blk area: 43838
[2024-11-06 03:13:12.957988] [0x00007b1ef533b880] [info]   total white space     : 92880
[2024-11-06 03:13:12.958056] [0x00007b1ef533b880] [info]   total block area      : 43838
[2024-11-06 03:13:12.958072] [0x00007b1ef533b880] [info]   total space: 92880
[2024-11-06 03:13:12.958087] [0x00007b1ef533b880] [info]     left:   10
[2024-11-06 03:13:12.958095] [0x00007b1ef533b880] [info]     right:  225
[2024-11-06 03:13:12.958103] [0x00007b1ef533b880] [info]     bottom: 18
[2024-11-06 03:13:12.958111] [0x00007b1ef533b880] [info]     top:    450
[2024-11-06 03:13:12.958134] [0x00007b1ef533b880] [info]   average movable width/height: 4.75153/10.3709um
[2024-11-06 03:13:12.958160] [0x00007b1ef533b880] [info]   white space utility: 0.471985
[2024-11-06 03:13:12.958178] [0x00007b1ef533b880] [info]   current weighted HPWL: 1598.59um
[2024-11-06 03:13:12.958285] [0x00007b1ef533b880] [info] ------------------------------------------------------------
[2024-11-06 03:13:12.958302] [0x00007b1ef533b880] [info] Start global placement
[2024-11-06 03:13:12.958319] [0x00007b1ef533b880] [info]   target density: 0.5
[2024-11-06 03:13:12.958344] [0x00007b1ef533b880] [info]   Block location initialization:
    HPWL before, 1598.59
[2024-11-06 03:13:12.958486] [0x00007b1ef533b880] [info]     HPWL after, 74643.3
[2024-11-06 03:13:12.967782] [0x00007b1ef533b880] [info]   iter-0  : 1.2411e+03  1.4526e+04
[2024-11-06 03:13:12.978658] [0x00007b1ef533b880] [info]   iter-1  : 1.2350e+03  1.2101e+04
[2024-11-06 03:13:12.992540] [0x00007b1ef533b880] [info]   iter-2  : 1.3336e+03  1.1129e+04
[2024-11-06 03:13:13.008045] [0x00007b1ef533b880] [info]   iter-3  : 1.6064e+03  1.0888e+04
[2024-11-06 03:13:13.040913] [0x00007b1ef533b880] [info]   iter-4  : 1.9477e+03  1.0568e+04
[2024-11-06 03:13:13.058848] [0x00007b1ef533b880] [info]   iter-5  : 2.3928e+03  8.9510e+03
[2024-11-06 03:13:13.070641] [0x00007b1ef533b880] [info]   iter-6  : 2.6150e+03  7.8748e+03
[2024-11-06 03:13:13.083463] [0x00007b1ef533b880] [info]   iter-7  : 2.7281e+03  7.4574e+03
[2024-11-06 03:13:13.095920] [0x00007b1ef533b880] [info]   iter-8  : 2.8115e+03  7.0455e+03
[2024-11-06 03:13:13.102276] [0x00007b1ef533b880] [info]   iter-9  : 2.8646e+03  7.1627e+03
[2024-11-06 03:13:13.109296] [0x00007b1ef533b880] [info]   iter-10 : 2.9919e+03  6.7544e+03
[2024-11-06 03:13:13.130263] [0x00007b1ef533b880] [info]   iter-11 : 3.0700e+03  6.7165e+03
[2024-11-06 03:13:13.136621] [0x00007b1ef533b880] [info]   iter-12 : 3.1135e+03  6.7627e+03
[2024-11-06 03:13:13.149999] [0x00007b1ef533b880] [info]   iter-13 : 3.2449e+03  6.3382e+03
[2024-11-06 03:13:13.163000] [0x00007b1ef533b880] [info]   iter-14 : 3.3288e+03  6.3082e+03
[2024-11-06 03:13:13.175475] [0x00007b1ef533b880] [info]   iter-15 : 3.5079e+03  5.8829e+03
[2024-11-06 03:13:13.181607] [0x00007b1ef533b880] [info]   iter-16 : 3.5513e+03  5.7988e+03
[2024-11-06 03:13:13.189528] [0x00007b1ef533b880] [info]   iter-17 : 3.6592e+03  6.0022e+03
[2024-11-06 03:13:13.200119] [0x00007b1ef533b880] [info]   iter-18 : 3.8584e+03  5.6976e+03
[2024-11-06 03:13:13.215743] [0x00007b1ef533b880] [info]   iter-19 : 3.8924e+03  5.5575e+03
[2024-11-06 03:13:13.243696] [0x00007b1ef533b880] [info]   iter-20 : 3.9360e+03  5.4858e+03
[2024-11-06 03:13:13.249686] [0x00007b1ef533b880] [info]   iter-21 : 4.0093e+03  5.3932e+03
[2024-11-06 03:13:13.265804] [0x00007b1ef533b880] [info]   iter-22 : 4.0739e+03  5.2729e+03
[2024-11-06 03:13:13.278898] [0x00007b1ef533b880] [info]   iter-23 : 4.1067e+03  5.4356e+03
[2024-11-06 03:13:13.291779] [0x00007b1ef533b880] [info]   iter-24 : 4.1529e+03  5.1931e+03
[2024-11-06 03:13:13.306807] [0x00007b1ef533b880] [info]   iter-25 : 4.1536e+03  5.2219e+03
[2024-11-06 03:13:13.316770] [0x00007b1ef533b880] [info]   iter-26 : 4.2198e+03  5.1690e+03
[2024-11-06 03:13:13.324429] [0x00007b1ef533b880] [info]   iter-27 : 4.2205e+03  5.1675e+03
[2024-11-06 03:13:13.340535] [0x00007b1ef533b880] [info]   iter-28 : 4.2226e+03  5.2043e+03
[2024-11-06 03:13:13.357538] [0x00007b1ef533b880] [info]   iter-29 : 4.2804e+03  5.1956e+03
[2024-11-06 03:13:13.364173] [0x00007b1ef533b880] [info]   iter-30 : 4.3188e+03  5.1270e+03
[2024-11-06 03:13:13.370550] [0x00007b1ef533b880] [info]   iter-31 : 4.3337e+03  5.0967e+03
[2024-11-06 03:13:13.383242] [0x00007b1ef533b880] [info]   iter-32 : 4.3281e+03  5.0045e+03
[2024-11-06 03:13:13.406661] [0x00007b1ef533b880] [info]   iter-33 : 4.3183e+03  5.2091e+03
[2024-11-06 03:13:13.433499] [0x00007b1ef533b880] [info]   iter-34 : 4.4242e+03  5.1293e+03
[2024-11-06 03:13:13.457797] [0x00007b1ef533b880] [info]   iter-35 : 4.4108e+03  5.1396e+03
[2024-11-06 03:13:13.475132] [0x00007b1ef533b880] [info]   iter-36 : 4.3604e+03  5.1819e+03
[2024-11-06 03:13:13.489473] [0x00007b1ef533b880] [info]   iter-37 : 4.4618e+03  5.1088e+03
[2024-11-06 03:13:13.496148] [0x00007b1ef533b880] [info]   iter-38 : 4.4434e+03  5.0830e+03
[2024-11-06 03:13:13.512894] [0x00007b1ef533b880] [info]   iter-39 : 4.4411e+03  5.0948e+03
[2024-11-06 03:13:13.532835] [0x00007b1ef533b880] [info]   iter-40 : 4.4486e+03  5.1222e+03
[2024-11-06 03:13:13.544616] [0x00007b1ef533b880] [info]   iter-41 : 4.4625e+03  5.1357e+03
[2024-11-06 03:13:13.555765] [0x00007b1ef533b880] [info]   iter-42 : 4.5402e+03  5.1239e+03
[2024-11-06 03:13:13.556144] [0x00007b1ef533b880] [info]   current weighted HPWL: 5123.91um
[2024-11-06 03:13:13.556401] [0x00007b1ef533b880] [info] [0;36mGlobal placement completed[0m
[2024-11-06 03:13:13.556516] [0x00007b1ef533b880] [info] (wall time: 0.598227s, cpu time: 1.313237)
[2024-11-06 03:13:13.556599] [0x00007b1ef533b880] [info] (peak memory: 5396MB,  current memory: 5396MB)
[2024-11-06 03:13:13.556719] [0x00007b1ef533b880] [info] ------------------------------------------------------------
[2024-11-06 03:13:13.556800] [0x00007b1ef533b880] [info] Start standard cluster well legalization
[2024-11-06 03:13:13.556829] [0x00007b1ef533b880] [info]   Well max plug distance: 75um, 125 
[2024-11-06 03:13:13.556908] [0x00007b1ef533b880] [info]   GridValueX: 0.6 um
[2024-11-06 03:13:13.557050] [0x00007b1ef533b880] [info]   Well spacing: 1.275um, 3
[2024-11-06 03:13:13.557127] [0x00007b1ef533b880] [info]   Well tap cell width: 2
[2024-11-06 03:13:13.557304] [0x00007b1ef533b880] [info] Max movable cell width: 17
[2024-11-06 03:13:13.557416] [0x00007b1ef533b880] [info] Using default gridded row width: 2*max_unplug_length_
[2024-11-06 03:13:13.557529] [0x00007b1ef533b880] [info]   Total number of columns: 1
[2024-11-06 03:13:13.557554] [0x00007b1ef533b880] [info]   Gridded row width: 125.4um, 209
[2024-11-06 03:13:13.557710] [0x00007b1ef533b880] [info] Maximum possible number of gridded rows in a column: 47
[2024-11-06 03:13:13.559111] [0x00007b1ef533b880] [info] Form block clustering
[2024-11-06 03:13:13.560224] [0x00007b1ef533b880] [info]   current weighted HPWL: 7440.34um
[2024-11-06 03:13:13.560568] [0x00007b1ef533b880] [info] Flip cluster orientation
[2024-11-06 03:13:13.560699] [0x00007b1ef533b880] [info]   current weighted HPWL: 7565.25um
[2024-11-06 03:13:13.560895] [0x00007b1ef533b880] [info] Perform local reordering
[2024-11-06 03:13:13.561004] [0x00007b1ef533b880] [info] reorder iteration: 0
[2024-11-06 03:13:13.578844] [0x00007b1ef533b880] [info]   current weighted HPWL: 7345.12um
[2024-11-06 03:13:13.579881] [0x00007b1ef533b880] [info] reorder iteration: 1
[2024-11-06 03:13:13.588741] [0x00007b1ef533b880] [info]   current weighted HPWL: 7305.38um
[2024-11-06 03:13:13.589201] [0x00007b1ef533b880] [info] reorder iteration: 2
[2024-11-06 03:13:13.602001] [0x00007b1ef533b880] [info]   current weighted HPWL: 7281.97um
[2024-11-06 03:13:13.602246] [0x00007b1ef533b880] [info] reorder iteration: 3
[2024-11-06 03:13:13.610595] [0x00007b1ef533b880] [info]   current weighted HPWL: 7278.15um
[2024-11-06 03:13:13.610771] [0x00007b1ef533b880] [info] reorder iteration: 4
[2024-11-06 03:13:13.618691] [0x00007b1ef533b880] [info]   current weighted HPWL: 7266.11um
[2024-11-06 03:13:13.618869] [0x00007b1ef533b880] [info] reorder iteration: 5
[2024-11-06 03:13:13.626816] [0x00007b1ef533b880] [info]   current weighted HPWL: 7266.19um
[2024-11-06 03:13:13.627121] [0x00007b1ef533b880] [info] Insert well tap cells
[2024-11-06 03:13:13.627207] [0x00007b1ef533b880] [info] Insertion complete: 46 well tap cell created
[2024-11-06 03:13:13.627227] [0x00007b1ef533b880] [info] Skip creating end cap cells
[2024-11-06 03:13:13.627244] [0x00007b1ef533b880] [info]   current weighted HPWL: 7213.16um
[2024-11-06 03:13:13.627389] [0x00007b1ef533b880] [info] [0;36mStandard Cluster Well Legalization completed[0m
[2024-11-06 03:13:13.627424] [0x00007b1ef533b880] [info] (wall time: 0.070701s, cpu time: 0.113317)
[2024-11-06 03:13:13.627497] [0x00007b1ef533b880] [info] (peak memory: 5396MB,  current memory: 5396MB)
[2024-11-06 03:13:13.627528] [0x00007b1ef533b880] [info] Writing PP and NP rect file: dali_outppnp.rect
[2024-11-06 03:13:13.628110] [0x00007b1ef533b880] [info] Writing N-well rect file: dali_outwell.rect
[2024-11-06 03:13:13.628376] [0x00007b1ef533b880] [info] Writing cluster rect file: dali_out_router.cluster
[2024-11-06 03:13:13.628594] [0x00007b1ef533b880] [info] ------------------------------------------------------------
[2024-11-06 03:13:13.628629] [0x00007b1ef533b880] [info] Start I/O Placement
[2024-11-06 03:13:13.628683] [0x00007b1ef533b880] [info] [0;36mI/O Placement complete![0m
[2024-11-06 03:13:13.628751] [0x00007b1ef533b880] [warning] IoPlace flag not specified, use --auto-place by default
[2024-11-06 03:13:13.628772] [0x00007b1ef533b880] [info] ------------------------------------------------------------
[2024-11-06 03:13:13.628788] [0x00007b1ef533b880] [info] Start I/O Placement
[2024-11-06 03:13:13.628830] [0x00007b1ef533b880] [info] [0;36mI/O Placement complete![0m
[2024-11-06 03:13:13.629321] [0x00007b1ef533b880] [info] Export Pplus/Nplus fillings to PhyDB
[2024-11-06 03:13:13.629394] [0x00007b1ef533b880] [info] Export N wells to PhyDB
