[2024-11-06 03:54:02.096798] [0x00007aaa06477880] [info] ------------------------------------------------------------
[2024-11-06 03:54:02.097080] [0x00007aaa06477880] [info] Load information from PhyDB
[2024-11-06 03:54:02.097108] [0x00007aaa06477880] [info]   placement grid not set in PhyDB
[2024-11-06 03:54:02.097125] [0x00007aaa06477880] [info]   checking sites
[2024-11-06 03:54:02.097145] [0x00007aaa06477880] [info]     width : 0.6um
[2024-11-06 03:54:02.097176] [0x00007aaa06477880] [info]     height: 0.3um
[2024-11-06 03:54:02.099686] [0x00007aaa06477880] [info] No P-well layer info provided, creating fake info
[2024-11-06 03:54:02.099818] [0x00007aaa06477880] [info] (wall time: 0.004880s, cpu time: 0.003371)
[2024-11-06 03:54:02.099841] [0x00007aaa06477880] [info] ------------------------------------------------------------
[2024-11-06 03:54:02.099857] [0x00007aaa06477880] [info] Circuit brief summary:
[2024-11-06 03:54:02.099873] [0x00007aaa06477880] [info]   movable blocks: 817
[2024-11-06 03:54:02.099897] [0x00007aaa06477880] [info]   fixed blocks:   0
[2024-11-06 03:54:02.099913] [0x00007aaa06477880] [info]   blocks:         817
[2024-11-06 03:54:02.099983] [0x00007aaa06477880] [info]   iopins:         24
[2024-11-06 03:54:02.100008] [0x00007aaa06477880] [info]   nets:           838
[2024-11-06 03:54:02.100031] [0x00007aaa06477880] [info]   grid size x/y:  0.6/0.3um
[2024-11-06 03:54:02.100052] [0x00007aaa06477880] [info]   total movable blk area: 43838
[2024-11-06 03:54:02.100070] [0x00007aaa06477880] [info]   total white space     : 92880
[2024-11-06 03:54:02.100086] [0x00007aaa06477880] [info]   total block area      : 43838
[2024-11-06 03:54:02.100102] [0x00007aaa06477880] [info]   total space: 92880
[2024-11-06 03:54:02.100141] [0x00007aaa06477880] [info]     left:   10
[2024-11-06 03:54:02.100158] [0x00007aaa06477880] [info]     right:  225
[2024-11-06 03:54:02.100180] [0x00007aaa06477880] [info]     bottom: 18
[2024-11-06 03:54:02.100196] [0x00007aaa06477880] [info]     top:    450
[2024-11-06 03:54:02.100212] [0x00007aaa06477880] [info]   average movable width/height: 4.75153/10.3709um
[2024-11-06 03:54:02.100237] [0x00007aaa06477880] [info]   white space utility: 0.471985
[2024-11-06 03:54:02.100255] [0x00007aaa06477880] [info]   current weighted HPWL: 1598.59um
[2024-11-06 03:54:02.100367] [0x00007aaa06477880] [info] ------------------------------------------------------------
[2024-11-06 03:54:02.100385] [0x00007aaa06477880] [info] Start global placement
[2024-11-06 03:54:02.100401] [0x00007aaa06477880] [info]   target density: 0.5
[2024-11-06 03:54:02.100426] [0x00007aaa06477880] [info]   Block location initialization:
    HPWL before, 1598.59
[2024-11-06 03:54:02.100540] [0x00007aaa06477880] [info]     HPWL after, 74643.3
[2024-11-06 03:54:02.111486] [0x00007aaa06477880] [info]   iter-0  : 1.2411e+03  1.4526e+04
[2024-11-06 03:54:02.127306] [0x00007aaa06477880] [info]   iter-1  : 1.2350e+03  1.2101e+04
[2024-11-06 03:54:02.162231] [0x00007aaa06477880] [info]   iter-2  : 1.3336e+03  1.1129e+04
[2024-11-06 03:54:02.180059] [0x00007aaa06477880] [info]   iter-3  : 1.6064e+03  1.0888e+04
[2024-11-06 03:54:02.196833] [0x00007aaa06477880] [info]   iter-4  : 1.9477e+03  1.0568e+04
[2024-11-06 03:54:02.214595] [0x00007aaa06477880] [info]   iter-5  : 2.3928e+03  8.9510e+03
[2024-11-06 03:54:02.225925] [0x00007aaa06477880] [info]   iter-6  : 2.6150e+03  7.8748e+03
[2024-11-06 03:54:02.235147] [0x00007aaa06477880] [info]   iter-7  : 2.7281e+03  7.4574e+03
[2024-11-06 03:54:02.254023] [0x00007aaa06477880] [info]   iter-8  : 2.8115e+03  7.0455e+03
[2024-11-06 03:54:02.268781] [0x00007aaa06477880] [info]   iter-9  : 2.8646e+03  7.1627e+03
[2024-11-06 03:54:02.287526] [0x00007aaa06477880] [info]   iter-10 : 2.9919e+03  6.7544e+03
[2024-11-06 03:54:02.313899] [0x00007aaa06477880] [info]   iter-11 : 3.0700e+03  6.7165e+03
[2024-11-06 03:54:02.322764] [0x00007aaa06477880] [info]   iter-12 : 3.1135e+03  6.7627e+03
[2024-11-06 03:54:02.334836] [0x00007aaa06477880] [info]   iter-13 : 3.2449e+03  6.3382e+03
[2024-11-06 03:54:02.345758] [0x00007aaa06477880] [info]   iter-14 : 3.3288e+03  6.3082e+03
[2024-11-06 03:54:02.359177] [0x00007aaa06477880] [info]   iter-15 : 3.5079e+03  5.8829e+03
[2024-11-06 03:54:02.376773] [0x00007aaa06477880] [info]   iter-16 : 3.5513e+03  5.7988e+03
[2024-11-06 03:54:02.387655] [0x00007aaa06477880] [info]   iter-17 : 3.6592e+03  6.0022e+03
[2024-11-06 03:54:02.405770] [0x00007aaa06477880] [info]   iter-18 : 3.8584e+03  5.6976e+03
[2024-11-06 03:54:02.420357] [0x00007aaa06477880] [info]   iter-19 : 3.8924e+03  5.5575e+03
[2024-11-06 03:54:02.435526] [0x00007aaa06477880] [info]   iter-20 : 3.9360e+03  5.4858e+03
[2024-11-06 03:54:02.454451] [0x00007aaa06477880] [info]   iter-21 : 4.0093e+03  5.3932e+03
[2024-11-06 03:54:02.476397] [0x00007aaa06477880] [info]   iter-22 : 4.0739e+03  5.2729e+03
[2024-11-06 03:54:02.483849] [0x00007aaa06477880] [info]   iter-23 : 4.1067e+03  5.4356e+03
[2024-11-06 03:54:02.493058] [0x00007aaa06477880] [info]   iter-24 : 4.1529e+03  5.1931e+03
[2024-11-06 03:54:02.502057] [0x00007aaa06477880] [info]   iter-25 : 4.1536e+03  5.2219e+03
[2024-11-06 03:54:02.517620] [0x00007aaa06477880] [info]   iter-26 : 4.2198e+03  5.1690e+03
[2024-11-06 03:54:02.524336] [0x00007aaa06477880] [info]   iter-27 : 4.2205e+03  5.1675e+03
[2024-11-06 03:54:02.534605] [0x00007aaa06477880] [info]   iter-28 : 4.2226e+03  5.2043e+03
[2024-11-06 03:54:02.544834] [0x00007aaa06477880] [info]   iter-29 : 4.2804e+03  5.1956e+03
[2024-11-06 03:54:02.557330] [0x00007aaa06477880] [info]   iter-30 : 4.3188e+03  5.1270e+03
[2024-11-06 03:54:02.563884] [0x00007aaa06477880] [info]   iter-31 : 4.3337e+03  5.0967e+03
[2024-11-06 03:54:02.577309] [0x00007aaa06477880] [info]   iter-32 : 4.3281e+03  5.0045e+03
[2024-11-06 03:54:02.607603] [0x00007aaa06477880] [info]   iter-33 : 4.3183e+03  5.2091e+03
[2024-11-06 03:54:02.621122] [0x00007aaa06477880] [info]   iter-34 : 4.4242e+03  5.1293e+03
[2024-11-06 03:54:02.651345] [0x00007aaa06477880] [info]   iter-35 : 4.4108e+03  5.1396e+03
[2024-11-06 03:54:02.674394] [0x00007aaa06477880] [info]   iter-36 : 4.3604e+03  5.1819e+03
[2024-11-06 03:54:02.700673] [0x00007aaa06477880] [info]   iter-37 : 4.4618e+03  5.1088e+03
[2024-11-06 03:54:02.726309] [0x00007aaa06477880] [info]   iter-38 : 4.4434e+03  5.0830e+03
[2024-11-06 03:54:02.743237] [0x00007aaa06477880] [info]   iter-39 : 4.4411e+03  5.0948e+03
[2024-11-06 03:54:02.750899] [0x00007aaa06477880] [info]   iter-40 : 4.4486e+03  5.1222e+03
[2024-11-06 03:54:02.776883] [0x00007aaa06477880] [info]   iter-41 : 4.4625e+03  5.1357e+03
[2024-11-06 03:54:02.801415] [0x00007aaa06477880] [info]   iter-42 : 4.5402e+03  5.1239e+03
[2024-11-06 03:54:02.801653] [0x00007aaa06477880] [info]   current weighted HPWL: 5123.91um
[2024-11-06 03:54:02.802446] [0x00007aaa06477880] [info] [0;36mGlobal placement completed[0m
[2024-11-06 03:54:02.802596] [0x00007aaa06477880] [info] (wall time: 0.702221s, cpu time: 1.693251)
[2024-11-06 03:54:02.802889] [0x00007aaa06477880] [info] (peak memory: 5396MB,  current memory: 5396MB)
[2024-11-06 03:54:02.803129] [0x00007aaa06477880] [info] ------------------------------------------------------------
[2024-11-06 03:54:02.803165] [0x00007aaa06477880] [info] Start standard cluster well legalization
[2024-11-06 03:54:02.803188] [0x00007aaa06477880] [info]   Well max plug distance: 75um, 125 
[2024-11-06 03:54:02.803203] [0x00007aaa06477880] [info]   GridValueX: 0.6 um
[2024-11-06 03:54:02.803214] [0x00007aaa06477880] [info]   Well spacing: 1.275um, 3
[2024-11-06 03:54:02.803223] [0x00007aaa06477880] [info]   Well tap cell width: 2
[2024-11-06 03:54:02.803382] [0x00007aaa06477880] [info] Max movable cell width: 17
[2024-11-06 03:54:02.803394] [0x00007aaa06477880] [info] Using default gridded row width: 2*max_unplug_length_
[2024-11-06 03:54:02.803402] [0x00007aaa06477880] [info]   Total number of columns: 1
[2024-11-06 03:54:02.803411] [0x00007aaa06477880] [info]   Gridded row width: 125.4um, 209
[2024-11-06 03:54:02.803497] [0x00007aaa06477880] [info] Maximum possible number of gridded rows in a column: 47
[2024-11-06 03:54:02.803696] [0x00007aaa06477880] [info] Form block clustering
[2024-11-06 03:54:02.805502] [0x00007aaa06477880] [info]   current weighted HPWL: 7440.34um
[2024-11-06 03:54:02.805737] [0x00007aaa06477880] [info] Flip cluster orientation
[2024-11-06 03:54:02.805818] [0x00007aaa06477880] [info]   current weighted HPWL: 7565.25um
[2024-11-06 03:54:02.805978] [0x00007aaa06477880] [info] Perform local reordering
[2024-11-06 03:54:02.806236] [0x00007aaa06477880] [info] reorder iteration: 0
[2024-11-06 03:54:02.829167] [0x00007aaa06477880] [info]   current weighted HPWL: 7345.12um
[2024-11-06 03:54:02.830056] [0x00007aaa06477880] [info] reorder iteration: 1
[2024-11-06 03:54:02.845918] [0x00007aaa06477880] [info]   current weighted HPWL: 7305.38um
[2024-11-06 03:54:02.846305] [0x00007aaa06477880] [info] reorder iteration: 2
[2024-11-06 03:54:02.855317] [0x00007aaa06477880] [info]   current weighted HPWL: 7281.97um
[2024-11-06 03:54:02.855469] [0x00007aaa06477880] [info] reorder iteration: 3
[2024-11-06 03:54:02.868268] [0x00007aaa06477880] [info]   current weighted HPWL: 7278.15um
[2024-11-06 03:54:02.868891] [0x00007aaa06477880] [info] reorder iteration: 4
[2024-11-06 03:54:02.878414] [0x00007aaa06477880] [info]   current weighted HPWL: 7266.11um
[2024-11-06 03:54:02.879467] [0x00007aaa06477880] [info] reorder iteration: 5
[2024-11-06 03:54:02.890617] [0x00007aaa06477880] [info]   current weighted HPWL: 7266.19um
[2024-11-06 03:54:02.893653] [0x00007aaa06477880] [info] Insert well tap cells
[2024-11-06 03:54:02.893785] [0x00007aaa06477880] [info] Insertion complete: 46 well tap cell created
[2024-11-06 03:54:02.893806] [0x00007aaa06477880] [info] Skip creating end cap cells
[2024-11-06 03:54:02.893816] [0x00007aaa06477880] [info]   current weighted HPWL: 7213.16um
[2024-11-06 03:54:02.893918] [0x00007aaa06477880] [info] [0;36mStandard Cluster Well Legalization completed[0m
[2024-11-06 03:54:02.893980] [0x00007aaa06477880] [info] (wall time: 0.090848s, cpu time: 0.108160)
[2024-11-06 03:54:02.894071] [0x00007aaa06477880] [info] (peak memory: 5396MB,  current memory: 5396MB)
[2024-11-06 03:54:02.894090] [0x00007aaa06477880] [info] Writing PP and NP rect file: dali_outppnp.rect
[2024-11-06 03:54:02.895559] [0x00007aaa06477880] [info] Writing N-well rect file: dali_outwell.rect
[2024-11-06 03:54:02.896047] [0x00007aaa06477880] [info] Writing cluster rect file: dali_out_router.cluster
[2024-11-06 03:54:02.896267] [0x00007aaa06477880] [info] ------------------------------------------------------------
[2024-11-06 03:54:02.896338] [0x00007aaa06477880] [info] Start I/O Placement
[2024-11-06 03:54:02.896390] [0x00007aaa06477880] [info] [0;36mI/O Placement complete![0m
[2024-11-06 03:54:02.896445] [0x00007aaa06477880] [warning] IoPlace flag not specified, use --auto-place by default
[2024-11-06 03:54:02.896467] [0x00007aaa06477880] [info] ------------------------------------------------------------
[2024-11-06 03:54:02.896484] [0x00007aaa06477880] [info] Start I/O Placement
[2024-11-06 03:54:02.896524] [0x00007aaa06477880] [info] [0;36mI/O Placement complete![0m
[2024-11-06 03:54:02.896874] [0x00007aaa06477880] [info] Export Pplus/Nplus fillings to PhyDB
[2024-11-06 03:54:02.897019] [0x00007aaa06477880] [info] Export N wells to PhyDB
