[2024-11-06 15:29:34.411788] [0x00007a61fd94a880] [info] ------------------------------------------------------------
[2024-11-06 15:29:34.412045] [0x00007a61fd94a880] [info] Load information from PhyDB
[2024-11-06 15:29:34.412064] [0x00007a61fd94a880] [info]   placement grid not set in PhyDB
[2024-11-06 15:29:34.412086] [0x00007a61fd94a880] [info]   checking sites
[2024-11-06 15:29:34.412094] [0x00007a61fd94a880] [info]     width : 0.6um
[2024-11-06 15:29:34.412120] [0x00007a61fd94a880] [info]     height: 0.3um
[2024-11-06 15:29:34.414457] [0x00007a61fd94a880] [info] No P-well layer info provided, creating fake info
[2024-11-06 15:29:34.414533] [0x00007a61fd94a880] [info] (wall time: 0.002836s, cpu time: 0.002813)
[2024-11-06 15:29:34.414544] [0x00007a61fd94a880] [info] ------------------------------------------------------------
[2024-11-06 15:29:34.414552] [0x00007a61fd94a880] [info] Circuit brief summary:
[2024-11-06 15:29:34.414560] [0x00007a61fd94a880] [info]   movable blocks: 817
[2024-11-06 15:29:34.414573] [0x00007a61fd94a880] [info]   fixed blocks:   0
[2024-11-06 15:29:34.414581] [0x00007a61fd94a880] [info]   blocks:         817
[2024-11-06 15:29:34.414589] [0x00007a61fd94a880] [info]   iopins:         24
[2024-11-06 15:29:34.414598] [0x00007a61fd94a880] [info]   nets:           838
[2024-11-06 15:29:34.414606] [0x00007a61fd94a880] [info]   grid size x/y:  0.6/0.3um
[2024-11-06 15:29:34.414617] [0x00007a61fd94a880] [info]   total movable blk area: 43838
[2024-11-06 15:29:34.414627] [0x00007a61fd94a880] [info]   total white space     : 92880
[2024-11-06 15:29:34.414639] [0x00007a61fd94a880] [info]   total block area      : 43838
[2024-11-06 15:29:34.414647] [0x00007a61fd94a880] [info]   total space: 92880
[2024-11-06 15:29:34.414660] [0x00007a61fd94a880] [info]     left:   10
[2024-11-06 15:29:34.414668] [0x00007a61fd94a880] [info]     right:  225
[2024-11-06 15:29:34.414676] [0x00007a61fd94a880] [info]     bottom: 18
[2024-11-06 15:29:34.414683] [0x00007a61fd94a880] [info]     top:    450
[2024-11-06 15:29:34.414691] [0x00007a61fd94a880] [info]   average movable width/height: 4.75153/10.3709um
[2024-11-06 15:29:34.414702] [0x00007a61fd94a880] [info]   white space utility: 0.471985
[2024-11-06 15:29:34.414711] [0x00007a61fd94a880] [info]   current weighted HPWL: 1576.69um
[2024-11-06 15:29:34.414862] [0x00007a61fd94a880] [info] ------------------------------------------------------------
[2024-11-06 15:29:34.414871] [0x00007a61fd94a880] [info] Start global placement
[2024-11-06 15:29:34.414880] [0x00007a61fd94a880] [info]   target density: 0.5
[2024-11-06 15:29:34.414895] [0x00007a61fd94a880] [info]   Block location initialization:
    HPWL before, 1576.69
[2024-11-06 15:29:34.414983] [0x00007a61fd94a880] [info]     HPWL after, 74641.3
[2024-11-06 15:29:34.433819] [0x00007a61fd94a880] [info]   iter-0  : 1.2416e+03  1.4672e+04
[2024-11-06 15:29:34.448075] [0x00007a61fd94a880] [info]   iter-1  : 1.2433e+03  1.2012e+04
[2024-11-06 15:29:34.470498] [0x00007a61fd94a880] [info]   iter-2  : 1.3229e+03  1.1434e+04
[2024-11-06 15:29:34.498649] [0x00007a61fd94a880] [info]   iter-3  : 1.5903e+03  1.0576e+04
[2024-11-06 15:29:34.536685] [0x00007a61fd94a880] [info]   iter-4  : 1.9334e+03  9.9998e+03
[2024-11-06 15:29:34.564928] [0x00007a61fd94a880] [info]   iter-5  : 2.4111e+03  8.6032e+03
[2024-11-06 15:29:34.592679] [0x00007a61fd94a880] [info]   iter-6  : 2.6701e+03  7.8706e+03
[2024-11-06 15:29:34.612412] [0x00007a61fd94a880] [info]   iter-7  : 2.8138e+03  7.2584e+03
[2024-11-06 15:29:34.623500] [0x00007a61fd94a880] [info]   iter-8  : 2.8968e+03  6.7061e+03
[2024-11-06 15:29:34.636896] [0x00007a61fd94a880] [info]   iter-9  : 2.9819e+03  6.6067e+03
[2024-11-06 15:29:34.652230] [0x00007a61fd94a880] [info]   iter-10 : 3.0504e+03  6.7208e+03
[2024-11-06 15:29:34.657964] [0x00007a61fd94a880] [info]   iter-11 : 3.1506e+03  6.4695e+03
[2024-11-06 15:29:34.665440] [0x00007a61fd94a880] [info]   iter-12 : 3.2236e+03  6.5286e+03
[2024-11-06 15:29:34.675665] [0x00007a61fd94a880] [info]   iter-13 : 3.3072e+03  7.0359e+03
[2024-11-06 15:29:34.685646] [0x00007a61fd94a880] [info]   iter-14 : 3.4208e+03  6.8472e+03
[2024-11-06 15:29:34.696914] [0x00007a61fd94a880] [info]   iter-15 : 3.5796e+03  6.3761e+03
[2024-11-06 15:29:34.702255] [0x00007a61fd94a880] [info]   iter-16 : 3.6880e+03  6.1653e+03
[2024-11-06 15:29:34.715014] [0x00007a61fd94a880] [info]   iter-17 : 3.7679e+03  5.9345e+03
[2024-11-06 15:29:34.720260] [0x00007a61fd94a880] [info]   iter-18 : 3.8377e+03  5.6369e+03
[2024-11-06 15:29:34.727914] [0x00007a61fd94a880] [info]   iter-19 : 3.9164e+03  5.3136e+03
[2024-11-06 15:29:34.741611] [0x00007a61fd94a880] [info]   iter-20 : 3.9109e+03  5.5729e+03
[2024-11-06 15:29:34.755337] [0x00007a61fd94a880] [info]   iter-21 : 4.0076e+03  5.0914e+03
[2024-11-06 15:29:34.765209] [0x00007a61fd94a880] [info]   iter-22 : 4.0062e+03  5.2026e+03
[2024-11-06 15:29:34.769573] [0x00007a61fd94a880] [info]   iter-23 : 4.0234e+03  5.1481e+03
[2024-11-06 15:29:34.788458] [0x00007a61fd94a880] [info]   iter-24 : 4.0357e+03  5.4184e+03
[2024-11-06 15:29:34.793517] [0x00007a61fd94a880] [info]   iter-25 : 4.2007e+03  5.2947e+03
[2024-11-06 15:29:34.800157] [0x00007a61fd94a880] [info]   iter-26 : 4.1920e+03  5.3610e+03
[2024-11-06 15:29:34.810043] [0x00007a61fd94a880] [info]   iter-27 : 4.1977e+03  5.1283e+03
[2024-11-06 15:29:34.816026] [0x00007a61fd94a880] [info]   iter-28 : 4.2307e+03  5.1120e+03
[2024-11-06 15:29:34.822138] [0x00007a61fd94a880] [info]   iter-29 : 4.2640e+03  5.1114e+03
[2024-11-06 15:29:34.822207] [0x00007a61fd94a880] [info]   current weighted HPWL: 5111.44um
[2024-11-06 15:29:34.822305] [0x00007a61fd94a880] [info] [0;36mGlobal placement completed[0m
[2024-11-06 15:29:34.822327] [0x00007a61fd94a880] [info] (wall time: 0.407462s, cpu time: 0.997354)
[2024-11-06 15:29:34.822461] [0x00007a61fd94a880] [info] (peak memory: 5396MB,  current memory: 5396MB)
[2024-11-06 15:29:34.822521] [0x00007a61fd94a880] [info] ------------------------------------------------------------
[2024-11-06 15:29:34.822539] [0x00007a61fd94a880] [info] Start standard cluster well legalization
[2024-11-06 15:29:34.822569] [0x00007a61fd94a880] [info]   Well max plug distance: 75um, 125 
[2024-11-06 15:29:34.822595] [0x00007a61fd94a880] [info]   GridValueX: 0.6 um
[2024-11-06 15:29:34.822614] [0x00007a61fd94a880] [info]   Well spacing: 1.275um, 3
[2024-11-06 15:29:34.822632] [0x00007a61fd94a880] [info]   Well tap cell width: 2
[2024-11-06 15:29:34.823624] [0x00007a61fd94a880] [info] Max movable cell width: 17
[2024-11-06 15:29:34.823694] [0x00007a61fd94a880] [info] Using default gridded row width: 2*max_unplug_length_
[2024-11-06 15:29:34.823713] [0x00007a61fd94a880] [info]   Total number of columns: 1
[2024-11-06 15:29:34.823730] [0x00007a61fd94a880] [info]   Gridded row width: 125.4um, 209
[2024-11-06 15:29:34.823837] [0x00007a61fd94a880] [info] Maximum possible number of gridded rows in a column: 47
[2024-11-06 15:29:34.824091] [0x00007a61fd94a880] [info] Form block clustering
[2024-11-06 15:29:34.825029] [0x00007a61fd94a880] [info]   current weighted HPWL: 7211.48um
[2024-11-06 15:29:34.825193] [0x00007a61fd94a880] [info] Flip cluster orientation
[2024-11-06 15:29:34.825222] [0x00007a61fd94a880] [info]   current weighted HPWL: 7328.18um
[2024-11-06 15:29:34.825329] [0x00007a61fd94a880] [info] Perform local reordering
[2024-11-06 15:29:34.825345] [0x00007a61fd94a880] [info] reorder iteration: 0
[2024-11-06 15:29:34.834425] [0x00007a61fd94a880] [info]   current weighted HPWL: 7192.01um
[2024-11-06 15:29:34.834587] [0x00007a61fd94a880] [info] reorder iteration: 1
[2024-11-06 15:29:34.844430] [0x00007a61fd94a880] [info]   current weighted HPWL: 7083.67um
[2024-11-06 15:29:34.844679] [0x00007a61fd94a880] [info] reorder iteration: 2
[2024-11-06 15:29:34.855611] [0x00007a61fd94a880] [info]   current weighted HPWL: 7087.39um
[2024-11-06 15:29:34.855829] [0x00007a61fd94a880] [info] reorder iteration: 3
[2024-11-06 15:29:34.866515] [0x00007a61fd94a880] [info]   current weighted HPWL: 7072.27um
[2024-11-06 15:29:34.866759] [0x00007a61fd94a880] [info] reorder iteration: 4
[2024-11-06 15:29:34.877296] [0x00007a61fd94a880] [info]   current weighted HPWL: 7093.91um
[2024-11-06 15:29:34.878835] [0x00007a61fd94a880] [info] reorder iteration: 5
[2024-11-06 15:29:34.888867] [0x00007a61fd94a880] [info]   current weighted HPWL: 7110.86um
[2024-11-06 15:29:34.889083] [0x00007a61fd94a880] [info] Insert well tap cells
[2024-11-06 15:29:34.889174] [0x00007a61fd94a880] [info] Insertion complete: 46 well tap cell created
[2024-11-06 15:29:34.889194] [0x00007a61fd94a880] [info] Skip creating end cap cells
[2024-11-06 15:29:34.889210] [0x00007a61fd94a880] [info]   current weighted HPWL: 7029.64um
[2024-11-06 15:29:34.889311] [0x00007a61fd94a880] [info] [0;36mStandard Cluster Well Legalization completed[0m
[2024-11-06 15:29:34.889336] [0x00007a61fd94a880] [info] (wall time: 0.066811s, cpu time: 0.104205)
[2024-11-06 15:29:34.889405] [0x00007a61fd94a880] [info] (peak memory: 5396MB,  current memory: 5396MB)
[2024-11-06 15:29:34.889434] [0x00007a61fd94a880] [info] Writing PP and NP rect file: dali_outppnp.rect
[2024-11-06 15:29:34.890688] [0x00007a61fd94a880] [info] Writing N-well rect file: dali_outwell.rect
[2024-11-06 15:29:34.891082] [0x00007a61fd94a880] [info] Writing cluster rect file: dali_out_router.cluster
[2024-11-06 15:29:34.891251] [0x00007a61fd94a880] [info] ------------------------------------------------------------
[2024-11-06 15:29:34.891281] [0x00007a61fd94a880] [info] Start I/O Placement
[2024-11-06 15:29:34.891332] [0x00007a61fd94a880] [info] [0;36mI/O Placement complete![0m
[2024-11-06 15:29:34.891457] [0x00007a61fd94a880] [warning] IoPlace flag not specified, use --auto-place by default
[2024-11-06 15:29:34.891488] [0x00007a61fd94a880] [info] ------------------------------------------------------------
[2024-11-06 15:29:34.891505] [0x00007a61fd94a880] [info] Start I/O Placement
[2024-11-06 15:29:34.891546] [0x00007a61fd94a880] [info] [0;36mI/O Placement complete![0m
[2024-11-06 15:29:34.891923] [0x00007a61fd94a880] [info] Export Pplus/Nplus fillings to PhyDB
[2024-11-06 15:29:34.892070] [0x00007a61fd94a880] [info] Export N wells to PhyDB
