[2024-11-06 03:57:25.340749] [0x000073c7a467a880] [info] ------------------------------------------------------------
[2024-11-06 03:57:25.341593] [0x000073c7a467a880] [info] Load information from PhyDB
[2024-11-06 03:57:25.341619] [0x000073c7a467a880] [info]   placement grid not set in PhyDB
[2024-11-06 03:57:25.341716] [0x000073c7a467a880] [info]   checking sites
[2024-11-06 03:57:25.341739] [0x000073c7a467a880] [info]     width : 0.6um
[2024-11-06 03:57:25.342542] [0x000073c7a467a880] [info]     height: 0.3um
[2024-11-06 03:57:25.346934] [0x000073c7a467a880] [info] No P-well layer info provided, creating fake info
[2024-11-06 03:57:25.349013] [0x000073c7a467a880] [info] (wall time: 0.009456s, cpu time: 0.004514)
[2024-11-06 03:57:25.349073] [0x000073c7a467a880] [info] ------------------------------------------------------------
[2024-11-06 03:57:25.349092] [0x000073c7a467a880] [info] Circuit brief summary:
[2024-11-06 03:57:25.349109] [0x000073c7a467a880] [info]   movable blocks: 817
[2024-11-06 03:57:25.349132] [0x000073c7a467a880] [info]   fixed blocks:   0
[2024-11-06 03:57:25.349149] [0x000073c7a467a880] [info]   blocks:         817
[2024-11-06 03:57:25.349164] [0x000073c7a467a880] [info]   iopins:         24
[2024-11-06 03:57:25.349182] [0x000073c7a467a880] [info]   nets:           838
[2024-11-06 03:57:25.349197] [0x000073c7a467a880] [info]   grid size x/y:  0.6/0.3um
[2024-11-06 03:57:25.349218] [0x000073c7a467a880] [info]   total movable blk area: 43838
[2024-11-06 03:57:25.349236] [0x000073c7a467a880] [info]   total white space     : 92880
[2024-11-06 03:57:25.349252] [0x000073c7a467a880] [info]   total block area      : 43838
[2024-11-06 03:57:25.349275] [0x000073c7a467a880] [info]   total space: 92880
[2024-11-06 03:57:25.349297] [0x000073c7a467a880] [info]     left:   10
[2024-11-06 03:57:25.349314] [0x000073c7a467a880] [info]     right:  225
[2024-11-06 03:57:25.349330] [0x000073c7a467a880] [info]     bottom: 18
[2024-11-06 03:57:25.349345] [0x000073c7a467a880] [info]     top:    450
[2024-11-06 03:57:25.349361] [0x000073c7a467a880] [info]   average movable width/height: 4.75153/10.3709um
[2024-11-06 03:57:25.349381] [0x000073c7a467a880] [info]   white space utility: 0.471985
[2024-11-06 03:57:25.349398] [0x000073c7a467a880] [info]   current weighted HPWL: 1575.67um
[2024-11-06 03:57:25.350572] [0x000073c7a467a880] [info] ------------------------------------------------------------
[2024-11-06 03:57:25.350634] [0x000073c7a467a880] [info] Start global placement
[2024-11-06 03:57:25.350653] [0x000073c7a467a880] [info]   target density: 0.5
[2024-11-06 03:57:25.350704] [0x000073c7a467a880] [info]   Block location initialization:
    HPWL before, 1575.67
[2024-11-06 03:57:25.351035] [0x000073c7a467a880] [info]     HPWL after, 74639.2
[2024-11-06 03:57:25.362334] [0x000073c7a467a880] [info]   iter-0  : 1.2381e+03  1.4792e+04
[2024-11-06 03:57:25.373604] [0x000073c7a467a880] [info]   iter-1  : 1.2390e+03  1.1894e+04
[2024-11-06 03:57:25.386373] [0x000073c7a467a880] [info]   iter-2  : 1.3146e+03  1.1716e+04
[2024-11-06 03:57:25.409373] [0x000073c7a467a880] [info]   iter-3  : 1.5765e+03  1.0932e+04
[2024-11-06 03:57:25.431227] [0x000073c7a467a880] [info]   iter-4  : 1.8761e+03  1.0373e+04
[2024-11-06 03:57:25.450340] [0x000073c7a467a880] [info]   iter-5  : 2.3922e+03  8.9903e+03
[2024-11-06 03:57:25.463559] [0x000073c7a467a880] [info]   iter-6  : 2.6213e+03  8.0486e+03
[2024-11-06 03:57:25.475390] [0x000073c7a467a880] [info]   iter-7  : 2.7598e+03  7.8835e+03
[2024-11-06 03:57:25.483349] [0x000073c7a467a880] [info]   iter-8  : 2.8555e+03  7.5397e+03
[2024-11-06 03:57:25.499419] [0x000073c7a467a880] [info]   iter-9  : 2.9509e+03  7.0574e+03
[2024-11-06 03:57:25.505810] [0x000073c7a467a880] [info]   iter-10 : 3.0321e+03  6.8751e+03
[2024-11-06 03:57:25.519506] [0x000073c7a467a880] [info]   iter-11 : 3.0890e+03  6.7869e+03
[2024-11-06 03:57:25.532604] [0x000073c7a467a880] [info]   iter-12 : 3.2376e+03  6.9848e+03
[2024-11-06 03:57:25.539441] [0x000073c7a467a880] [info]   iter-13 : 3.3469e+03  7.0933e+03
[2024-11-06 03:57:25.550773] [0x000073c7a467a880] [info]   iter-14 : 3.4398e+03  7.1517e+03
[2024-11-06 03:57:25.556261] [0x000073c7a467a880] [info]   iter-15 : 3.5380e+03  6.2963e+03
[2024-11-06 03:57:25.570473] [0x000073c7a467a880] [info]   iter-16 : 3.5981e+03  5.9769e+03
[2024-11-06 03:57:25.581372] [0x000073c7a467a880] [info]   iter-17 : 3.7083e+03  5.5522e+03
[2024-11-06 03:57:25.599348] [0x000073c7a467a880] [info]   iter-18 : 3.8242e+03  5.5232e+03
[2024-11-06 03:57:25.609644] [0x000073c7a467a880] [info]   iter-19 : 3.8956e+03  5.3869e+03
[2024-11-06 03:57:25.632120] [0x000073c7a467a880] [info]   iter-20 : 3.9687e+03  5.3426e+03
[2024-11-06 03:57:25.649452] [0x000073c7a467a880] [info]   iter-21 : 4.0328e+03  5.3111e+03
[2024-11-06 03:57:25.660706] [0x000073c7a467a880] [info]   iter-22 : 4.0512e+03  5.4566e+03
[2024-11-06 03:57:25.675361] [0x000073c7a467a880] [info]   iter-23 : 4.0933e+03  5.2749e+03
[2024-11-06 03:57:25.689700] [0x000073c7a467a880] [info]   iter-24 : 4.1546e+03  5.4357e+03
[2024-11-06 03:57:25.700675] [0x000073c7a467a880] [info]   iter-25 : 4.2685e+03  5.6889e+03
[2024-11-06 03:57:25.718477] [0x000073c7a467a880] [info]   iter-26 : 4.4325e+03  5.5589e+03
[2024-11-06 03:57:25.727138] [0x000073c7a467a880] [info]   iter-27 : 4.4373e+03  5.5140e+03
[2024-11-06 03:57:25.744156] [0x000073c7a467a880] [info]   iter-28 : 4.4078e+03  5.0909e+03
[2024-11-06 03:57:25.759525] [0x000073c7a467a880] [info]   iter-29 : 4.3270e+03  5.3075e+03
[2024-11-06 03:57:25.780588] [0x000073c7a467a880] [info]   iter-30 : 4.4162e+03  5.3119e+03
[2024-11-06 03:57:25.794377] [0x000073c7a467a880] [info]   iter-31 : 4.4288e+03  5.2064e+03
[2024-11-06 03:57:25.807044] [0x000073c7a467a880] [info]   iter-32 : 4.4389e+03  5.1879e+03
[2024-11-06 03:57:25.828286] [0x000073c7a467a880] [info]   iter-33 : 4.4417e+03  5.2475e+03
[2024-11-06 03:57:25.841614] [0x000073c7a467a880] [info]   iter-34 : 4.4911e+03  5.2506e+03
[2024-11-06 03:57:25.860977] [0x000073c7a467a880] [info]   iter-35 : 4.5079e+03  5.2432e+03
[2024-11-06 03:57:25.861050] [0x000073c7a467a880] [info]   current weighted HPWL: 5243.21um
[2024-11-06 03:57:25.861151] [0x000073c7a467a880] [info] [0;36mGlobal placement completed[0m
[2024-11-06 03:57:25.861173] [0x000073c7a467a880] [info] (wall time: 0.510610s, cpu time: 1.179689)
[2024-11-06 03:57:25.861233] [0x000073c7a467a880] [info] (peak memory: 5396MB,  current memory: 5396MB)
[2024-11-06 03:57:25.861289] [0x000073c7a467a880] [info] ------------------------------------------------------------
[2024-11-06 03:57:25.861307] [0x000073c7a467a880] [info] Start standard cluster well legalization
[2024-11-06 03:57:25.861328] [0x000073c7a467a880] [info]   Well max plug distance: 75um, 125 
[2024-11-06 03:57:25.861354] [0x000073c7a467a880] [info]   GridValueX: 0.6 um
[2024-11-06 03:57:25.861373] [0x000073c7a467a880] [info]   Well spacing: 1.275um, 3
[2024-11-06 03:57:25.861390] [0x000073c7a467a880] [info]   Well tap cell width: 2
[2024-11-06 03:57:25.861922] [0x000073c7a467a880] [info] Max movable cell width: 17
[2024-11-06 03:57:25.865080] [0x000073c7a467a880] [info] Using default gridded row width: 2*max_unplug_length_
[2024-11-06 03:57:25.865125] [0x000073c7a467a880] [info]   Total number of columns: 1
[2024-11-06 03:57:25.865146] [0x000073c7a467a880] [info]   Gridded row width: 125.4um, 209
[2024-11-06 03:57:25.865252] [0x000073c7a467a880] [info] Maximum possible number of gridded rows in a column: 47
[2024-11-06 03:57:25.865468] [0x000073c7a467a880] [info] Form block clustering
[2024-11-06 03:57:25.866421] [0x000073c7a467a880] [info]   current weighted HPWL: 7183.09um
[2024-11-06 03:57:25.866569] [0x000073c7a467a880] [info] Flip cluster orientation
[2024-11-06 03:57:25.866593] [0x000073c7a467a880] [info]   current weighted HPWL: 7284.71um
[2024-11-06 03:57:25.866683] [0x000073c7a467a880] [info] Perform local reordering
[2024-11-06 03:57:25.866699] [0x000073c7a467a880] [info] reorder iteration: 0
[2024-11-06 03:57:25.881531] [0x000073c7a467a880] [info]   current weighted HPWL: 7300.8um
[2024-11-06 03:57:25.881919] [0x000073c7a467a880] [info] reorder iteration: 1
[2024-11-06 03:57:25.890269] [0x000073c7a467a880] [info]   current weighted HPWL: 7172.25um
[2024-11-06 03:57:25.890424] [0x000073c7a467a880] [info] reorder iteration: 2
[2024-11-06 03:57:25.904049] [0x000073c7a467a880] [info]   current weighted HPWL: 7170.11um
[2024-11-06 03:57:25.905633] [0x000073c7a467a880] [info] reorder iteration: 3
[2024-11-06 03:57:25.915302] [0x000073c7a467a880] [info]   current weighted HPWL: 7154.25um
[2024-11-06 03:57:25.915486] [0x000073c7a467a880] [info] reorder iteration: 4
[2024-11-06 03:57:25.923331] [0x000073c7a467a880] [info]   current weighted HPWL: 7157.4um
[2024-11-06 03:57:25.923535] [0x000073c7a467a880] [info] reorder iteration: 5
[2024-11-06 03:57:25.932268] [0x000073c7a467a880] [info]   current weighted HPWL: 7161.75um
[2024-11-06 03:57:25.933204] [0x000073c7a467a880] [info] Insert well tap cells
[2024-11-06 03:57:25.933329] [0x000073c7a467a880] [info] Insertion complete: 48 well tap cell created
[2024-11-06 03:57:25.933353] [0x000073c7a467a880] [info] Skip creating end cap cells
[2024-11-06 03:57:25.933671] [0x000073c7a467a880] [info]   current weighted HPWL: 7104.64um
[2024-11-06 03:57:25.933818] [0x000073c7a467a880] [info] [0;36mStandard Cluster Well Legalization completed[0m
[2024-11-06 03:57:25.933844] [0x000073c7a467a880] [info] (wall time: 0.072551s, cpu time: 0.097021)
[2024-11-06 03:57:25.933914] [0x000073c7a467a880] [info] (peak memory: 5396MB,  current memory: 5396MB)
[2024-11-06 03:57:25.933937] [0x000073c7a467a880] [info] Writing PP and NP rect file: dali_outppnp.rect
[2024-11-06 03:57:25.935186] [0x000073c7a467a880] [info] Writing N-well rect file: dali_outwell.rect
[2024-11-06 03:57:25.935732] [0x000073c7a467a880] [info] Writing cluster rect file: dali_out_router.cluster
[2024-11-06 03:57:25.936851] [0x000073c7a467a880] [info] ------------------------------------------------------------
[2024-11-06 03:57:25.936998] [0x000073c7a467a880] [info] Start I/O Placement
[2024-11-06 03:57:25.937057] [0x000073c7a467a880] [info] [0;36mI/O Placement complete![0m
[2024-11-06 03:57:25.937118] [0x000073c7a467a880] [warning] IoPlace flag not specified, use --auto-place by default
[2024-11-06 03:57:25.937139] [0x000073c7a467a880] [info] ------------------------------------------------------------
[2024-11-06 03:57:25.937155] [0x000073c7a467a880] [info] Start I/O Placement
[2024-11-06 03:57:25.937468] [0x000073c7a467a880] [info] [0;36mI/O Placement complete![0m
[2024-11-06 03:57:25.937851] [0x000073c7a467a880] [info] Export Pplus/Nplus fillings to PhyDB
[2024-11-06 03:57:25.937971] [0x000073c7a467a880] [info] Export N wells to PhyDB
