[2024-11-06 03:11:11.813241] [0x0000777ae140f880] [info] ------------------------------------------------------------
[2024-11-06 03:11:11.814255] [0x0000777ae140f880] [info] Load information from PhyDB
[2024-11-06 03:11:11.814279] [0x0000777ae140f880] [info]   placement grid not set in PhyDB
[2024-11-06 03:11:11.814288] [0x0000777ae140f880] [info]   checking sites
[2024-11-06 03:11:11.814296] [0x0000777ae140f880] [info]     width : 0.6um
[2024-11-06 03:11:11.814322] [0x0000777ae140f880] [info]     height: 0.3um
[2024-11-06 03:11:11.824611] [0x0000777ae140f880] [info] No P-well layer info provided, creating fake info
[2024-11-06 03:11:11.824717] [0x0000777ae140f880] [info] (wall time: 0.017278s, cpu time: 0.005404)
[2024-11-06 03:11:11.824732] [0x0000777ae140f880] [info] ------------------------------------------------------------
[2024-11-06 03:11:11.824740] [0x0000777ae140f880] [info] Circuit brief summary:
[2024-11-06 03:11:11.824749] [0x0000777ae140f880] [info]   movable blocks: 817
[2024-11-06 03:11:11.824763] [0x0000777ae140f880] [info]   fixed blocks:   0
[2024-11-06 03:11:11.824771] [0x0000777ae140f880] [info]   blocks:         817
[2024-11-06 03:11:11.824779] [0x0000777ae140f880] [info]   iopins:         24
[2024-11-06 03:11:11.824793] [0x0000777ae140f880] [info]   nets:           838
[2024-11-06 03:11:11.824801] [0x0000777ae140f880] [info]   grid size x/y:  0.6/0.3um
[2024-11-06 03:11:11.824815] [0x0000777ae140f880] [info]   total movable blk area: 43838
[2024-11-06 03:11:11.824826] [0x0000777ae140f880] [info]   total white space     : 92880
[2024-11-06 03:11:11.824835] [0x0000777ae140f880] [info]   total block area      : 43838
[2024-11-06 03:11:11.824843] [0x0000777ae140f880] [info]   total space: 92880
[2024-11-06 03:11:11.824858] [0x0000777ae140f880] [info]     left:   10
[2024-11-06 03:11:11.824866] [0x0000777ae140f880] [info]     right:  225
[2024-11-06 03:11:11.824874] [0x0000777ae140f880] [info]     bottom: 18
[2024-11-06 03:11:11.824883] [0x0000777ae140f880] [info]     top:    450
[2024-11-06 03:11:11.824891] [0x0000777ae140f880] [info]   average movable width/height: 4.75153/10.3709um
[2024-11-06 03:11:11.824902] [0x0000777ae140f880] [info]   white space utility: 0.471985
[2024-11-06 03:11:11.824912] [0x0000777ae140f880] [info]   current weighted HPWL: 1590.9um
[2024-11-06 03:11:11.825106] [0x0000777ae140f880] [info] ------------------------------------------------------------
[2024-11-06 03:11:11.825118] [0x0000777ae140f880] [info] Start global placement
[2024-11-06 03:11:11.825127] [0x0000777ae140f880] [info]   target density: 0.5
[2024-11-06 03:11:11.825150] [0x0000777ae140f880] [info]   Block location initialization:
    HPWL before, 1590.9
[2024-11-06 03:11:11.825256] [0x0000777ae140f880] [info]     HPWL after, 74646.4
[2024-11-06 03:11:11.855641] [0x0000777ae140f880] [info]   iter-0  : 1.2336e+03  1.3865e+04
[2024-11-06 03:11:11.873567] [0x0000777ae140f880] [info]   iter-1  : 1.2298e+03  1.1453e+04
[2024-11-06 03:11:11.919675] [0x0000777ae140f880] [info]   iter-2  : 1.3065e+03  1.0832e+04
[2024-11-06 03:11:11.946208] [0x0000777ae140f880] [info]   iter-3  : 1.5676e+03  9.8084e+03
[2024-11-06 03:11:11.981761] [0x0000777ae140f880] [info]   iter-4  : 1.9168e+03  8.5750e+03
[2024-11-06 03:11:12.034275] [0x0000777ae140f880] [info]   iter-5  : 2.3951e+03  7.8484e+03
[2024-11-06 03:11:12.049134] [0x0000777ae140f880] [info]   iter-6  : 2.6197e+03  7.2715e+03
[2024-11-06 03:11:12.063561] [0x0000777ae140f880] [info]   iter-7  : 2.7691e+03  6.9001e+03
[2024-11-06 03:11:12.072464] [0x0000777ae140f880] [info]   iter-8  : 2.8530e+03  6.5376e+03
[2024-11-06 03:11:12.090515] [0x0000777ae140f880] [info]   iter-9  : 2.8730e+03  6.5632e+03
[2024-11-06 03:11:12.111627] [0x0000777ae140f880] [info]   iter-10 : 2.9611e+03  6.3375e+03
[2024-11-06 03:11:12.122585] [0x0000777ae140f880] [info]   iter-11 : 3.0367e+03  6.5464e+03
[2024-11-06 03:11:12.153699] [0x0000777ae140f880] [info]   iter-12 : 3.0856e+03  6.5675e+03
[2024-11-06 03:11:12.182610] [0x0000777ae140f880] [info]   iter-13 : 3.1975e+03  6.0437e+03
[2024-11-06 03:11:12.203318] [0x0000777ae140f880] [info]   iter-14 : 3.2054e+03  5.6171e+03
[2024-11-06 03:11:12.213701] [0x0000777ae140f880] [info]   iter-15 : 3.2671e+03  5.6691e+03
[2024-11-06 03:11:12.226731] [0x0000777ae140f880] [info]   iter-16 : 3.3707e+03  5.5445e+03
[2024-11-06 03:11:12.233561] [0x0000777ae140f880] [info]   iter-17 : 3.5046e+03  5.4836e+03
[2024-11-06 03:11:12.244823] [0x0000777ae140f880] [info]   iter-18 : 3.6049e+03  5.4218e+03
[2024-11-06 03:11:12.252293] [0x0000777ae140f880] [info]   iter-19 : 3.6553e+03  5.3304e+03
[2024-11-06 03:11:12.265602] [0x0000777ae140f880] [info]   iter-20 : 3.7287e+03  5.3435e+03
[2024-11-06 03:11:12.270358] [0x0000777ae140f880] [info]   iter-21 : 3.8414e+03  5.6580e+03
[2024-11-06 03:11:12.277548] [0x0000777ae140f880] [info]   iter-22 : 3.9289e+03  5.5345e+03
[2024-11-06 03:11:12.299582] [0x0000777ae140f880] [info]   iter-23 : 4.0136e+03  5.3894e+03
[2024-11-06 03:11:12.304145] [0x0000777ae140f880] [info]   iter-24 : 4.0284e+03  5.3288e+03
[2024-11-06 03:11:12.313819] [0x0000777ae140f880] [info]   iter-25 : 4.1172e+03  5.3041e+03
[2024-11-06 03:11:12.318244] [0x0000777ae140f880] [info]   iter-26 : 4.1511e+03  5.2711e+03
[2024-11-06 03:11:12.328308] [0x0000777ae140f880] [info]   iter-27 : 4.2373e+03  5.3495e+03
[2024-11-06 03:11:12.333247] [0x0000777ae140f880] [info]   iter-28 : 4.3517e+03  5.2620e+03
[2024-11-06 03:11:12.343083] [0x0000777ae140f880] [info]   iter-29 : 4.3315e+03  5.1266e+03
[2024-11-06 03:11:12.350871] [0x0000777ae140f880] [info]   iter-30 : 4.3368e+03  5.2102e+03
[2024-11-06 03:11:12.357350] [0x0000777ae140f880] [info]   iter-31 : 4.4014e+03  5.2684e+03
[2024-11-06 03:11:12.362077] [0x0000777ae140f880] [info]   iter-32 : 4.4444e+03  5.1604e+03
[2024-11-06 03:11:12.369333] [0x0000777ae140f880] [info]   iter-33 : 4.4466e+03  5.2284e+03
[2024-11-06 03:11:12.382480] [0x0000777ae140f880] [info]   iter-34 : 4.4968e+03  5.2922e+03
[2024-11-06 03:11:12.391779] [0x0000777ae140f880] [info]   iter-35 : 4.5365e+03  5.1623e+03
[2024-11-06 03:11:12.403991] [0x0000777ae140f880] [info]   iter-36 : 4.5019e+03  5.1658e+03
[2024-11-06 03:11:12.411490] [0x0000777ae140f880] [info]   iter-37 : 4.5198e+03  5.1984e+03
[2024-11-06 03:11:12.420368] [0x0000777ae140f880] [info]   iter-38 : 4.5355e+03  5.1592e+03
[2024-11-06 03:11:12.428473] [0x0000777ae140f880] [info]   iter-39 : 4.5479e+03  5.3258e+03
[2024-11-06 03:11:12.447228] [0x0000777ae140f880] [info]   iter-40 : 4.6535e+03  5.1742e+03
[2024-11-06 03:11:12.451306] [0x0000777ae140f880] [info]   iter-41 : 4.6125e+03  5.2442e+03
[2024-11-06 03:11:12.461841] [0x0000777ae140f880] [info]   iter-42 : 4.6617e+03  5.3327e+03
[2024-11-06 03:11:12.477875] [0x0000777ae140f880] [info]   iter-43 : 4.7015e+03  5.2607e+03
[2024-11-06 03:11:12.483305] [0x0000777ae140f880] [info]   iter-44 : 4.6911e+03  5.3057e+03
[2024-11-06 03:11:12.504107] [0x0000777ae140f880] [info]   iter-45 : 4.7259e+03  5.2505e+03
[2024-11-06 03:11:12.513388] [0x0000777ae140f880] [info]   iter-46 : 4.7311e+03  5.2072e+03
[2024-11-06 03:11:12.517764] [0x0000777ae140f880] [info]   iter-47 : 4.7185e+03  5.1771e+03
[2024-11-06 03:11:12.534342] [0x0000777ae140f880] [info]   iter-48 : 4.6891e+03  5.2723e+03
[2024-11-06 03:11:12.544285] [0x0000777ae140f880] [info]   iter-49 : 4.7583e+03  5.2082e+03
[2024-11-06 03:11:12.562111] [0x0000777ae140f880] [info]   iter-50 : 4.7292e+03  5.3312e+03
[2024-11-06 03:11:12.580505] [0x0000777ae140f880] [info]   iter-51 : 4.7880e+03  5.3007e+03
[2024-11-06 03:11:12.610254] [0x0000777ae140f880] [info]   iter-52 : 4.7995e+03  5.3768e+03
[2024-11-06 03:11:12.622825] [0x0000777ae140f880] [info]   iter-53 : 4.8522e+03  5.3131e+03
[2024-11-06 03:11:12.632656] [0x0000777ae140f880] [info]   iter-54 : 4.8302e+03  5.3320e+03
[2024-11-06 03:11:12.648453] [0x0000777ae140f880] [info]   iter-55 : 4.8474e+03  5.2933e+03
[2024-11-06 03:11:12.665397] [0x0000777ae140f880] [info]   iter-56 : 4.8269e+03  5.3343e+03
[2024-11-06 03:11:12.675320] [0x0000777ae140f880] [info]   iter-57 : 4.8382e+03  5.3691e+03
[2024-11-06 03:11:12.685626] [0x0000777ae140f880] [info]   iter-58 : 4.9061e+03  5.4142e+03
[2024-11-06 03:11:12.697300] [0x0000777ae140f880] [info]   iter-59 : 4.9165e+03  5.2724e+03
[2024-11-06 03:11:12.697391] [0x0000777ae140f880] [info]   current weighted HPWL: 5272.39um
[2024-11-06 03:11:12.697490] [0x0000777ae140f880] [info] [0;36mGlobal placement completed[0m
[2024-11-06 03:11:12.697512] [0x0000777ae140f880] [info] (wall time: 0.872408s, cpu time: 1.880809)
[2024-11-06 03:11:12.697712] [0x0000777ae140f880] [info] (peak memory: 5396MB,  current memory: 5396MB)
[2024-11-06 03:11:12.697829] [0x0000777ae140f880] [info] ------------------------------------------------------------
[2024-11-06 03:11:12.697858] [0x0000777ae140f880] [info] Start standard cluster well legalization
[2024-11-06 03:11:12.697881] [0x0000777ae140f880] [info]   Well max plug distance: 75um, 125 
[2024-11-06 03:11:12.697903] [0x0000777ae140f880] [info]   GridValueX: 0.6 um
[2024-11-06 03:11:12.697921] [0x0000777ae140f880] [info]   Well spacing: 1.275um, 3
[2024-11-06 03:11:12.697974] [0x0000777ae140f880] [info]   Well tap cell width: 2
[2024-11-06 03:11:12.698205] [0x0000777ae140f880] [info] Max movable cell width: 17
[2024-11-06 03:11:12.698246] [0x0000777ae140f880] [info] Using default gridded row width: 2*max_unplug_length_
[2024-11-06 03:11:12.698265] [0x0000777ae140f880] [info]   Total number of columns: 1
[2024-11-06 03:11:12.698282] [0x0000777ae140f880] [info]   Gridded row width: 125.4um, 209
[2024-11-06 03:11:12.698377] [0x0000777ae140f880] [info] Maximum possible number of gridded rows in a column: 47
[2024-11-06 03:11:12.698591] [0x0000777ae140f880] [info] Form block clustering
[2024-11-06 03:11:12.699555] [0x0000777ae140f880] [info]   current weighted HPWL: 7345.69um
[2024-11-06 03:11:12.699679] [0x0000777ae140f880] [info] Flip cluster orientation
[2024-11-06 03:11:12.699700] [0x0000777ae140f880] [info]   current weighted HPWL: 7530.79um
[2024-11-06 03:11:12.699796] [0x0000777ae140f880] [info] Perform local reordering
[2024-11-06 03:11:12.699813] [0x0000777ae140f880] [info] reorder iteration: 0
[2024-11-06 03:11:12.722661] [0x0000777ae140f880] [info]   current weighted HPWL: 7215.83um
[2024-11-06 03:11:12.725484] [0x0000777ae140f880] [info] reorder iteration: 1
[2024-11-06 03:11:12.738325] [0x0000777ae140f880] [info]   current weighted HPWL: 7129.35um
[2024-11-06 03:11:12.739472] [0x0000777ae140f880] [info] reorder iteration: 2
[2024-11-06 03:11:12.748000] [0x0000777ae140f880] [info]   current weighted HPWL: 7115.29um
[2024-11-06 03:11:12.748210] [0x0000777ae140f880] [info] reorder iteration: 3
[2024-11-06 03:11:12.758181] [0x0000777ae140f880] [info]   current weighted HPWL: 7110.49um
[2024-11-06 03:11:12.758348] [0x0000777ae140f880] [info] reorder iteration: 4
[2024-11-06 03:11:12.766847] [0x0000777ae140f880] [info]   current weighted HPWL: 7109.17um
[2024-11-06 03:11:12.767048] [0x0000777ae140f880] [info] reorder iteration: 5
[2024-11-06 03:11:12.778228] [0x0000777ae140f880] [info]   current weighted HPWL: 7116.82um
[2024-11-06 03:11:12.778420] [0x0000777ae140f880] [info] Insert well tap cells
[2024-11-06 03:11:12.778505] [0x0000777ae140f880] [info] Insertion complete: 44 well tap cell created
[2024-11-06 03:11:12.778526] [0x0000777ae140f880] [info] Skip creating end cap cells
[2024-11-06 03:11:12.778542] [0x0000777ae140f880] [info]   current weighted HPWL: 7086.98um
[2024-11-06 03:11:12.778670] [0x0000777ae140f880] [info] [0;36mStandard Cluster Well Legalization completed[0m
[2024-11-06 03:11:12.778696] [0x0000777ae140f880] [info] (wall time: 0.080863s, cpu time: 0.113133)
[2024-11-06 03:11:12.778766] [0x0000777ae140f880] [info] (peak memory: 5396MB,  current memory: 5396MB)
[2024-11-06 03:11:12.778797] [0x0000777ae140f880] [info] Writing PP and NP rect file: dali_outppnp.rect
[2024-11-06 03:11:12.779630] [0x0000777ae140f880] [info] Writing N-well rect file: dali_outwell.rect
[2024-11-06 03:11:12.779903] [0x0000777ae140f880] [info] Writing cluster rect file: dali_out_router.cluster
[2024-11-06 03:11:12.780258] [0x0000777ae140f880] [info] ------------------------------------------------------------
[2024-11-06 03:11:12.780320] [0x0000777ae140f880] [info] Start I/O Placement
[2024-11-06 03:11:12.780374] [0x0000777ae140f880] [info] [0;36mI/O Placement complete![0m
[2024-11-06 03:11:12.780431] [0x0000777ae140f880] [warning] IoPlace flag not specified, use --auto-place by default
[2024-11-06 03:11:12.780452] [0x0000777ae140f880] [info] ------------------------------------------------------------
[2024-11-06 03:11:12.780468] [0x0000777ae140f880] [info] Start I/O Placement
[2024-11-06 03:11:12.780507] [0x0000777ae140f880] [info] [0;36mI/O Placement complete![0m
[2024-11-06 03:11:12.780867] [0x0000777ae140f880] [info] Export Pplus/Nplus fillings to PhyDB
[2024-11-06 03:11:12.780915] [0x0000777ae140f880] [info] Export N wells to PhyDB
