[2024-11-06 03:40:26.807360] [0x000078eb903c8880] [info] ------------------------------------------------------------
[2024-11-06 03:40:26.808454] [0x000078eb903c8880] [info] Load information from PhyDB
[2024-11-06 03:40:26.808529] [0x000078eb903c8880] [info]   placement grid not set in PhyDB
[2024-11-06 03:40:26.808584] [0x000078eb903c8880] [info]   checking sites
[2024-11-06 03:40:26.808606] [0x000078eb903c8880] [info]     width : 0.6um
[2024-11-06 03:40:26.808636] [0x000078eb903c8880] [info]     height: 0.3um
[2024-11-06 03:40:26.813979] [0x000078eb903c8880] [info] No P-well layer info provided, creating fake info
[2024-11-06 03:40:26.815701] [0x000078eb903c8880] [info] (wall time: 0.009498s, cpu time: 0.004436)
[2024-11-06 03:40:26.815754] [0x000078eb903c8880] [info] ------------------------------------------------------------
[2024-11-06 03:40:26.815773] [0x000078eb903c8880] [info] Circuit brief summary:
[2024-11-06 03:40:26.815872] [0x000078eb903c8880] [info]   movable blocks: 817
[2024-11-06 03:40:26.815902] [0x000078eb903c8880] [info]   fixed blocks:   0
[2024-11-06 03:40:26.815918] [0x000078eb903c8880] [info]   blocks:         817
[2024-11-06 03:40:26.816012] [0x000078eb903c8880] [info]   iopins:         24
[2024-11-06 03:40:26.816036] [0x000078eb903c8880] [info]   nets:           838
[2024-11-06 03:40:26.816053] [0x000078eb903c8880] [info]   grid size x/y:  0.6/0.3um
[2024-11-06 03:40:26.816107] [0x000078eb903c8880] [info]   total movable blk area: 43838
[2024-11-06 03:40:26.816291] [0x000078eb903c8880] [info]   total white space     : 92880
[2024-11-06 03:40:26.816467] [0x000078eb903c8880] [info]   total block area      : 43838
[2024-11-06 03:40:26.816493] [0x000078eb903c8880] [info]   total space: 92880
[2024-11-06 03:40:26.816518] [0x000078eb903c8880] [info]     left:   10
[2024-11-06 03:40:26.816566] [0x000078eb903c8880] [info]     right:  225
[2024-11-06 03:40:26.816591] [0x000078eb903c8880] [info]     bottom: 18
[2024-11-06 03:40:26.816607] [0x000078eb903c8880] [info]     top:    450
[2024-11-06 03:40:26.816623] [0x000078eb903c8880] [info]   average movable width/height: 4.75153/10.3709um
[2024-11-06 03:40:26.816747] [0x000078eb903c8880] [info]   white space utility: 0.471985
[2024-11-06 03:40:26.816823] [0x000078eb903c8880] [info]   current weighted HPWL: 1598.59um
[2024-11-06 03:40:26.817206] [0x000078eb903c8880] [info] ------------------------------------------------------------
[2024-11-06 03:40:26.817283] [0x000078eb903c8880] [info] Start global placement
[2024-11-06 03:40:26.817307] [0x000078eb903c8880] [info]   target density: 0.5
[2024-11-06 03:40:26.817550] [0x000078eb903c8880] [info]   Block location initialization:
    HPWL before, 1598.59
[2024-11-06 03:40:26.818073] [0x000078eb903c8880] [info]     HPWL after, 74643.3
[2024-11-06 03:40:26.840707] [0x000078eb903c8880] [info]   iter-0  : 1.2411e+03  1.4526e+04
[2024-11-06 03:40:26.858870] [0x000078eb903c8880] [info]   iter-1  : 1.2350e+03  1.2101e+04
[2024-11-06 03:40:26.905660] [0x000078eb903c8880] [info]   iter-2  : 1.3336e+03  1.1129e+04
[2024-11-06 03:40:26.957484] [0x000078eb903c8880] [info]   iter-3  : 1.6064e+03  1.0888e+04
[2024-11-06 03:40:27.018522] [0x000078eb903c8880] [info]   iter-4  : 1.9477e+03  1.0568e+04
[2024-11-06 03:40:27.096613] [0x000078eb903c8880] [info]   iter-5  : 2.3928e+03  8.9510e+03
[2024-11-06 03:40:27.158019] [0x000078eb903c8880] [info]   iter-6  : 2.6150e+03  7.8748e+03
[2024-11-06 03:40:27.184174] [0x000078eb903c8880] [info]   iter-7  : 2.7281e+03  7.4574e+03
[2024-11-06 03:40:27.211657] [0x000078eb903c8880] [info]   iter-8  : 2.8115e+03  7.0455e+03
[2024-11-06 03:40:27.233426] [0x000078eb903c8880] [info]   iter-9  : 2.8646e+03  7.1627e+03
[2024-11-06 03:40:27.251581] [0x000078eb903c8880] [info]   iter-10 : 2.9919e+03  6.7544e+03
[2024-11-06 03:40:27.281507] [0x000078eb903c8880] [info]   iter-11 : 3.0700e+03  6.7165e+03
[2024-11-06 03:40:27.306871] [0x000078eb903c8880] [info]   iter-12 : 3.1135e+03  6.7627e+03
[2024-11-06 03:40:27.330907] [0x000078eb903c8880] [info]   iter-13 : 3.2449e+03  6.3382e+03
[2024-11-06 03:40:27.351222] [0x000078eb903c8880] [info]   iter-14 : 3.3288e+03  6.3082e+03
[2024-11-06 03:40:27.370476] [0x000078eb903c8880] [info]   iter-15 : 3.5079e+03  5.8829e+03
[2024-11-06 03:40:27.390032] [0x000078eb903c8880] [info]   iter-16 : 3.5513e+03  5.7988e+03
[2024-11-06 03:40:27.405670] [0x000078eb903c8880] [info]   iter-17 : 3.6592e+03  6.0022e+03
[2024-11-06 03:40:27.418753] [0x000078eb903c8880] [info]   iter-18 : 3.8584e+03  5.6976e+03
[2024-11-06 03:40:27.435348] [0x000078eb903c8880] [info]   iter-19 : 3.8924e+03  5.5575e+03
[2024-11-06 03:40:27.446461] [0x000078eb903c8880] [info]   iter-20 : 3.9360e+03  5.4858e+03
[2024-11-06 03:40:27.456551] [0x000078eb903c8880] [info]   iter-21 : 4.0093e+03  5.3932e+03
[2024-11-06 03:40:27.469414] [0x000078eb903c8880] [info]   iter-22 : 4.0739e+03  5.2729e+03
[2024-11-06 03:40:27.491609] [0x000078eb903c8880] [info]   iter-23 : 4.1067e+03  5.4356e+03
[2024-11-06 03:40:27.505062] [0x000078eb903c8880] [info]   iter-24 : 4.1529e+03  5.1931e+03
[2024-11-06 03:40:27.531972] [0x000078eb903c8880] [info]   iter-25 : 4.1536e+03  5.2219e+03
[2024-11-06 03:40:27.542467] [0x000078eb903c8880] [info]   iter-26 : 4.2198e+03  5.1690e+03
[2024-11-06 03:40:27.550800] [0x000078eb903c8880] [info]   iter-27 : 4.2205e+03  5.1675e+03
[2024-11-06 03:40:27.565456] [0x000078eb903c8880] [info]   iter-28 : 4.2226e+03  5.2043e+03
[2024-11-06 03:40:27.574767] [0x000078eb903c8880] [info]   iter-29 : 4.2804e+03  5.1956e+03
[2024-11-06 03:40:27.584663] [0x000078eb903c8880] [info]   iter-30 : 4.3188e+03  5.1270e+03
[2024-11-06 03:40:27.597405] [0x000078eb903c8880] [info]   iter-31 : 4.3337e+03  5.0967e+03
[2024-11-06 03:40:27.604860] [0x000078eb903c8880] [info]   iter-32 : 4.3281e+03  5.0045e+03
[2024-11-06 03:40:27.613079] [0x000078eb903c8880] [info]   iter-33 : 4.3183e+03  5.2091e+03
[2024-11-06 03:40:27.621777] [0x000078eb903c8880] [info]   iter-34 : 4.4242e+03  5.1293e+03
[2024-11-06 03:40:27.630382] [0x000078eb903c8880] [info]   iter-35 : 4.4108e+03  5.1396e+03
[2024-11-06 03:40:27.637547] [0x000078eb903c8880] [info]   iter-36 : 4.3604e+03  5.1819e+03
[2024-11-06 03:40:27.649253] [0x000078eb903c8880] [info]   iter-37 : 4.4618e+03  5.1088e+03
[2024-11-06 03:40:27.656472] [0x000078eb903c8880] [info]   iter-38 : 4.4434e+03  5.0830e+03
[2024-11-06 03:40:27.666431] [0x000078eb903c8880] [info]   iter-39 : 4.4411e+03  5.0948e+03
[2024-11-06 03:40:27.678395] [0x000078eb903c8880] [info]   iter-40 : 4.4486e+03  5.1222e+03
[2024-11-06 03:40:27.685525] [0x000078eb903c8880] [info]   iter-41 : 4.4625e+03  5.1357e+03
[2024-11-06 03:40:27.698409] [0x000078eb903c8880] [info]   iter-42 : 4.5402e+03  5.1239e+03
[2024-11-06 03:40:27.698545] [0x000078eb903c8880] [info]   current weighted HPWL: 5123.91um
[2024-11-06 03:40:27.698645] [0x000078eb903c8880] [info] [0;36mGlobal placement completed[0m
[2024-11-06 03:40:27.698668] [0x000078eb903c8880] [info] (wall time: 0.881463s, cpu time: 1.466024)
[2024-11-06 03:40:27.698764] [0x000078eb903c8880] [info] (peak memory: 5396MB,  current memory: 5396MB)
[2024-11-06 03:40:27.698854] [0x000078eb903c8880] [info] ------------------------------------------------------------
[2024-11-06 03:40:27.698876] [0x000078eb903c8880] [info] Start standard cluster well legalization
[2024-11-06 03:40:27.698899] [0x000078eb903c8880] [info]   Well max plug distance: 75um, 125 
[2024-11-06 03:40:27.698919] [0x000078eb903c8880] [info]   GridValueX: 0.6 um
[2024-11-06 03:40:27.698937] [0x000078eb903c8880] [info]   Well spacing: 1.275um, 3
[2024-11-06 03:40:27.698954] [0x000078eb903c8880] [info]   Well tap cell width: 2
[2024-11-06 03:40:27.699278] [0x000078eb903c8880] [info] Max movable cell width: 17
[2024-11-06 03:40:27.699323] [0x000078eb903c8880] [info] Using default gridded row width: 2*max_unplug_length_
[2024-11-06 03:40:27.699340] [0x000078eb903c8880] [info]   Total number of columns: 1
[2024-11-06 03:40:27.699356] [0x000078eb903c8880] [info]   Gridded row width: 125.4um, 209
[2024-11-06 03:40:27.699472] [0x000078eb903c8880] [info] Maximum possible number of gridded rows in a column: 47
[2024-11-06 03:40:27.699721] [0x000078eb903c8880] [info] Form block clustering
[2024-11-06 03:40:27.700956] [0x000078eb903c8880] [info]   current weighted HPWL: 7440.34um
[2024-11-06 03:40:27.701582] [0x000078eb903c8880] [info] Flip cluster orientation
[2024-11-06 03:40:27.701606] [0x000078eb903c8880] [info]   current weighted HPWL: 7565.25um
[2024-11-06 03:40:27.701724] [0x000078eb903c8880] [info] Perform local reordering
[2024-11-06 03:40:27.701740] [0x000078eb903c8880] [info] reorder iteration: 0
[2024-11-06 03:40:27.720603] [0x000078eb903c8880] [info]   current weighted HPWL: 7345.12um
[2024-11-06 03:40:27.720764] [0x000078eb903c8880] [info] reorder iteration: 1
[2024-11-06 03:40:27.737003] [0x000078eb903c8880] [info]   current weighted HPWL: 7305.38um
[2024-11-06 03:40:27.737151] [0x000078eb903c8880] [info] reorder iteration: 2
[2024-11-06 03:40:27.749427] [0x000078eb903c8880] [info]   current weighted HPWL: 7281.97um
[2024-11-06 03:40:27.749617] [0x000078eb903c8880] [info] reorder iteration: 3
[2024-11-06 03:40:27.762048] [0x000078eb903c8880] [info]   current weighted HPWL: 7278.15um
[2024-11-06 03:40:27.762256] [0x000078eb903c8880] [info] reorder iteration: 4
[2024-11-06 03:40:27.774026] [0x000078eb903c8880] [info]   current weighted HPWL: 7266.11um
[2024-11-06 03:40:27.774259] [0x000078eb903c8880] [info] reorder iteration: 5
[2024-11-06 03:40:27.782581] [0x000078eb903c8880] [info]   current weighted HPWL: 7266.19um
[2024-11-06 03:40:27.782842] [0x000078eb903c8880] [info] Insert well tap cells
[2024-11-06 03:40:27.782985] [0x000078eb903c8880] [info] Insertion complete: 46 well tap cell created
[2024-11-06 03:40:27.783014] [0x000078eb903c8880] [info] Skip creating end cap cells
[2024-11-06 03:40:27.783031] [0x000078eb903c8880] [info]   current weighted HPWL: 7213.16um
[2024-11-06 03:40:27.783138] [0x000078eb903c8880] [info] [0;36mStandard Cluster Well Legalization completed[0m
[2024-11-06 03:40:27.783163] [0x000078eb903c8880] [info] (wall time: 0.084306s, cpu time: 0.107756)
[2024-11-06 03:40:27.783231] [0x000078eb903c8880] [info] (peak memory: 5396MB,  current memory: 5396MB)
[2024-11-06 03:40:27.783280] [0x000078eb903c8880] [info] Writing PP and NP rect file: dali_outppnp.rect
[2024-11-06 03:40:27.785151] [0x000078eb903c8880] [info] Writing N-well rect file: dali_outwell.rect
[2024-11-06 03:40:27.785669] [0x000078eb903c8880] [info] Writing cluster rect file: dali_out_router.cluster
[2024-11-06 03:40:27.786097] [0x000078eb903c8880] [info] ------------------------------------------------------------
[2024-11-06 03:40:27.786460] [0x000078eb903c8880] [info] Start I/O Placement
[2024-11-06 03:40:27.786549] [0x000078eb903c8880] [info] [0;36mI/O Placement complete![0m
[2024-11-06 03:40:27.786600] [0x000078eb903c8880] [warning] IoPlace flag not specified, use --auto-place by default
[2024-11-06 03:40:27.786613] [0x000078eb903c8880] [info] ------------------------------------------------------------
[2024-11-06 03:40:27.786621] [0x000078eb903c8880] [info] Start I/O Placement
[2024-11-06 03:40:27.786652] [0x000078eb903c8880] [info] [0;36mI/O Placement complete![0m
[2024-11-06 03:40:27.787058] [0x000078eb903c8880] [info] Export Pplus/Nplus fillings to PhyDB
[2024-11-06 03:40:27.787103] [0x000078eb903c8880] [info] Export N wells to PhyDB
