[2024-11-06 03:48:16.464249] [0x00007e125f120880] [info] ------------------------------------------------------------
[2024-11-06 03:48:16.464446] [0x00007e125f120880] [info] Load information from PhyDB
[2024-11-06 03:48:16.464468] [0x00007e125f120880] [info]   placement grid not set in PhyDB
[2024-11-06 03:48:16.464485] [0x00007e125f120880] [info]   checking sites
[2024-11-06 03:48:16.464500] [0x00007e125f120880] [info]     width : 0.6um
[2024-11-06 03:48:16.464529] [0x00007e125f120880] [info]     height: 0.3um
[2024-11-06 03:48:16.466763] [0x00007e125f120880] [info] No P-well layer info provided, creating fake info
[2024-11-06 03:48:16.466872] [0x00007e125f120880] [info] (wall time: 0.002686s, cpu time: 0.002612)
[2024-11-06 03:48:16.466892] [0x00007e125f120880] [info] ------------------------------------------------------------
[2024-11-06 03:48:16.466908] [0x00007e125f120880] [info] Circuit brief summary:
[2024-11-06 03:48:16.466924] [0x00007e125f120880] [info]   movable blocks: 817
[2024-11-06 03:48:16.466946] [0x00007e125f120880] [info]   fixed blocks:   0
[2024-11-06 03:48:16.466962] [0x00007e125f120880] [info]   blocks:         817
[2024-11-06 03:48:16.466978] [0x00007e125f120880] [info]   iopins:         24
[2024-11-06 03:48:16.467033] [0x00007e125f120880] [info]   nets:           838
[2024-11-06 03:48:16.467064] [0x00007e125f120880] [info]   grid size x/y:  0.6/0.3um
[2024-11-06 03:48:16.467084] [0x00007e125f120880] [info]   total movable blk area: 43838
[2024-11-06 03:48:16.467103] [0x00007e125f120880] [info]   total white space     : 92880
[2024-11-06 03:48:16.467119] [0x00007e125f120880] [info]   total block area      : 43838
[2024-11-06 03:48:16.467136] [0x00007e125f120880] [info]   total space: 92880
[2024-11-06 03:48:16.467169] [0x00007e125f120880] [info]     left:   10
[2024-11-06 03:48:16.467184] [0x00007e125f120880] [info]     right:  225
[2024-11-06 03:48:16.467199] [0x00007e125f120880] [info]     bottom: 18
[2024-11-06 03:48:16.467214] [0x00007e125f120880] [info]     top:    450
[2024-11-06 03:48:16.467230] [0x00007e125f120880] [info]   average movable width/height: 4.75153/10.3709um
[2024-11-06 03:48:16.467253] [0x00007e125f120880] [info]   white space utility: 0.471985
[2024-11-06 03:48:16.467271] [0x00007e125f120880] [info]   current weighted HPWL: 1598.59um
[2024-11-06 03:48:16.467368] [0x00007e125f120880] [info] ------------------------------------------------------------
[2024-11-06 03:48:16.467384] [0x00007e125f120880] [info] Start global placement
[2024-11-06 03:48:16.467399] [0x00007e125f120880] [info]   target density: 0.5
[2024-11-06 03:48:16.467423] [0x00007e125f120880] [info]   Block location initialization:
    HPWL before, 1598.59
[2024-11-06 03:48:16.467530] [0x00007e125f120880] [info]     HPWL after, 74643.3
[2024-11-06 03:48:16.475748] [0x00007e125f120880] [info]   iter-0  : 1.2411e+03  1.4526e+04
[2024-11-06 03:48:16.481948] [0x00007e125f120880] [info]   iter-1  : 1.2350e+03  1.2101e+04
[2024-11-06 03:48:16.493884] [0x00007e125f120880] [info]   iter-2  : 1.3336e+03  1.1129e+04
[2024-11-06 03:48:16.511558] [0x00007e125f120880] [info]   iter-3  : 1.6064e+03  1.0888e+04
[2024-11-06 03:48:16.531089] [0x00007e125f120880] [info]   iter-4  : 1.9477e+03  1.0568e+04
[2024-11-06 03:48:16.544675] [0x00007e125f120880] [info]   iter-5  : 2.3928e+03  8.9510e+03
[2024-11-06 03:48:16.555983] [0x00007e125f120880] [info]   iter-6  : 2.6150e+03  7.8748e+03
[2024-11-06 03:48:16.561819] [0x00007e125f120880] [info]   iter-7  : 2.7281e+03  7.4574e+03
[2024-11-06 03:48:16.572486] [0x00007e125f120880] [info]   iter-8  : 2.8115e+03  7.0455e+03
[2024-11-06 03:48:16.581092] [0x00007e125f120880] [info]   iter-9  : 2.8646e+03  7.1627e+03
[2024-11-06 03:48:16.587873] [0x00007e125f120880] [info]   iter-10 : 2.9919e+03  6.7544e+03
[2024-11-06 03:48:16.600714] [0x00007e125f120880] [info]   iter-11 : 3.0700e+03  6.7165e+03
[2024-11-06 03:48:16.612439] [0x00007e125f120880] [info]   iter-12 : 3.1135e+03  6.7627e+03
[2024-11-06 03:48:16.626487] [0x00007e125f120880] [info]   iter-13 : 3.2449e+03  6.3382e+03
[2024-11-06 03:48:16.639679] [0x00007e125f120880] [info]   iter-14 : 3.3288e+03  6.3082e+03
[2024-11-06 03:48:16.654857] [0x00007e125f120880] [info]   iter-15 : 3.5079e+03  5.8829e+03
[2024-11-06 03:48:16.669109] [0x00007e125f120880] [info]   iter-16 : 3.5513e+03  5.7988e+03
[2024-11-06 03:48:16.680781] [0x00007e125f120880] [info]   iter-17 : 3.6592e+03  6.0022e+03
[2024-11-06 03:48:16.691353] [0x00007e125f120880] [info]   iter-18 : 3.8584e+03  5.6976e+03
[2024-11-06 03:48:16.703406] [0x00007e125f120880] [info]   iter-19 : 3.8924e+03  5.5575e+03
[2024-11-06 03:48:16.713252] [0x00007e125f120880] [info]   iter-20 : 3.9360e+03  5.4858e+03
[2024-11-06 03:48:16.725728] [0x00007e125f120880] [info]   iter-21 : 4.0093e+03  5.3932e+03
[2024-11-06 03:48:16.739524] [0x00007e125f120880] [info]   iter-22 : 4.0739e+03  5.2729e+03
[2024-11-06 03:48:16.749460] [0x00007e125f120880] [info]   iter-23 : 4.1067e+03  5.4356e+03
[2024-11-06 03:48:16.757652] [0x00007e125f120880] [info]   iter-24 : 4.1529e+03  5.1931e+03
[2024-11-06 03:48:16.768043] [0x00007e125f120880] [info]   iter-25 : 4.1536e+03  5.2219e+03
[2024-11-06 03:48:16.783178] [0x00007e125f120880] [info]   iter-26 : 4.2198e+03  5.1690e+03
[2024-11-06 03:48:16.796801] [0x00007e125f120880] [info]   iter-27 : 4.2205e+03  5.1675e+03
[2024-11-06 03:48:16.808453] [0x00007e125f120880] [info]   iter-28 : 4.2226e+03  5.2043e+03
[2024-11-06 03:48:16.821991] [0x00007e125f120880] [info]   iter-29 : 4.2804e+03  5.1956e+03
[2024-11-06 03:48:16.834388] [0x00007e125f120880] [info]   iter-30 : 4.3188e+03  5.1270e+03
[2024-11-06 03:48:16.841039] [0x00007e125f120880] [info]   iter-31 : 4.3337e+03  5.0967e+03
[2024-11-06 03:48:16.847516] [0x00007e125f120880] [info]   iter-32 : 4.3281e+03  5.0045e+03
[2024-11-06 03:48:16.852644] [0x00007e125f120880] [info]   iter-33 : 4.3183e+03  5.2091e+03
[2024-11-06 03:48:16.863330] [0x00007e125f120880] [info]   iter-34 : 4.4242e+03  5.1293e+03
[2024-11-06 03:48:16.869244] [0x00007e125f120880] [info]   iter-35 : 4.4108e+03  5.1396e+03
[2024-11-06 03:48:16.881383] [0x00007e125f120880] [info]   iter-36 : 4.3604e+03  5.1819e+03
[2024-11-06 03:48:16.890174] [0x00007e125f120880] [info]   iter-37 : 4.4618e+03  5.1088e+03
[2024-11-06 03:48:16.901261] [0x00007e125f120880] [info]   iter-38 : 4.4434e+03  5.0830e+03
[2024-11-06 03:48:16.909672] [0x00007e125f120880] [info]   iter-39 : 4.4411e+03  5.0948e+03
[2024-11-06 03:48:16.917532] [0x00007e125f120880] [info]   iter-40 : 4.4486e+03  5.1222e+03
[2024-11-06 03:48:16.925803] [0x00007e125f120880] [info]   iter-41 : 4.4625e+03  5.1357e+03
[2024-11-06 03:48:16.942866] [0x00007e125f120880] [info]   iter-42 : 4.5402e+03  5.1239e+03
[2024-11-06 03:48:16.943119] [0x00007e125f120880] [info]   current weighted HPWL: 5123.91um
[2024-11-06 03:48:16.943287] [0x00007e125f120880] [info] [0;36mGlobal placement completed[0m
[2024-11-06 03:48:16.943371] [0x00007e125f120880] [info] (wall time: 0.476000s, cpu time: 1.215877)
[2024-11-06 03:48:16.943495] [0x00007e125f120880] [info] (peak memory: 5396MB,  current memory: 5396MB)
[2024-11-06 03:48:16.943608] [0x00007e125f120880] [info] ------------------------------------------------------------
[2024-11-06 03:48:16.943680] [0x00007e125f120880] [info] Start standard cluster well legalization
[2024-11-06 03:48:16.943760] [0x00007e125f120880] [info]   Well max plug distance: 75um, 125 
[2024-11-06 03:48:16.943834] [0x00007e125f120880] [info]   GridValueX: 0.6 um
[2024-11-06 03:48:16.943918] [0x00007e125f120880] [info]   Well spacing: 1.275um, 3
[2024-11-06 03:48:16.944201] [0x00007e125f120880] [info]   Well tap cell width: 2
[2024-11-06 03:48:16.944428] [0x00007e125f120880] [info] Max movable cell width: 17
[2024-11-06 03:48:16.944511] [0x00007e125f120880] [info] Using default gridded row width: 2*max_unplug_length_
[2024-11-06 03:48:16.944584] [0x00007e125f120880] [info]   Total number of columns: 1
[2024-11-06 03:48:16.944607] [0x00007e125f120880] [info]   Gridded row width: 125.4um, 209
[2024-11-06 03:48:16.944742] [0x00007e125f120880] [info] Maximum possible number of gridded rows in a column: 47
[2024-11-06 03:48:16.945041] [0x00007e125f120880] [info] Form block clustering
[2024-11-06 03:48:16.946185] [0x00007e125f120880] [info]   current weighted HPWL: 7440.34um
[2024-11-06 03:48:16.946370] [0x00007e125f120880] [info] Flip cluster orientation
[2024-11-06 03:48:16.946451] [0x00007e125f120880] [info]   current weighted HPWL: 7565.25um
[2024-11-06 03:48:16.946599] [0x00007e125f120880] [info] Perform local reordering
[2024-11-06 03:48:16.946675] [0x00007e125f120880] [info] reorder iteration: 0
[2024-11-06 03:48:16.954755] [0x00007e125f120880] [info]   current weighted HPWL: 7345.12um
[2024-11-06 03:48:16.955134] [0x00007e125f120880] [info] reorder iteration: 1
[2024-11-06 03:48:16.967126] [0x00007e125f120880] [info]   current weighted HPWL: 7305.38um
[2024-11-06 03:48:16.967550] [0x00007e125f120880] [info] reorder iteration: 2
[2024-11-06 03:48:16.977980] [0x00007e125f120880] [info]   current weighted HPWL: 7281.97um
[2024-11-06 03:48:16.978460] [0x00007e125f120880] [info] reorder iteration: 3
[2024-11-06 03:48:16.998210] [0x00007e125f120880] [info]   current weighted HPWL: 7278.15um
[2024-11-06 03:48:16.998382] [0x00007e125f120880] [info] reorder iteration: 4
[2024-11-06 03:48:17.008580] [0x00007e125f120880] [info]   current weighted HPWL: 7266.11um
[2024-11-06 03:48:17.008750] [0x00007e125f120880] [info] reorder iteration: 5
[2024-11-06 03:48:17.017419] [0x00007e125f120880] [info]   current weighted HPWL: 7266.19um
[2024-11-06 03:48:17.017586] [0x00007e125f120880] [info] Insert well tap cells
[2024-11-06 03:48:17.017670] [0x00007e125f120880] [info] Insertion complete: 46 well tap cell created
[2024-11-06 03:48:17.017690] [0x00007e125f120880] [info] Skip creating end cap cells
[2024-11-06 03:48:17.017706] [0x00007e125f120880] [info]   current weighted HPWL: 7213.16um
[2024-11-06 03:48:17.017796] [0x00007e125f120880] [info] [0;36mStandard Cluster Well Legalization completed[0m
[2024-11-06 03:48:17.017821] [0x00007e125f120880] [info] (wall time: 0.074209s, cpu time: 0.110906)
[2024-11-06 03:48:17.017876] [0x00007e125f120880] [info] (peak memory: 5396MB,  current memory: 5396MB)
[2024-11-06 03:48:17.017898] [0x00007e125f120880] [info] Writing PP and NP rect file: dali_outppnp.rect
[2024-11-06 03:48:17.018445] [0x00007e125f120880] [info] Writing N-well rect file: dali_outwell.rect
[2024-11-06 03:48:17.018678] [0x00007e125f120880] [info] Writing cluster rect file: dali_out_router.cluster
[2024-11-06 03:48:17.018891] [0x00007e125f120880] [info] ------------------------------------------------------------
[2024-11-06 03:48:17.018964] [0x00007e125f120880] [info] Start I/O Placement
[2024-11-06 03:48:17.019082] [0x00007e125f120880] [info] [0;36mI/O Placement complete![0m
[2024-11-06 03:48:17.019153] [0x00007e125f120880] [warning] IoPlace flag not specified, use --auto-place by default
[2024-11-06 03:48:17.019173] [0x00007e125f120880] [info] ------------------------------------------------------------
[2024-11-06 03:48:17.019190] [0x00007e125f120880] [info] Start I/O Placement
[2024-11-06 03:48:17.019229] [0x00007e125f120880] [info] [0;36mI/O Placement complete![0m
[2024-11-06 03:48:17.019606] [0x00007e125f120880] [info] Export Pplus/Nplus fillings to PhyDB
[2024-11-06 03:48:17.019732] [0x00007e125f120880] [info] Export N wells to PhyDB
