[2024-11-06 15:31:25.517300] [0x000073710909b880] [info] ------------------------------------------------------------
[2024-11-06 15:31:25.517485] [0x000073710909b880] [info] Load information from PhyDB
[2024-11-06 15:31:25.517500] [0x000073710909b880] [info]   placement grid not set in PhyDB
[2024-11-06 15:31:25.517509] [0x000073710909b880] [info]   checking sites
[2024-11-06 15:31:25.517517] [0x000073710909b880] [info]     width : 0.6um
[2024-11-06 15:31:25.517539] [0x000073710909b880] [info]     height: 0.3um
[2024-11-06 15:31:25.519637] [0x000073710909b880] [info] No P-well layer info provided, creating fake info
[2024-11-06 15:31:25.519699] [0x000073710909b880] [info] (wall time: 0.002461s, cpu time: 0.002460)
[2024-11-06 15:31:25.519709] [0x000073710909b880] [info] ------------------------------------------------------------
[2024-11-06 15:31:25.519718] [0x000073710909b880] [info] Circuit brief summary:
[2024-11-06 15:31:25.519725] [0x000073710909b880] [info]   movable blocks: 817
[2024-11-06 15:31:25.519738] [0x000073710909b880] [info]   fixed blocks:   0
[2024-11-06 15:31:25.519747] [0x000073710909b880] [info]   blocks:         817
[2024-11-06 15:31:25.519754] [0x000073710909b880] [info]   iopins:         24
[2024-11-06 15:31:25.519764] [0x000073710909b880] [info]   nets:           838
[2024-11-06 15:31:25.519774] [0x000073710909b880] [info]   grid size x/y:  0.6/0.3um
[2024-11-06 15:31:25.519785] [0x000073710909b880] [info]   total movable blk area: 43838
[2024-11-06 15:31:25.519795] [0x000073710909b880] [info]   total white space     : 92880
[2024-11-06 15:31:25.519803] [0x000073710909b880] [info]   total block area      : 43838
[2024-11-06 15:31:25.519811] [0x000073710909b880] [info]   total space: 92880
[2024-11-06 15:31:25.519823] [0x000073710909b880] [info]     left:   10
[2024-11-06 15:31:25.519831] [0x000073710909b880] [info]     right:  225
[2024-11-06 15:31:25.519839] [0x000073710909b880] [info]     bottom: 18
[2024-11-06 15:31:25.519847] [0x000073710909b880] [info]     top:    450
[2024-11-06 15:31:25.519854] [0x000073710909b880] [info]   average movable width/height: 4.75153/10.3709um
[2024-11-06 15:31:25.519865] [0x000073710909b880] [info]   white space utility: 0.471985
[2024-11-06 15:31:25.519874] [0x000073710909b880] [info]   current weighted HPWL: 1576.69um
[2024-11-06 15:31:25.520034] [0x000073710909b880] [info] ------------------------------------------------------------
[2024-11-06 15:31:25.520045] [0x000073710909b880] [info] Start global placement
[2024-11-06 15:31:25.520053] [0x000073710909b880] [info]   target density: 0.5
[2024-11-06 15:31:25.520071] [0x000073710909b880] [info]   Block location initialization:
    HPWL before, 1576.69
[2024-11-06 15:31:25.520216] [0x000073710909b880] [info]     HPWL after, 74641.3
[2024-11-06 15:31:25.528406] [0x000073710909b880] [info]   iter-0  : 1.2416e+03  1.4672e+04
[2024-11-06 15:31:25.533620] [0x000073710909b880] [info]   iter-1  : 1.2433e+03  1.2012e+04
[2024-11-06 15:31:25.545410] [0x000073710909b880] [info]   iter-2  : 1.3229e+03  1.1434e+04
[2024-11-06 15:31:25.562440] [0x000073710909b880] [info]   iter-3  : 1.5903e+03  1.0576e+04
[2024-11-06 15:31:25.599467] [0x000073710909b880] [info]   iter-4  : 1.9334e+03  9.9998e+03
[2024-11-06 15:31:25.638196] [0x000073710909b880] [info]   iter-5  : 2.4111e+03  8.6032e+03
[2024-11-06 15:31:25.655472] [0x000073710909b880] [info]   iter-6  : 2.6701e+03  7.8706e+03
[2024-11-06 15:31:25.672276] [0x000073710909b880] [info]   iter-7  : 2.8138e+03  7.2584e+03
[2024-11-06 15:31:25.687266] [0x000073710909b880] [info]   iter-8  : 2.8968e+03  6.7061e+03
[2024-11-06 15:31:25.699447] [0x000073710909b880] [info]   iter-9  : 2.9819e+03  6.6067e+03
[2024-11-06 15:31:25.714985] [0x000073710909b880] [info]   iter-10 : 3.0504e+03  6.7208e+03
[2024-11-06 15:31:25.726446] [0x000073710909b880] [info]   iter-11 : 3.1506e+03  6.4695e+03
[2024-11-06 15:31:25.738406] [0x000073710909b880] [info]   iter-12 : 3.2236e+03  6.5286e+03
[2024-11-06 15:31:25.751219] [0x000073710909b880] [info]   iter-13 : 3.3072e+03  7.0359e+03
[2024-11-06 15:31:25.771548] [0x000073710909b880] [info]   iter-14 : 3.4208e+03  6.8472e+03
[2024-11-06 15:31:25.787608] [0x000073710909b880] [info]   iter-15 : 3.5796e+03  6.3761e+03
[2024-11-06 15:31:25.803441] [0x000073710909b880] [info]   iter-16 : 3.6880e+03  6.1653e+03
[2024-11-06 15:31:25.821472] [0x000073710909b880] [info]   iter-17 : 3.7679e+03  5.9345e+03
[2024-11-06 15:31:25.837892] [0x000073710909b880] [info]   iter-18 : 3.8377e+03  5.6369e+03
[2024-11-06 15:31:25.854789] [0x000073710909b880] [info]   iter-19 : 3.9164e+03  5.3136e+03
[2024-11-06 15:31:25.868786] [0x000073710909b880] [info]   iter-20 : 3.9109e+03  5.5729e+03
[2024-11-06 15:31:25.888376] [0x000073710909b880] [info]   iter-21 : 4.0076e+03  5.0914e+03
[2024-11-06 15:31:25.897771] [0x000073710909b880] [info]   iter-22 : 4.0062e+03  5.2026e+03
[2024-11-06 15:31:25.905563] [0x000073710909b880] [info]   iter-23 : 4.0234e+03  5.1481e+03
[2024-11-06 15:31:25.912588] [0x000073710909b880] [info]   iter-24 : 4.0357e+03  5.4184e+03
[2024-11-06 15:31:25.918449] [0x000073710909b880] [info]   iter-25 : 4.2007e+03  5.2947e+03
[2024-11-06 15:31:25.922864] [0x000073710909b880] [info]   iter-26 : 4.1920e+03  5.3610e+03
[2024-11-06 15:31:25.926718] [0x000073710909b880] [info]   iter-27 : 4.1977e+03  5.1283e+03
[2024-11-06 15:31:25.930591] [0x000073710909b880] [info]   iter-28 : 4.2307e+03  5.1120e+03
[2024-11-06 15:31:25.938399] [0x000073710909b880] [info]   iter-29 : 4.2640e+03  5.1114e+03
[2024-11-06 15:31:25.938475] [0x000073710909b880] [info]   current weighted HPWL: 5111.44um
[2024-11-06 15:31:25.938568] [0x000073710909b880] [info] [0;36mGlobal placement completed[0m
[2024-11-06 15:31:25.938590] [0x000073710909b880] [info] (wall time: 0.418554s, cpu time: 1.059351)
[2024-11-06 15:31:25.938742] [0x000073710909b880] [info] (peak memory: 5396MB,  current memory: 5396MB)
[2024-11-06 15:31:25.939494] [0x000073710909b880] [info] ------------------------------------------------------------
[2024-11-06 15:31:25.939537] [0x000073710909b880] [info] Start standard cluster well legalization
[2024-11-06 15:31:25.939562] [0x000073710909b880] [info]   Well max plug distance: 75um, 125 
[2024-11-06 15:31:25.939586] [0x000073710909b880] [info]   GridValueX: 0.6 um
[2024-11-06 15:31:25.939604] [0x000073710909b880] [info]   Well spacing: 1.275um, 3
[2024-11-06 15:31:25.939622] [0x000073710909b880] [info]   Well tap cell width: 2
[2024-11-06 15:31:25.939784] [0x000073710909b880] [info] Max movable cell width: 17
[2024-11-06 15:31:25.939995] [0x000073710909b880] [info] Using default gridded row width: 2*max_unplug_length_
[2024-11-06 15:31:25.940022] [0x000073710909b880] [info]   Total number of columns: 1
[2024-11-06 15:31:25.940046] [0x000073710909b880] [info]   Gridded row width: 125.4um, 209
[2024-11-06 15:31:25.940154] [0x000073710909b880] [info] Maximum possible number of gridded rows in a column: 47
[2024-11-06 15:31:25.940367] [0x000073710909b880] [info] Form block clustering
[2024-11-06 15:31:25.941311] [0x000073710909b880] [info]   current weighted HPWL: 7211.48um
[2024-11-06 15:31:25.941433] [0x000073710909b880] [info] Flip cluster orientation
[2024-11-06 15:31:25.941454] [0x000073710909b880] [info]   current weighted HPWL: 7328.18um
[2024-11-06 15:31:25.941549] [0x000073710909b880] [info] Perform local reordering
[2024-11-06 15:31:25.941565] [0x000073710909b880] [info] reorder iteration: 0
[2024-11-06 15:31:25.949309] [0x000073710909b880] [info]   current weighted HPWL: 7192.01um
[2024-11-06 15:31:25.949471] [0x000073710909b880] [info] reorder iteration: 1
[2024-11-06 15:31:25.957583] [0x000073710909b880] [info]   current weighted HPWL: 7083.67um
[2024-11-06 15:31:25.957810] [0x000073710909b880] [info] reorder iteration: 2
[2024-11-06 15:31:25.965658] [0x000073710909b880] [info]   current weighted HPWL: 7087.39um
[2024-11-06 15:31:25.965815] [0x000073710909b880] [info] reorder iteration: 3
[2024-11-06 15:31:25.975915] [0x000073710909b880] [info]   current weighted HPWL: 7072.27um
[2024-11-06 15:31:25.976436] [0x000073710909b880] [info] reorder iteration: 4
[2024-11-06 15:31:25.984629] [0x000073710909b880] [info]   current weighted HPWL: 7093.91um
[2024-11-06 15:31:25.985057] [0x000073710909b880] [info] reorder iteration: 5
[2024-11-06 15:31:25.993902] [0x000073710909b880] [info]   current weighted HPWL: 7110.86um
[2024-11-06 15:31:25.994116] [0x000073710909b880] [info] Insert well tap cells
[2024-11-06 15:31:25.994208] [0x000073710909b880] [info] Insertion complete: 46 well tap cell created
[2024-11-06 15:31:25.994229] [0x000073710909b880] [info] Skip creating end cap cells
[2024-11-06 15:31:25.994246] [0x000073710909b880] [info]   current weighted HPWL: 7029.64um
[2024-11-06 15:31:25.994354] [0x000073710909b880] [info] [0;36mStandard Cluster Well Legalization completed[0m
[2024-11-06 15:31:25.994380] [0x000073710909b880] [info] (wall time: 0.054885s, cpu time: 0.099265)
[2024-11-06 15:31:25.994644] [0x000073710909b880] [info] (peak memory: 5396MB,  current memory: 5396MB)
[2024-11-06 15:31:25.994684] [0x000073710909b880] [info] Writing PP and NP rect file: dali_outppnp.rect
[2024-11-06 15:31:25.995255] [0x000073710909b880] [info] Writing N-well rect file: dali_outwell.rect
[2024-11-06 15:31:25.995487] [0x000073710909b880] [info] Writing cluster rect file: dali_out_router.cluster
[2024-11-06 15:31:25.995805] [0x000073710909b880] [info] ------------------------------------------------------------
[2024-11-06 15:31:25.995870] [0x000073710909b880] [info] Start I/O Placement
[2024-11-06 15:31:25.995917] [0x000073710909b880] [info] [0;36mI/O Placement complete![0m
[2024-11-06 15:31:25.996029] [0x000073710909b880] [warning] IoPlace flag not specified, use --auto-place by default
[2024-11-06 15:31:25.996046] [0x000073710909b880] [info] ------------------------------------------------------------
[2024-11-06 15:31:25.996055] [0x000073710909b880] [info] Start I/O Placement
[2024-11-06 15:31:25.996091] [0x000073710909b880] [info] [0;36mI/O Placement complete![0m
[2024-11-06 15:31:25.996445] [0x000073710909b880] [info] Export Pplus/Nplus fillings to PhyDB
[2024-11-06 15:31:25.996479] [0x000073710909b880] [info] Export N wells to PhyDB
