[2024-11-06 03:03:17.919618] [0x00007b3653d79880] [info] ------------------------------------------------------------
[2024-11-06 03:03:17.920542] [0x00007b3653d79880] [info] Load information from PhyDB
[2024-11-06 03:03:17.920574] [0x00007b3653d79880] [info]   placement grid not set in PhyDB
[2024-11-06 03:03:17.920591] [0x00007b3653d79880] [info]   checking sites
[2024-11-06 03:03:17.920607] [0x00007b3653d79880] [info]     width : 0.6um
[2024-11-06 03:03:17.920643] [0x00007b3653d79880] [info]     height: 0.3um
[2024-11-06 03:03:17.924061] [0x00007b3653d79880] [info] No P-well layer info provided, creating fake info
[2024-11-06 03:03:17.925138] [0x00007b3653d79880] [info] (wall time: 0.006913s, cpu time: 0.003188)
[2024-11-06 03:03:17.925178] [0x00007b3653d79880] [info] ------------------------------------------------------------
[2024-11-06 03:03:17.925190] [0x00007b3653d79880] [info] Circuit brief summary:
[2024-11-06 03:03:17.925201] [0x00007b3653d79880] [info]   movable blocks: 817
[2024-11-06 03:03:17.925216] [0x00007b3653d79880] [info]   fixed blocks:   0
[2024-11-06 03:03:17.925226] [0x00007b3653d79880] [info]   blocks:         817
[2024-11-06 03:03:17.925236] [0x00007b3653d79880] [info]   iopins:         24
[2024-11-06 03:03:17.925262] [0x00007b3653d79880] [info]   nets:           838
[2024-11-06 03:03:17.925272] [0x00007b3653d79880] [info]   grid size x/y:  0.6/0.3um
[2024-11-06 03:03:17.925285] [0x00007b3653d79880] [info]   total movable blk area: 43838
[2024-11-06 03:03:17.925311] [0x00007b3653d79880] [info]   total white space     : 92880
[2024-11-06 03:03:17.925326] [0x00007b3653d79880] [info]   total block area      : 43838
[2024-11-06 03:03:17.925336] [0x00007b3653d79880] [info]   total space: 92880
[2024-11-06 03:03:17.925351] [0x00007b3653d79880] [info]     left:   10
[2024-11-06 03:03:17.925375] [0x00007b3653d79880] [info]     right:  225
[2024-11-06 03:03:17.925385] [0x00007b3653d79880] [info]     bottom: 18
[2024-11-06 03:03:17.925395] [0x00007b3653d79880] [info]     top:    450
[2024-11-06 03:03:17.925405] [0x00007b3653d79880] [info]   average movable width/height: 4.75153/10.3709um
[2024-11-06 03:03:17.925419] [0x00007b3653d79880] [info]   white space utility: 0.471985
[2024-11-06 03:03:17.925433] [0x00007b3653d79880] [info]   current weighted HPWL: 1590.9um
[2024-11-06 03:03:17.925566] [0x00007b3653d79880] [info] ------------------------------------------------------------
[2024-11-06 03:03:17.925588] [0x00007b3653d79880] [info] Start global placement
[2024-11-06 03:03:17.925600] [0x00007b3653d79880] [info]   target density: 0.5
[2024-11-06 03:03:17.925669] [0x00007b3653d79880] [info]   Block location initialization:
    HPWL before, 1590.9
[2024-11-06 03:03:17.925791] [0x00007b3653d79880] [info]     HPWL after, 74646.4
[2024-11-06 03:03:17.937747] [0x00007b3653d79880] [info]   iter-0  : 1.2336e+03  1.3865e+04
[2024-11-06 03:03:17.943399] [0x00007b3653d79880] [info]   iter-1  : 1.2298e+03  1.1453e+04
[2024-11-06 03:03:17.958264] [0x00007b3653d79880] [info]   iter-2  : 1.3065e+03  1.0832e+04
[2024-11-06 03:03:17.976234] [0x00007b3653d79880] [info]   iter-3  : 1.5676e+03  9.8084e+03
[2024-11-06 03:03:17.994256] [0x00007b3653d79880] [info]   iter-4  : 1.9168e+03  8.5750e+03
[2024-11-06 03:03:18.011791] [0x00007b3653d79880] [info]   iter-5  : 2.3951e+03  7.8484e+03
[2024-11-06 03:03:18.022891] [0x00007b3653d79880] [info]   iter-6  : 2.6197e+03  7.2715e+03
[2024-11-06 03:03:18.032468] [0x00007b3653d79880] [info]   iter-7  : 2.7691e+03  6.9001e+03
[2024-11-06 03:03:18.040100] [0x00007b3653d79880] [info]   iter-8  : 2.8530e+03  6.5376e+03
[2024-11-06 03:03:18.045091] [0x00007b3653d79880] [info]   iter-9  : 2.8730e+03  6.5632e+03
[2024-11-06 03:03:18.050472] [0x00007b3653d79880] [info]   iter-10 : 2.9611e+03  6.3375e+03
[2024-11-06 03:03:18.059275] [0x00007b3653d79880] [info]   iter-11 : 3.0367e+03  6.5464e+03
[2024-11-06 03:03:18.068133] [0x00007b3653d79880] [info]   iter-12 : 3.0856e+03  6.5675e+03
[2024-11-06 03:03:18.074903] [0x00007b3653d79880] [info]   iter-13 : 3.1975e+03  6.0437e+03
[2024-11-06 03:03:18.080223] [0x00007b3653d79880] [info]   iter-14 : 3.2054e+03  5.6171e+03
[2024-11-06 03:03:18.085415] [0x00007b3653d79880] [info]   iter-15 : 3.2671e+03  5.6691e+03
[2024-11-06 03:03:18.091163] [0x00007b3653d79880] [info]   iter-16 : 3.3707e+03  5.5445e+03
[2024-11-06 03:03:18.097918] [0x00007b3653d79880] [info]   iter-17 : 3.5046e+03  5.4836e+03
[2024-11-06 03:03:18.103606] [0x00007b3653d79880] [info]   iter-18 : 3.6049e+03  5.4218e+03
[2024-11-06 03:03:18.108520] [0x00007b3653d79880] [info]   iter-19 : 3.6553e+03  5.3304e+03
[2024-11-06 03:03:18.113598] [0x00007b3653d79880] [info]   iter-20 : 3.7287e+03  5.3435e+03
[2024-11-06 03:03:18.119104] [0x00007b3653d79880] [info]   iter-21 : 3.8414e+03  5.6580e+03
[2024-11-06 03:03:18.124181] [0x00007b3653d79880] [info]   iter-22 : 3.9289e+03  5.5345e+03
[2024-11-06 03:03:18.133056] [0x00007b3653d79880] [info]   iter-23 : 4.0136e+03  5.3894e+03
[2024-11-06 03:03:18.140321] [0x00007b3653d79880] [info]   iter-24 : 4.0284e+03  5.3288e+03
[2024-11-06 03:03:18.151599] [0x00007b3653d79880] [info]   iter-25 : 4.1172e+03  5.3041e+03
[2024-11-06 03:03:18.161164] [0x00007b3653d79880] [info]   iter-26 : 4.1511e+03  5.2711e+03
[2024-11-06 03:03:18.170108] [0x00007b3653d79880] [info]   iter-27 : 4.2373e+03  5.3495e+03
[2024-11-06 03:03:18.176523] [0x00007b3653d79880] [info]   iter-28 : 4.3517e+03  5.2620e+03
[2024-11-06 03:03:18.181204] [0x00007b3653d79880] [info]   iter-29 : 4.3315e+03  5.1266e+03
[2024-11-06 03:03:18.185579] [0x00007b3653d79880] [info]   iter-30 : 4.3368e+03  5.2102e+03
[2024-11-06 03:03:18.191294] [0x00007b3653d79880] [info]   iter-31 : 4.4014e+03  5.2684e+03
[2024-11-06 03:03:18.195453] [0x00007b3653d79880] [info]   iter-32 : 4.4444e+03  5.1604e+03
[2024-11-06 03:03:18.200061] [0x00007b3653d79880] [info]   iter-33 : 4.4466e+03  5.2284e+03
[2024-11-06 03:03:18.204224] [0x00007b3653d79880] [info]   iter-34 : 4.4968e+03  5.2922e+03
[2024-11-06 03:03:18.208507] [0x00007b3653d79880] [info]   iter-35 : 4.5365e+03  5.1623e+03
[2024-11-06 03:03:18.212555] [0x00007b3653d79880] [info]   iter-36 : 4.5019e+03  5.1658e+03
[2024-11-06 03:03:18.216882] [0x00007b3653d79880] [info]   iter-37 : 4.5198e+03  5.1984e+03
[2024-11-06 03:03:18.221137] [0x00007b3653d79880] [info]   iter-38 : 4.5355e+03  5.1592e+03
[2024-11-06 03:03:18.227992] [0x00007b3653d79880] [info]   iter-39 : 4.5479e+03  5.3258e+03
[2024-11-06 03:03:18.235197] [0x00007b3653d79880] [info]   iter-40 : 4.6535e+03  5.1742e+03
[2024-11-06 03:03:18.240473] [0x00007b3653d79880] [info]   iter-41 : 4.6125e+03  5.2442e+03
[2024-11-06 03:03:18.245219] [0x00007b3653d79880] [info]   iter-42 : 4.6617e+03  5.3327e+03
[2024-11-06 03:03:18.250194] [0x00007b3653d79880] [info]   iter-43 : 4.7015e+03  5.2607e+03
[2024-11-06 03:03:18.254516] [0x00007b3653d79880] [info]   iter-44 : 4.6911e+03  5.3057e+03
[2024-11-06 03:03:18.259068] [0x00007b3653d79880] [info]   iter-45 : 4.7259e+03  5.2505e+03
[2024-11-06 03:03:18.263125] [0x00007b3653d79880] [info]   iter-46 : 4.7311e+03  5.2072e+03
[2024-11-06 03:03:18.267584] [0x00007b3653d79880] [info]   iter-47 : 4.7185e+03  5.1771e+03
[2024-11-06 03:03:18.271623] [0x00007b3653d79880] [info]   iter-48 : 4.6891e+03  5.2723e+03
[2024-11-06 03:03:18.275935] [0x00007b3653d79880] [info]   iter-49 : 4.7583e+03  5.2082e+03
[2024-11-06 03:03:18.280270] [0x00007b3653d79880] [info]   iter-50 : 4.7292e+03  5.3312e+03
[2024-11-06 03:03:18.284924] [0x00007b3653d79880] [info]   iter-51 : 4.7880e+03  5.3007e+03
[2024-11-06 03:03:18.289775] [0x00007b3653d79880] [info]   iter-52 : 4.7995e+03  5.3768e+03
[2024-11-06 03:03:18.293712] [0x00007b3653d79880] [info]   iter-53 : 4.8522e+03  5.3131e+03
[2024-11-06 03:03:18.297917] [0x00007b3653d79880] [info]   iter-54 : 4.8302e+03  5.3320e+03
[2024-11-06 03:03:18.302974] [0x00007b3653d79880] [info]   iter-55 : 4.8474e+03  5.2933e+03
[2024-11-06 03:03:18.306994] [0x00007b3653d79880] [info]   iter-56 : 4.8269e+03  5.3343e+03
[2024-11-06 03:03:18.310860] [0x00007b3653d79880] [info]   iter-57 : 4.8382e+03  5.3691e+03
[2024-11-06 03:03:18.314890] [0x00007b3653d79880] [info]   iter-58 : 4.9061e+03  5.4142e+03
[2024-11-06 03:03:18.322859] [0x00007b3653d79880] [info]   iter-59 : 4.9165e+03  5.2724e+03
[2024-11-06 03:03:18.323022] [0x00007b3653d79880] [info]   current weighted HPWL: 5272.39um
[2024-11-06 03:03:18.323133] [0x00007b3653d79880] [info] [0;36mGlobal placement completed[0m
[2024-11-06 03:03:18.323199] [0x00007b3653d79880] [info] (wall time: 0.397642s, cpu time: 1.295135)
[2024-11-06 03:03:18.323360] [0x00007b3653d79880] [info] (peak memory: 5384MB,  current memory: 5384MB)
[2024-11-06 03:03:18.323502] [0x00007b3653d79880] [info] ------------------------------------------------------------
[2024-11-06 03:03:18.323525] [0x00007b3653d79880] [info] Start standard cluster well legalization
[2024-11-06 03:03:18.323547] [0x00007b3653d79880] [info]   Well max plug distance: 75um, 125 
[2024-11-06 03:03:18.323568] [0x00007b3653d79880] [info]   GridValueX: 0.6 um
[2024-11-06 03:03:18.323586] [0x00007b3653d79880] [info]   Well spacing: 1.275um, 3
[2024-11-06 03:03:18.323603] [0x00007b3653d79880] [info]   Well tap cell width: 2
[2024-11-06 03:03:18.323783] [0x00007b3653d79880] [info] Max movable cell width: 17
[2024-11-06 03:03:18.323809] [0x00007b3653d79880] [info] Using default gridded row width: 2*max_unplug_length_
[2024-11-06 03:03:18.323826] [0x00007b3653d79880] [info]   Total number of columns: 1
[2024-11-06 03:03:18.323842] [0x00007b3653d79880] [info]   Gridded row width: 125.4um, 209
[2024-11-06 03:03:18.323938] [0x00007b3653d79880] [info] Maximum possible number of gridded rows in a column: 47
[2024-11-06 03:03:18.324196] [0x00007b3653d79880] [info] Form block clustering
[2024-11-06 03:03:18.325212] [0x00007b3653d79880] [info]   current weighted HPWL: 7345.69um
[2024-11-06 03:03:18.325323] [0x00007b3653d79880] [info] Flip cluster orientation
[2024-11-06 03:03:18.325343] [0x00007b3653d79880] [info]   current weighted HPWL: 7530.79um
[2024-11-06 03:03:18.325432] [0x00007b3653d79880] [info] Perform local reordering
[2024-11-06 03:03:18.325449] [0x00007b3653d79880] [info] reorder iteration: 0
[2024-11-06 03:03:18.337013] [0x00007b3653d79880] [info]   current weighted HPWL: 7215.83um
[2024-11-06 03:03:18.337205] [0x00007b3653d79880] [info] reorder iteration: 1
[2024-11-06 03:03:18.346056] [0x00007b3653d79880] [info]   current weighted HPWL: 7129.35um
[2024-11-06 03:03:18.346217] [0x00007b3653d79880] [info] reorder iteration: 2
[2024-11-06 03:03:18.355565] [0x00007b3653d79880] [info]   current weighted HPWL: 7115.29um
[2024-11-06 03:03:18.355715] [0x00007b3653d79880] [info] reorder iteration: 3
[2024-11-06 03:03:18.365953] [0x00007b3653d79880] [info]   current weighted HPWL: 7110.49um
[2024-11-06 03:03:18.366233] [0x00007b3653d79880] [info] reorder iteration: 4
[2024-11-06 03:03:18.375751] [0x00007b3653d79880] [info]   current weighted HPWL: 7109.17um
[2024-11-06 03:03:18.375937] [0x00007b3653d79880] [info] reorder iteration: 5
[2024-11-06 03:03:18.385126] [0x00007b3653d79880] [info]   current weighted HPWL: 7116.82um
[2024-11-06 03:03:18.385277] [0x00007b3653d79880] [info] Insert well tap cells
[2024-11-06 03:03:18.385355] [0x00007b3653d79880] [info] Insertion complete: 44 well tap cell created
[2024-11-06 03:03:18.385375] [0x00007b3653d79880] [info] Skip creating end cap cells
[2024-11-06 03:03:18.385392] [0x00007b3653d79880] [info]   current weighted HPWL: 7086.98um
[2024-11-06 03:03:18.385483] [0x00007b3653d79880] [info] [0;36mStandard Cluster Well Legalization completed[0m
[2024-11-06 03:03:18.385508] [0x00007b3653d79880] [info] (wall time: 0.062003s, cpu time: 0.109209)
[2024-11-06 03:03:18.385569] [0x00007b3653d79880] [info] (peak memory: 5384MB,  current memory: 5384MB)
[2024-11-06 03:03:18.385592] [0x00007b3653d79880] [info] Writing PP and NP rect file: dali_outppnp.rect
[2024-11-06 03:03:18.386818] [0x00007b3653d79880] [info] Writing N-well rect file: dali_outwell.rect
[2024-11-06 03:03:18.387072] [0x00007b3653d79880] [info] Writing cluster rect file: dali_out_router.cluster
[2024-11-06 03:03:18.387295] [0x00007b3653d79880] [info] ------------------------------------------------------------
[2024-11-06 03:03:18.387323] [0x00007b3653d79880] [info] Start I/O Placement
[2024-11-06 03:03:18.387433] [0x00007b3653d79880] [info] [0;36mI/O Placement complete![0m
[2024-11-06 03:03:18.387488] [0x00007b3653d79880] [warning] IoPlace flag not specified, use --auto-place by default
[2024-11-06 03:03:18.387509] [0x00007b3653d79880] [info] ------------------------------------------------------------
[2024-11-06 03:03:18.387525] [0x00007b3653d79880] [info] Start I/O Placement
[2024-11-06 03:03:18.387565] [0x00007b3653d79880] [info] [0;36mI/O Placement complete![0m
[2024-11-06 03:03:18.387989] [0x00007b3653d79880] [info] Export Pplus/Nplus fillings to PhyDB
[2024-11-06 03:03:18.388112] [0x00007b3653d79880] [info] Export N wells to PhyDB
