[2024-11-06 03:23:19.736887] [0x00007d2c2dcc7880] [info] ------------------------------------------------------------
[2024-11-06 03:23:19.737187] [0x00007d2c2dcc7880] [info] Load information from PhyDB
[2024-11-06 03:23:19.737201] [0x00007d2c2dcc7880] [info]   placement grid not set in PhyDB
[2024-11-06 03:23:19.737210] [0x00007d2c2dcc7880] [info]   checking sites
[2024-11-06 03:23:19.737217] [0x00007d2c2dcc7880] [info]     width : 0.6um
[2024-11-06 03:23:19.737233] [0x00007d2c2dcc7880] [info]     height: 0.3um
[2024-11-06 03:23:19.739298] [0x00007d2c2dcc7880] [info] No P-well layer info provided, creating fake info
[2024-11-06 03:23:19.739383] [0x00007d2c2dcc7880] [info] (wall time: 0.002557s, cpu time: 0.002533)
[2024-11-06 03:23:19.739402] [0x00007d2c2dcc7880] [info] ------------------------------------------------------------
[2024-11-06 03:23:19.739418] [0x00007d2c2dcc7880] [info] Circuit brief summary:
[2024-11-06 03:23:19.739433] [0x00007d2c2dcc7880] [info]   movable blocks: 817
[2024-11-06 03:23:19.739455] [0x00007d2c2dcc7880] [info]   fixed blocks:   0
[2024-11-06 03:23:19.739471] [0x00007d2c2dcc7880] [info]   blocks:         817
[2024-11-06 03:23:19.739486] [0x00007d2c2dcc7880] [info]   iopins:         24
[2024-11-06 03:23:19.739502] [0x00007d2c2dcc7880] [info]   nets:           838
[2024-11-06 03:23:19.739517] [0x00007d2c2dcc7880] [info]   grid size x/y:  0.6/0.3um
[2024-11-06 03:23:19.739536] [0x00007d2c2dcc7880] [info]   total movable blk area: 43838
[2024-11-06 03:23:19.739553] [0x00007d2c2dcc7880] [info]   total white space     : 92880
[2024-11-06 03:23:19.739569] [0x00007d2c2dcc7880] [info]   total block area      : 43838
[2024-11-06 03:23:19.739585] [0x00007d2c2dcc7880] [info]   total space: 92880
[2024-11-06 03:23:19.739604] [0x00007d2c2dcc7880] [info]     left:   10
[2024-11-06 03:23:19.739620] [0x00007d2c2dcc7880] [info]     right:  225
[2024-11-06 03:23:19.739635] [0x00007d2c2dcc7880] [info]     bottom: 18
[2024-11-06 03:23:19.739650] [0x00007d2c2dcc7880] [info]     top:    450
[2024-11-06 03:23:19.739669] [0x00007d2c2dcc7880] [info]   average movable width/height: 4.75153/10.3709um
[2024-11-06 03:23:19.739688] [0x00007d2c2dcc7880] [info]   white space utility: 0.471985
[2024-11-06 03:23:19.739705] [0x00007d2c2dcc7880] [info]   current weighted HPWL: 1598.59um
[2024-11-06 03:23:19.739827] [0x00007d2c2dcc7880] [info] ------------------------------------------------------------
[2024-11-06 03:23:19.739844] [0x00007d2c2dcc7880] [info] Start global placement
[2024-11-06 03:23:19.739860] [0x00007d2c2dcc7880] [info]   target density: 0.5
[2024-11-06 03:23:19.739883] [0x00007d2c2dcc7880] [info]   Block location initialization:
    HPWL before, 1598.59
[2024-11-06 03:23:19.740125] [0x00007d2c2dcc7880] [info]     HPWL after, 74643.3
[2024-11-06 03:23:19.749001] [0x00007d2c2dcc7880] [info]   iter-0  : 1.2411e+03  1.4526e+04
[2024-11-06 03:23:19.754542] [0x00007d2c2dcc7880] [info]   iter-1  : 1.2350e+03  1.2101e+04
[2024-11-06 03:23:19.770290] [0x00007d2c2dcc7880] [info]   iter-2  : 1.3336e+03  1.1129e+04
[2024-11-06 03:23:19.792988] [0x00007d2c2dcc7880] [info]   iter-3  : 1.6064e+03  1.0888e+04
[2024-11-06 03:23:19.809712] [0x00007d2c2dcc7880] [info]   iter-4  : 1.9477e+03  1.0568e+04
[2024-11-06 03:23:19.824917] [0x00007d2c2dcc7880] [info]   iter-5  : 2.3928e+03  8.9510e+03
[2024-11-06 03:23:19.837460] [0x00007d2c2dcc7880] [info]   iter-6  : 2.6150e+03  7.8748e+03
[2024-11-06 03:23:19.847727] [0x00007d2c2dcc7880] [info]   iter-7  : 2.7281e+03  7.4574e+03
[2024-11-06 03:23:19.858195] [0x00007d2c2dcc7880] [info]   iter-8  : 2.8115e+03  7.0455e+03
[2024-11-06 03:23:19.865641] [0x00007d2c2dcc7880] [info]   iter-9  : 2.8646e+03  7.1627e+03
[2024-11-06 03:23:19.874452] [0x00007d2c2dcc7880] [info]   iter-10 : 2.9919e+03  6.7544e+03
[2024-11-06 03:23:19.883210] [0x00007d2c2dcc7880] [info]   iter-11 : 3.0700e+03  6.7165e+03
[2024-11-06 03:23:19.891793] [0x00007d2c2dcc7880] [info]   iter-12 : 3.1135e+03  6.7627e+03
[2024-11-06 03:23:19.907176] [0x00007d2c2dcc7880] [info]   iter-13 : 3.2449e+03  6.3382e+03
[2024-11-06 03:23:19.915116] [0x00007d2c2dcc7880] [info]   iter-14 : 3.3288e+03  6.3082e+03
[2024-11-06 03:23:19.920781] [0x00007d2c2dcc7880] [info]   iter-15 : 3.5079e+03  5.8829e+03
[2024-11-06 03:23:19.929681] [0x00007d2c2dcc7880] [info]   iter-16 : 3.5513e+03  5.7988e+03
[2024-11-06 03:23:19.938469] [0x00007d2c2dcc7880] [info]   iter-17 : 3.6592e+03  6.0022e+03
[2024-11-06 03:23:19.951225] [0x00007d2c2dcc7880] [info]   iter-18 : 3.8584e+03  5.6976e+03
[2024-11-06 03:23:19.967383] [0x00007d2c2dcc7880] [info]   iter-19 : 3.8924e+03  5.5575e+03
[2024-11-06 03:23:19.975870] [0x00007d2c2dcc7880] [info]   iter-20 : 3.9360e+03  5.4858e+03
[2024-11-06 03:23:19.987843] [0x00007d2c2dcc7880] [info]   iter-21 : 4.0093e+03  5.3932e+03
[2024-11-06 03:23:20.005423] [0x00007d2c2dcc7880] [info]   iter-22 : 4.0739e+03  5.2729e+03
[2024-11-06 03:23:20.011104] [0x00007d2c2dcc7880] [info]   iter-23 : 4.1067e+03  5.4356e+03
[2024-11-06 03:23:20.026586] [0x00007d2c2dcc7880] [info]   iter-24 : 4.1529e+03  5.1931e+03
[2024-11-06 03:23:20.031653] [0x00007d2c2dcc7880] [info]   iter-25 : 4.1536e+03  5.2219e+03
[2024-11-06 03:23:20.042700] [0x00007d2c2dcc7880] [info]   iter-26 : 4.2198e+03  5.1690e+03
[2024-11-06 03:23:20.059414] [0x00007d2c2dcc7880] [info]   iter-27 : 4.2205e+03  5.1675e+03
[2024-11-06 03:23:20.081726] [0x00007d2c2dcc7880] [info]   iter-28 : 4.2226e+03  5.2043e+03
[2024-11-06 03:23:20.109423] [0x00007d2c2dcc7880] [info]   iter-29 : 4.2804e+03  5.1956e+03
[2024-11-06 03:23:20.124874] [0x00007d2c2dcc7880] [info]   iter-30 : 4.3188e+03  5.1270e+03
[2024-11-06 03:23:20.142339] [0x00007d2c2dcc7880] [info]   iter-31 : 4.3337e+03  5.0967e+03
[2024-11-06 03:23:20.158804] [0x00007d2c2dcc7880] [info]   iter-32 : 4.3281e+03  5.0045e+03
[2024-11-06 03:23:20.174180] [0x00007d2c2dcc7880] [info]   iter-33 : 4.3183e+03  5.2091e+03
[2024-11-06 03:23:20.190345] [0x00007d2c2dcc7880] [info]   iter-34 : 4.4242e+03  5.1293e+03
[2024-11-06 03:23:20.202872] [0x00007d2c2dcc7880] [info]   iter-35 : 4.4108e+03  5.1396e+03
[2024-11-06 03:23:20.218489] [0x00007d2c2dcc7880] [info]   iter-36 : 4.3604e+03  5.1819e+03
[2024-11-06 03:23:20.239280] [0x00007d2c2dcc7880] [info]   iter-37 : 4.4618e+03  5.1088e+03
[2024-11-06 03:23:20.259855] [0x00007d2c2dcc7880] [info]   iter-38 : 4.4434e+03  5.0830e+03
[2024-11-06 03:23:20.275488] [0x00007d2c2dcc7880] [info]   iter-39 : 4.4411e+03  5.0948e+03
[2024-11-06 03:23:20.293509] [0x00007d2c2dcc7880] [info]   iter-40 : 4.4486e+03  5.1222e+03
[2024-11-06 03:23:20.310358] [0x00007d2c2dcc7880] [info]   iter-41 : 4.4625e+03  5.1357e+03
[2024-11-06 03:23:20.333432] [0x00007d2c2dcc7880] [info]   iter-42 : 4.5402e+03  5.1239e+03
[2024-11-06 03:23:20.333503] [0x00007d2c2dcc7880] [info]   current weighted HPWL: 5123.91um
[2024-11-06 03:23:20.333598] [0x00007d2c2dcc7880] [info] [0;36mGlobal placement completed[0m
[2024-11-06 03:23:20.333620] [0x00007d2c2dcc7880] [info] (wall time: 0.593791s, cpu time: 1.414981)
[2024-11-06 03:23:20.337305] [0x00007d2c2dcc7880] [info] (peak memory: 5396MB,  current memory: 5396MB)
[2024-11-06 03:23:20.337433] [0x00007d2c2dcc7880] [info] ------------------------------------------------------------
[2024-11-06 03:23:20.337455] [0x00007d2c2dcc7880] [info] Start standard cluster well legalization
[2024-11-06 03:23:20.337498] [0x00007d2c2dcc7880] [info]   Well max plug distance: 75um, 125 
[2024-11-06 03:23:20.337525] [0x00007d2c2dcc7880] [info]   GridValueX: 0.6 um
[2024-11-06 03:23:20.337544] [0x00007d2c2dcc7880] [info]   Well spacing: 1.275um, 3
[2024-11-06 03:23:20.337561] [0x00007d2c2dcc7880] [info]   Well tap cell width: 2
[2024-11-06 03:23:20.337734] [0x00007d2c2dcc7880] [info] Max movable cell width: 17
[2024-11-06 03:23:20.337755] [0x00007d2c2dcc7880] [info] Using default gridded row width: 2*max_unplug_length_
[2024-11-06 03:23:20.340202] [0x00007d2c2dcc7880] [info]   Total number of columns: 1
[2024-11-06 03:23:20.340262] [0x00007d2c2dcc7880] [info]   Gridded row width: 125.4um, 209
[2024-11-06 03:23:20.340372] [0x00007d2c2dcc7880] [info] Maximum possible number of gridded rows in a column: 47
[2024-11-06 03:23:20.340588] [0x00007d2c2dcc7880] [info] Form block clustering
[2024-11-06 03:23:20.341704] [0x00007d2c2dcc7880] [info]   current weighted HPWL: 7440.34um
[2024-11-06 03:23:20.342076] [0x00007d2c2dcc7880] [info] Flip cluster orientation
[2024-11-06 03:23:20.342112] [0x00007d2c2dcc7880] [info]   current weighted HPWL: 7565.25um
[2024-11-06 03:23:20.342220] [0x00007d2c2dcc7880] [info] Perform local reordering
[2024-11-06 03:23:20.342237] [0x00007d2c2dcc7880] [info] reorder iteration: 0
[2024-11-06 03:23:20.360243] [0x00007d2c2dcc7880] [info]   current weighted HPWL: 7345.12um
[2024-11-06 03:23:20.363477] [0x00007d2c2dcc7880] [info] reorder iteration: 1
[2024-11-06 03:23:20.374516] [0x00007d2c2dcc7880] [info]   current weighted HPWL: 7305.38um
[2024-11-06 03:23:20.375194] [0x00007d2c2dcc7880] [info] reorder iteration: 2
[2024-11-06 03:23:20.387474] [0x00007d2c2dcc7880] [info]   current weighted HPWL: 7281.97um
[2024-11-06 03:23:20.387630] [0x00007d2c2dcc7880] [info] reorder iteration: 3
[2024-11-06 03:23:20.396466] [0x00007d2c2dcc7880] [info]   current weighted HPWL: 7278.15um
[2024-11-06 03:23:20.396628] [0x00007d2c2dcc7880] [info] reorder iteration: 4
[2024-11-06 03:23:20.405354] [0x00007d2c2dcc7880] [info]   current weighted HPWL: 7266.11um
[2024-11-06 03:23:20.405837] [0x00007d2c2dcc7880] [info] reorder iteration: 5
[2024-11-06 03:23:20.418670] [0x00007d2c2dcc7880] [info]   current weighted HPWL: 7266.19um
[2024-11-06 03:23:20.419109] [0x00007d2c2dcc7880] [info] Insert well tap cells
[2024-11-06 03:23:20.419261] [0x00007d2c2dcc7880] [info] Insertion complete: 46 well tap cell created
[2024-11-06 03:23:20.419293] [0x00007d2c2dcc7880] [info] Skip creating end cap cells
[2024-11-06 03:23:20.419310] [0x00007d2c2dcc7880] [info]   current weighted HPWL: 7213.16um
[2024-11-06 03:23:20.419413] [0x00007d2c2dcc7880] [info] [0;36mStandard Cluster Well Legalization completed[0m
[2024-11-06 03:23:20.419437] [0x00007d2c2dcc7880] [info] (wall time: 0.082002s, cpu time: 0.107441)
[2024-11-06 03:23:20.419507] [0x00007d2c2dcc7880] [info] (peak memory: 5396MB,  current memory: 5396MB)
[2024-11-06 03:23:20.419530] [0x00007d2c2dcc7880] [info] Writing PP and NP rect file: dali_outppnp.rect
[2024-11-06 03:23:20.421191] [0x00007d2c2dcc7880] [info] Writing N-well rect file: dali_outwell.rect
[2024-11-06 03:23:20.421746] [0x00007d2c2dcc7880] [info] Writing cluster rect file: dali_out_router.cluster
[2024-11-06 03:23:20.423644] [0x00007d2c2dcc7880] [info] ------------------------------------------------------------
[2024-11-06 03:23:20.423708] [0x00007d2c2dcc7880] [info] Start I/O Placement
[2024-11-06 03:23:20.423745] [0x00007d2c2dcc7880] [info] [0;36mI/O Placement complete![0m
[2024-11-06 03:23:20.423797] [0x00007d2c2dcc7880] [warning] IoPlace flag not specified, use --auto-place by default
[2024-11-06 03:23:20.423814] [0x00007d2c2dcc7880] [info] ------------------------------------------------------------
[2024-11-06 03:23:20.423825] [0x00007d2c2dcc7880] [info] Start I/O Placement
[2024-11-06 03:23:20.423847] [0x00007d2c2dcc7880] [info] [0;36mI/O Placement complete![0m
[2024-11-06 03:23:20.424414] [0x00007d2c2dcc7880] [info] Export Pplus/Nplus fillings to PhyDB
[2024-11-06 03:23:20.424514] [0x00007d2c2dcc7880] [info] Export N wells to PhyDB
