[2024-11-06 03:50:01.795675] [0x00007e79238e5880] [info] ------------------------------------------------------------
[2024-11-06 03:50:01.795857] [0x00007e79238e5880] [info] Load information from PhyDB
[2024-11-06 03:50:01.795880] [0x00007e79238e5880] [info]   placement grid not set in PhyDB
[2024-11-06 03:50:01.795896] [0x00007e79238e5880] [info]   checking sites
[2024-11-06 03:50:01.795912] [0x00007e79238e5880] [info]     width : 0.6um
[2024-11-06 03:50:01.795940] [0x00007e79238e5880] [info]     height: 0.3um
[2024-11-06 03:50:01.798056] [0x00007e79238e5880] [info] No P-well layer info provided, creating fake info
[2024-11-06 03:50:01.798181] [0x00007e79238e5880] [info] (wall time: 0.002566s, cpu time: 0.002505)
[2024-11-06 03:50:01.798213] [0x00007e79238e5880] [info] ------------------------------------------------------------
[2024-11-06 03:50:01.798229] [0x00007e79238e5880] [info] Circuit brief summary:
[2024-11-06 03:50:01.798245] [0x00007e79238e5880] [info]   movable blocks: 817
[2024-11-06 03:50:01.798266] [0x00007e79238e5880] [info]   fixed blocks:   0
[2024-11-06 03:50:01.798289] [0x00007e79238e5880] [info]   blocks:         817
[2024-11-06 03:50:01.798321] [0x00007e79238e5880] [info]   iopins:         24
[2024-11-06 03:50:01.798333] [0x00007e79238e5880] [info]   nets:           838
[2024-11-06 03:50:01.798342] [0x00007e79238e5880] [info]   grid size x/y:  0.6/0.3um
[2024-11-06 03:50:01.798366] [0x00007e79238e5880] [info]   total movable blk area: 43838
[2024-11-06 03:50:01.798376] [0x00007e79238e5880] [info]   total white space     : 92880
[2024-11-06 03:50:01.798385] [0x00007e79238e5880] [info]   total block area      : 43838
[2024-11-06 03:50:01.798392] [0x00007e79238e5880] [info]   total space: 92880
[2024-11-06 03:50:01.798405] [0x00007e79238e5880] [info]     left:   10
[2024-11-06 03:50:01.798413] [0x00007e79238e5880] [info]     right:  225
[2024-11-06 03:50:01.798443] [0x00007e79238e5880] [info]     bottom: 18
[2024-11-06 03:50:01.798452] [0x00007e79238e5880] [info]     top:    450
[2024-11-06 03:50:01.798460] [0x00007e79238e5880] [info]   average movable width/height: 4.75153/10.3709um
[2024-11-06 03:50:01.798471] [0x00007e79238e5880] [info]   white space utility: 0.471985
[2024-11-06 03:50:01.798480] [0x00007e79238e5880] [info]   current weighted HPWL: 1598.59um
[2024-11-06 03:50:01.798565] [0x00007e79238e5880] [info] ------------------------------------------------------------
[2024-11-06 03:50:01.798574] [0x00007e79238e5880] [info] Start global placement
[2024-11-06 03:50:01.798582] [0x00007e79238e5880] [info]   target density: 0.5
[2024-11-06 03:50:01.798598] [0x00007e79238e5880] [info]   Block location initialization:
    HPWL before, 1598.59
[2024-11-06 03:50:01.798686] [0x00007e79238e5880] [info]     HPWL after, 74643.3
[2024-11-06 03:50:01.806721] [0x00007e79238e5880] [info]   iter-0  : 1.2411e+03  1.4526e+04
[2024-11-06 03:50:01.812618] [0x00007e79238e5880] [info]   iter-1  : 1.2350e+03  1.2101e+04
[2024-11-06 03:50:01.823640] [0x00007e79238e5880] [info]   iter-2  : 1.3336e+03  1.1129e+04
[2024-11-06 03:50:01.842885] [0x00007e79238e5880] [info]   iter-3  : 1.6064e+03  1.0888e+04
[2024-11-06 03:50:01.864195] [0x00007e79238e5880] [info]   iter-4  : 1.9477e+03  1.0568e+04
[2024-11-06 03:50:01.889458] [0x00007e79238e5880] [info]   iter-5  : 2.3928e+03  8.9510e+03
[2024-11-06 03:50:01.905169] [0x00007e79238e5880] [info]   iter-6  : 2.6150e+03  7.8748e+03
[2024-11-06 03:50:01.918309] [0x00007e79238e5880] [info]   iter-7  : 2.7281e+03  7.4574e+03
[2024-11-06 03:50:01.940714] [0x00007e79238e5880] [info]   iter-8  : 2.8115e+03  7.0455e+03
[2024-11-06 03:50:01.951269] [0x00007e79238e5880] [info]   iter-9  : 2.8646e+03  7.1627e+03
[2024-11-06 03:50:01.966015] [0x00007e79238e5880] [info]   iter-10 : 2.9919e+03  6.7544e+03
[2024-11-06 03:50:01.983484] [0x00007e79238e5880] [info]   iter-11 : 3.0700e+03  6.7165e+03
[2024-11-06 03:50:02.005574] [0x00007e79238e5880] [info]   iter-12 : 3.1135e+03  6.7627e+03
[2024-11-06 03:50:02.012553] [0x00007e79238e5880] [info]   iter-13 : 3.2449e+03  6.3382e+03
[2024-11-06 03:50:02.022567] [0x00007e79238e5880] [info]   iter-14 : 3.3288e+03  6.3082e+03
[2024-11-06 03:50:02.035664] [0x00007e79238e5880] [info]   iter-15 : 3.5079e+03  5.8829e+03
[2024-11-06 03:50:02.041658] [0x00007e79238e5880] [info]   iter-16 : 3.5513e+03  5.7988e+03
[2024-11-06 03:50:02.051454] [0x00007e79238e5880] [info]   iter-17 : 3.6592e+03  6.0022e+03
[2024-11-06 03:50:02.063603] [0x00007e79238e5880] [info]   iter-18 : 3.8584e+03  5.6976e+03
[2024-11-06 03:50:02.071049] [0x00007e79238e5880] [info]   iter-19 : 3.8924e+03  5.5575e+03
[2024-11-06 03:50:02.078712] [0x00007e79238e5880] [info]   iter-20 : 3.9360e+03  5.4858e+03
[2024-11-06 03:50:02.096704] [0x00007e79238e5880] [info]   iter-21 : 4.0093e+03  5.3932e+03
[2024-11-06 03:50:02.105090] [0x00007e79238e5880] [info]   iter-22 : 4.0739e+03  5.2729e+03
[2024-11-06 03:50:02.110474] [0x00007e79238e5880] [info]   iter-23 : 4.1067e+03  5.4356e+03
[2024-11-06 03:50:02.119873] [0x00007e79238e5880] [info]   iter-24 : 4.1529e+03  5.1931e+03
[2024-11-06 03:50:02.130509] [0x00007e79238e5880] [info]   iter-25 : 4.1536e+03  5.2219e+03
[2024-11-06 03:50:02.136750] [0x00007e79238e5880] [info]   iter-26 : 4.2198e+03  5.1690e+03
[2024-11-06 03:50:02.145762] [0x00007e79238e5880] [info]   iter-27 : 4.2205e+03  5.1675e+03
[2024-11-06 03:50:02.158537] [0x00007e79238e5880] [info]   iter-28 : 4.2226e+03  5.2043e+03
[2024-11-06 03:50:02.167185] [0x00007e79238e5880] [info]   iter-29 : 4.2804e+03  5.1956e+03
[2024-11-06 03:50:02.181301] [0x00007e79238e5880] [info]   iter-30 : 4.3188e+03  5.1270e+03
[2024-11-06 03:50:02.189500] [0x00007e79238e5880] [info]   iter-31 : 4.3337e+03  5.0967e+03
[2024-11-06 03:50:02.198905] [0x00007e79238e5880] [info]   iter-32 : 4.3281e+03  5.0045e+03
[2024-11-06 03:50:02.220487] [0x00007e79238e5880] [info]   iter-33 : 4.3183e+03  5.2091e+03
[2024-11-06 03:50:02.233391] [0x00007e79238e5880] [info]   iter-34 : 4.4242e+03  5.1293e+03
[2024-11-06 03:50:02.248479] [0x00007e79238e5880] [info]   iter-35 : 4.4108e+03  5.1396e+03
[2024-11-06 03:50:02.254831] [0x00007e79238e5880] [info]   iter-36 : 4.3604e+03  5.1819e+03
[2024-11-06 03:50:02.264839] [0x00007e79238e5880] [info]   iter-37 : 4.4618e+03  5.1088e+03
[2024-11-06 03:50:02.277550] [0x00007e79238e5880] [info]   iter-38 : 4.4434e+03  5.0830e+03
[2024-11-06 03:50:02.296607] [0x00007e79238e5880] [info]   iter-39 : 4.4411e+03  5.0948e+03
[2024-11-06 03:50:02.317567] [0x00007e79238e5880] [info]   iter-40 : 4.4486e+03  5.1222e+03
[2024-11-06 03:50:02.338628] [0x00007e79238e5880] [info]   iter-41 : 4.4625e+03  5.1357e+03
[2024-11-06 03:50:02.358315] [0x00007e79238e5880] [info]   iter-42 : 4.5402e+03  5.1239e+03
[2024-11-06 03:50:02.358378] [0x00007e79238e5880] [info]   current weighted HPWL: 5123.91um
[2024-11-06 03:50:02.358471] [0x00007e79238e5880] [info] [0;36mGlobal placement completed[0m
[2024-11-06 03:50:02.358491] [0x00007e79238e5880] [info] (wall time: 0.559925s, cpu time: 1.346865)
[2024-11-06 03:50:02.358563] [0x00007e79238e5880] [info] (peak memory: 5396MB,  current memory: 5396MB)
[2024-11-06 03:50:02.358605] [0x00007e79238e5880] [info] ------------------------------------------------------------
[2024-11-06 03:50:02.358622] [0x00007e79238e5880] [info] Start standard cluster well legalization
[2024-11-06 03:50:02.358643] [0x00007e79238e5880] [info]   Well max plug distance: 75um, 125 
[2024-11-06 03:50:02.358664] [0x00007e79238e5880] [info]   GridValueX: 0.6 um
[2024-11-06 03:50:02.358681] [0x00007e79238e5880] [info]   Well spacing: 1.275um, 3
[2024-11-06 03:50:02.358698] [0x00007e79238e5880] [info]   Well tap cell width: 2
[2024-11-06 03:50:02.358860] [0x00007e79238e5880] [info] Max movable cell width: 17
[2024-11-06 03:50:02.358879] [0x00007e79238e5880] [info] Using default gridded row width: 2*max_unplug_length_
[2024-11-06 03:50:02.358895] [0x00007e79238e5880] [info]   Total number of columns: 1
[2024-11-06 03:50:02.358911] [0x00007e79238e5880] [info]   Gridded row width: 125.4um, 209
[2024-11-06 03:50:02.359003] [0x00007e79238e5880] [info] Maximum possible number of gridded rows in a column: 47
[2024-11-06 03:50:02.359209] [0x00007e79238e5880] [info] Form block clustering
[2024-11-06 03:50:02.362652] [0x00007e79238e5880] [info]   current weighted HPWL: 7440.34um
[2024-11-06 03:50:02.364258] [0x00007e79238e5880] [info] Flip cluster orientation
[2024-11-06 03:50:02.364378] [0x00007e79238e5880] [info]   current weighted HPWL: 7565.25um
[2024-11-06 03:50:02.364552] [0x00007e79238e5880] [info] Perform local reordering
[2024-11-06 03:50:02.364628] [0x00007e79238e5880] [info] reorder iteration: 0
[2024-11-06 03:50:02.388188] [0x00007e79238e5880] [info]   current weighted HPWL: 7345.12um
[2024-11-06 03:50:02.388904] [0x00007e79238e5880] [info] reorder iteration: 1
[2024-11-06 03:50:02.401729] [0x00007e79238e5880] [info]   current weighted HPWL: 7305.38um
[2024-11-06 03:50:02.402174] [0x00007e79238e5880] [info] reorder iteration: 2
[2024-11-06 03:50:02.419373] [0x00007e79238e5880] [info]   current weighted HPWL: 7281.97um
[2024-11-06 03:50:02.421445] [0x00007e79238e5880] [info] reorder iteration: 3
[2024-11-06 03:50:02.438706] [0x00007e79238e5880] [info]   current weighted HPWL: 7278.15um
[2024-11-06 03:50:02.439149] [0x00007e79238e5880] [info] reorder iteration: 4
[2024-11-06 03:50:02.456713] [0x00007e79238e5880] [info]   current weighted HPWL: 7266.11um
[2024-11-06 03:50:02.457029] [0x00007e79238e5880] [info] reorder iteration: 5
[2024-11-06 03:50:02.466494] [0x00007e79238e5880] [info]   current weighted HPWL: 7266.19um
[2024-11-06 03:50:02.466862] [0x00007e79238e5880] [info] Insert well tap cells
[2024-11-06 03:50:02.467006] [0x00007e79238e5880] [info] Insertion complete: 46 well tap cell created
[2024-11-06 03:50:02.467173] [0x00007e79238e5880] [info] Skip creating end cap cells
[2024-11-06 03:50:02.467229] [0x00007e79238e5880] [info]   current weighted HPWL: 7213.16um
[2024-11-06 03:50:02.467337] [0x00007e79238e5880] [info] [0;36mStandard Cluster Well Legalization completed[0m
[2024-11-06 03:50:02.467362] [0x00007e79238e5880] [info] (wall time: 0.108753s, cpu time: 0.133874)
[2024-11-06 03:50:02.467474] [0x00007e79238e5880] [info] (peak memory: 5396MB,  current memory: 5396MB)
[2024-11-06 03:50:02.467558] [0x00007e79238e5880] [info] Writing PP and NP rect file: dali_outppnp.rect
[2024-11-06 03:50:02.468509] [0x00007e79238e5880] [info] Writing N-well rect file: dali_outwell.rect
[2024-11-06 03:50:02.468920] [0x00007e79238e5880] [info] Writing cluster rect file: dali_out_router.cluster
[2024-11-06 03:50:02.469264] [0x00007e79238e5880] [info] ------------------------------------------------------------
[2024-11-06 03:50:02.469538] [0x00007e79238e5880] [info] Start I/O Placement
[2024-11-06 03:50:02.469652] [0x00007e79238e5880] [info] [0;36mI/O Placement complete![0m
[2024-11-06 03:50:02.469824] [0x00007e79238e5880] [warning] IoPlace flag not specified, use --auto-place by default
[2024-11-06 03:50:02.469882] [0x00007e79238e5880] [info] ------------------------------------------------------------
[2024-11-06 03:50:02.469901] [0x00007e79238e5880] [info] Start I/O Placement
[2024-11-06 03:50:02.470039] [0x00007e79238e5880] [info] [0;36mI/O Placement complete![0m
[2024-11-06 03:50:02.470405] [0x00007e79238e5880] [info] Export Pplus/Nplus fillings to PhyDB
[2024-11-06 03:50:02.470509] [0x00007e79238e5880] [info] Export N wells to PhyDB
