[2024-10-24 00:49:16.552106] [0x00007777a44d8880] [info] ------------------------------------------------------------
[2024-10-24 00:49:16.552365] [0x00007777a44d8880] [info] Load information from PhyDB
[2024-10-24 00:49:16.552405] [0x00007777a44d8880] [info]   placement grid not set in PhyDB
[2024-10-24 00:49:16.552415] [0x00007777a44d8880] [info]   checking sites
[2024-10-24 00:49:16.552423] [0x00007777a44d8880] [info]     width : 0.6um
[2024-10-24 00:49:16.552439] [0x00007777a44d8880] [info]     height: 0.3um
[2024-10-24 00:49:16.556055] [0x00007777a44d8880] [info] No P-well layer info provided, creating fake info
[2024-10-24 00:49:16.556990] [0x00007777a44d8880] [info] (wall time: 0.005690s, cpu time: 0.003367)
[2024-10-24 00:49:16.557024] [0x00007777a44d8880] [info] ------------------------------------------------------------
[2024-10-24 00:49:16.557029] [0x00007777a44d8880] [info] Circuit brief summary:
[2024-10-24 00:49:16.557034] [0x00007777a44d8880] [info]   movable blocks: 817
[2024-10-24 00:49:16.557042] [0x00007777a44d8880] [info]   fixed blocks:   0
[2024-10-24 00:49:16.557046] [0x00007777a44d8880] [info]   blocks:         817
[2024-10-24 00:49:16.557050] [0x00007777a44d8880] [info]   iopins:         24
[2024-10-24 00:49:16.557055] [0x00007777a44d8880] [info]   nets:           838
[2024-10-24 00:49:16.557059] [0x00007777a44d8880] [info]   grid size x/y:  0.6/0.3um
[2024-10-24 00:49:16.557067] [0x00007777a44d8880] [info]   total movable blk area: 41729
[2024-10-24 00:49:16.557072] [0x00007777a44d8880] [info]   total white space     : 90720
[2024-10-24 00:49:16.557076] [0x00007777a44d8880] [info]   total block area      : 41729
[2024-10-24 00:49:16.557080] [0x00007777a44d8880] [info]   total space: 90720
[2024-10-24 00:49:16.557088] [0x00007777a44d8880] [info]     left:   10
[2024-10-24 00:49:16.557092] [0x00007777a44d8880] [info]     right:  220
[2024-10-24 00:49:16.557096] [0x00007777a44d8880] [info]     bottom: 18
[2024-10-24 00:49:16.557100] [0x00007777a44d8880] [info]     top:    450
[2024-10-24 00:49:16.557103] [0x00007777a44d8880] [info]   average movable width/height: 4.76132/9.98776um
[2024-10-24 00:49:16.557109] [0x00007777a44d8880] [info]   white space utility: 0.459976
[2024-10-24 00:49:16.557114] [0x00007777a44d8880] [info]   current weighted HPWL: 2055.9um
[2024-10-24 00:49:16.557224] [0x00007777a44d8880] [info] ------------------------------------------------------------
[2024-10-24 00:49:16.557232] [0x00007777a44d8880] [info] Start global placement
[2024-10-24 00:49:16.557237] [0x00007777a44d8880] [info]   target density: 0.5
[2024-10-24 00:49:16.557271] [0x00007777a44d8880] [info]   Block location initialization:
    HPWL before, 2055.9
[2024-10-24 00:49:16.557335] [0x00007777a44d8880] [info]     HPWL after, 73748.9
[2024-10-24 00:49:16.570581] [0x00007777a44d8880] [info]   iter-0  : 1.8335e+03  1.5063e+04
[2024-10-24 00:49:16.581379] [0x00007777a44d8880] [info]   iter-1  : 1.9166e+03  1.1394e+04
[2024-10-24 00:49:16.608181] [0x00007777a44d8880] [info]   iter-2  : 2.0810e+03  1.0418e+04
[2024-10-24 00:49:16.620236] [0x00007777a44d8880] [info]   iter-3  : 2.2231e+03  9.9137e+03
[2024-10-24 00:49:16.633105] [0x00007777a44d8880] [info]   iter-4  : 2.3956e+03  9.2721e+03
[2024-10-24 00:49:16.645971] [0x00007777a44d8880] [info]   iter-5  : 2.6783e+03  8.4890e+03
[2024-10-24 00:49:16.658357] [0x00007777a44d8880] [info]   iter-6  : 2.8421e+03  7.6872e+03
[2024-10-24 00:49:16.665473] [0x00007777a44d8880] [info]   iter-7  : 2.9549e+03  7.8278e+03
[2024-10-24 00:49:16.671461] [0x00007777a44d8880] [info]   iter-8  : 3.1219e+03  7.0876e+03
[2024-10-24 00:49:16.698221] [0x00007777a44d8880] [info]   iter-9  : 3.1770e+03  6.7190e+03
[2024-10-24 00:49:16.728239] [0x00007777a44d8880] [info]   iter-10 : 3.2860e+03  6.1187e+03
[2024-10-24 00:49:16.733865] [0x00007777a44d8880] [info]   iter-11 : 3.3655e+03  5.8197e+03
[2024-10-24 00:49:16.741154] [0x00007777a44d8880] [info]   iter-12 : 3.4511e+03  5.9036e+03
[2024-10-24 00:49:16.746853] [0x00007777a44d8880] [info]   iter-13 : 3.5680e+03  5.8359e+03
[2024-10-24 00:49:16.752549] [0x00007777a44d8880] [info]   iter-14 : 3.6733e+03  5.7844e+03
[2024-10-24 00:49:16.759135] [0x00007777a44d8880] [info]   iter-15 : 3.7806e+03  5.4807e+03
[2024-10-24 00:49:16.764744] [0x00007777a44d8880] [info]   iter-16 : 3.8309e+03  5.5054e+03
[2024-10-24 00:49:16.769053] [0x00007777a44d8880] [info]   iter-17 : 3.8468e+03  5.4993e+03
[2024-10-24 00:49:16.778281] [0x00007777a44d8880] [info]   iter-18 : 3.9483e+03  5.3027e+03
[2024-10-24 00:49:16.784104] [0x00007777a44d8880] [info]   iter-19 : 3.9955e+03  5.3617e+03
[2024-10-24 00:49:16.788463] [0x00007777a44d8880] [info]   iter-20 : 4.0715e+03  5.4068e+03
[2024-10-24 00:49:16.792165] [0x00007777a44d8880] [info]   iter-21 : 4.1411e+03  5.3687e+03
[2024-10-24 00:49:16.797672] [0x00007777a44d8880] [info]   iter-22 : 4.1577e+03  5.1129e+03
[2024-10-24 00:49:16.802369] [0x00007777a44d8880] [info]   iter-23 : 4.2096e+03  5.1961e+03
[2024-10-24 00:49:16.806670] [0x00007777a44d8880] [info]   iter-24 : 4.2697e+03  5.1944e+03
[2024-10-24 00:49:16.810895] [0x00007777a44d8880] [info]   iter-25 : 4.3512e+03  5.1009e+03
[2024-10-24 00:49:16.816478] [0x00007777a44d8880] [info]   iter-26 : 4.3285e+03  5.0341e+03
[2024-10-24 00:49:16.820532] [0x00007777a44d8880] [info]   iter-27 : 4.3414e+03  5.1855e+03
[2024-10-24 00:49:16.825914] [0x00007777a44d8880] [info]   iter-28 : 4.4113e+03  5.1560e+03
[2024-10-24 00:49:16.829755] [0x00007777a44d8880] [info]   iter-29 : 4.4318e+03  5.1288e+03
[2024-10-24 00:49:16.833521] [0x00007777a44d8880] [info]   iter-30 : 4.4346e+03  5.1515e+03
[2024-10-24 00:49:16.839301] [0x00007777a44d8880] [info]   iter-31 : 4.4461e+03  5.0794e+03
[2024-10-24 00:49:16.845679] [0x00007777a44d8880] [info]   iter-32 : 4.4462e+03  4.9883e+03
[2024-10-24 00:49:16.849476] [0x00007777a44d8880] [info]   iter-33 : 4.4242e+03  4.9372e+03
[2024-10-24 00:49:16.853963] [0x00007777a44d8880] [info]   iter-34 : 4.4117e+03  4.9185e+03
[2024-10-24 00:49:16.858280] [0x00007777a44d8880] [info]   iter-35 : 4.4199e+03  5.0051e+03
[2024-10-24 00:49:16.862162] [0x00007777a44d8880] [info]   iter-36 : 4.4620e+03  5.0650e+03
[2024-10-24 00:49:16.865788] [0x00007777a44d8880] [info]   iter-37 : 4.5036e+03  5.0692e+03
[2024-10-24 00:49:16.870684] [0x00007777a44d8880] [info]   iter-38 : 4.5103e+03  5.0102e+03
[2024-10-24 00:49:16.874548] [0x00007777a44d8880] [info]   iter-39 : 4.5063e+03  5.0375e+03
[2024-10-24 00:49:16.881089] [0x00007777a44d8880] [info]   iter-40 : 4.5235e+03  4.9412e+03
[2024-10-24 00:49:16.887119] [0x00007777a44d8880] [info]   iter-41 : 4.4859e+03  4.8945e+03
[2024-10-24 00:49:16.891782] [0x00007777a44d8880] [info]   iter-42 : 4.4760e+03  5.2864e+03
[2024-10-24 00:49:16.896060] [0x00007777a44d8880] [info]   iter-43 : 4.7211e+03  5.0987e+03
[2024-10-24 00:49:16.900296] [0x00007777a44d8880] [info]   iter-44 : 4.6570e+03  5.0627e+03
[2024-10-24 00:49:16.907398] [0x00007777a44d8880] [info]   iter-45 : 4.6360e+03  5.1226e+03
[2024-10-24 00:49:16.911214] [0x00007777a44d8880] [info]   iter-46 : 4.6725e+03  5.1306e+03
[2024-10-24 00:49:16.914850] [0x00007777a44d8880] [info]   iter-47 : 4.6965e+03  5.0740e+03
[2024-10-24 00:49:16.918854] [0x00007777a44d8880] [info]   iter-48 : 4.6767e+03  5.2656e+03
[2024-10-24 00:49:16.922503] [0x00007777a44d8880] [info]   iter-49 : 4.7108e+03  5.1273e+03
[2024-10-24 00:49:16.927546] [0x00007777a44d8880] [info]   iter-50 : 4.6872e+03  5.1747e+03
[2024-10-24 00:49:16.931671] [0x00007777a44d8880] [info]   iter-51 : 4.7414e+03  5.1104e+03
[2024-10-24 00:49:16.935439] [0x00007777a44d8880] [info]   iter-52 : 4.7236e+03  5.1929e+03
[2024-10-24 00:49:16.939155] [0x00007777a44d8880] [info]   iter-53 : 4.7646e+03  5.0853e+03
[2024-10-24 00:49:16.939210] [0x00007777a44d8880] [info]   current weighted HPWL: 5085.32um
[2024-10-24 00:49:16.939300] [0x00007777a44d8880] [info] [0;36mGlobal placement completed[0m
[2024-10-24 00:49:16.939321] [0x00007777a44d8880] [info] (wall time: 0.382095s, cpu time: 1.343143)
[2024-10-24 00:49:16.939386] [0x00007777a44d8880] [info] (peak memory: 5396MB,  current memory: 5396MB)
[2024-10-24 00:49:16.939450] [0x00007777a44d8880] [info] ------------------------------------------------------------
[2024-10-24 00:49:16.939514] [0x00007777a44d8880] [info] Start standard cluster well legalization
[2024-10-24 00:49:16.939535] [0x00007777a44d8880] [info]   Well max plug distance: 75um, 125 
[2024-10-24 00:49:16.939554] [0x00007777a44d8880] [info]   GridValueX: 0.6 um
[2024-10-24 00:49:16.939571] [0x00007777a44d8880] [info]   Well spacing: 1.275um, 3
[2024-10-24 00:49:16.939587] [0x00007777a44d8880] [info]   Well tap cell width: 2
[2024-10-24 00:49:16.939798] [0x00007777a44d8880] [info] Max movable cell width: 18
[2024-10-24 00:49:16.939840] [0x00007777a44d8880] [info] Using default gridded row width: 2*max_unplug_length_
[2024-10-24 00:49:16.939859] [0x00007777a44d8880] [info]   Total number of columns: 1
[2024-10-24 00:49:16.939874] [0x00007777a44d8880] [info]   Gridded row width: 122.4um, 204
[2024-10-24 00:49:16.940068] [0x00007777a44d8880] [info] Maximum possible number of gridded rows in a column: 47
[2024-10-24 00:49:16.940314] [0x00007777a44d8880] [info] Form block clustering
[2024-10-24 00:49:16.941150] [0x00007777a44d8880] [info]   current weighted HPWL: 6777um
[2024-10-24 00:49:16.941291] [0x00007777a44d8880] [info] Flip cluster orientation
[2024-10-24 00:49:16.941314] [0x00007777a44d8880] [info]   current weighted HPWL: 7151.1um
[2024-10-24 00:49:16.941410] [0x00007777a44d8880] [info] Perform local reordering
[2024-10-24 00:49:16.941426] [0x00007777a44d8880] [info] reorder iteration: 0
[2024-10-24 00:49:16.949603] [0x00007777a44d8880] [info]   current weighted HPWL: 7709.1um
[2024-10-24 00:49:16.949807] [0x00007777a44d8880] [info] reorder iteration: 1
[2024-10-24 00:49:16.957898] [0x00007777a44d8880] [info]   current weighted HPWL: 7678.5um
[2024-10-24 00:49:16.958109] [0x00007777a44d8880] [info] reorder iteration: 2
[2024-10-24 00:49:16.965960] [0x00007777a44d8880] [info]   current weighted HPWL: 7723.5um
[2024-10-24 00:49:16.966115] [0x00007777a44d8880] [info] reorder iteration: 3
[2024-10-24 00:49:16.974680] [0x00007777a44d8880] [info]   current weighted HPWL: 7759.5um
[2024-10-24 00:49:16.974840] [0x00007777a44d8880] [info] reorder iteration: 4
[2024-10-24 00:49:16.982681] [0x00007777a44d8880] [info]   current weighted HPWL: 7766.1um
[2024-10-24 00:49:16.982907] [0x00007777a44d8880] [info] reorder iteration: 5
[2024-10-24 00:49:16.990705] [0x00007777a44d8880] [info]   current weighted HPWL: 7788.9um
[2024-10-24 00:49:16.990957] [0x00007777a44d8880] [info] Insert well tap cells
[2024-10-24 00:49:16.991053] [0x00007777a44d8880] [info] Insertion complete: 62 well tap cell created
[2024-10-24 00:49:16.991072] [0x00007777a44d8880] [info] Skip creating end cap cells
[2024-10-24 00:49:16.991088] [0x00007777a44d8880] [info]   current weighted HPWL: 7720.5um
[2024-10-24 00:49:16.991188] [0x00007777a44d8880] [info] [0;36mStandard Cluster Well Legalization completed[0m
[2024-10-24 00:49:16.991211] [0x00007777a44d8880] [info] (wall time: 0.051757s, cpu time: 0.100766)
[2024-10-24 00:49:16.991271] [0x00007777a44d8880] [info] (peak memory: 5396MB,  current memory: 5396MB)
[2024-10-24 00:49:16.991337] [0x00007777a44d8880] [info] Writing PP and NP rect file: dali_outppnp.rect
[2024-10-24 00:49:16.992520] [0x00007777a44d8880] [info] Writing N-well rect file: dali_outwell.rect
[2024-10-24 00:49:16.992698] [0x00007777a44d8880] [info] Writing cluster rect file: dali_out_router.cluster
[2024-10-24 00:49:16.992891] [0x00007777a44d8880] [info] ------------------------------------------------------------
[2024-10-24 00:49:16.992922] [0x00007777a44d8880] [info] Start I/O Placement
[2024-10-24 00:49:16.992976] [0x00007777a44d8880] [info] [0;36mI/O Placement complete![0m
[2024-10-24 00:49:16.993051] [0x00007777a44d8880] [warning] IoPlace flag not specified, use --auto-place by default
[2024-10-24 00:49:16.993072] [0x00007777a44d8880] [info] ------------------------------------------------------------
[2024-10-24 00:49:16.993088] [0x00007777a44d8880] [info] Start I/O Placement
[2024-10-24 00:49:16.993128] [0x00007777a44d8880] [info] [0;36mI/O Placement complete![0m
[2024-10-24 00:49:16.993624] [0x00007777a44d8880] [info] Export Pplus/Nplus fillings to PhyDB
[2024-10-24 00:49:16.993720] [0x00007777a44d8880] [info] Export N wells to PhyDB
