[2024-11-07 01:33:15.843465] [0x0000151c34f04980] [info] ------------------------------------------------------------
[2024-11-07 01:33:15.846869] [0x0000151c34f04980] [info] Load information from PhyDB
[2024-11-07 01:33:15.846885] [0x0000151c34f04980] [info]   placement grid not set in PhyDB
[2024-11-07 01:33:15.846890] [0x0000151c34f04980] [info]   checking sites
[2024-11-07 01:33:15.846894] [0x0000151c34f04980] [info]     width : 0.6um
[2024-11-07 01:33:15.846914] [0x0000151c34f04980] [info]     height: 0.3um
[2024-11-07 01:33:15.847153] [0x0000151c34f04980] [info] No P-well layer info provided, creating fake info
[2024-11-07 01:33:15.847194] [0x0000151c34f04980] [info] (wall time: 0.003797s, cpu time: 0.000525)
[2024-11-07 01:33:15.847203] [0x0000151c34f04980] [info] ------------------------------------------------------------
[2024-11-07 01:33:15.847207] [0x0000151c34f04980] [info] Circuit brief summary:
[2024-11-07 01:33:15.847211] [0x0000151c34f04980] [info]   movable blocks: 100
[2024-11-07 01:33:15.847223] [0x0000151c34f04980] [info]   fixed blocks:   0
[2024-11-07 01:33:15.847227] [0x0000151c34f04980] [info]   blocks:         100
[2024-11-07 01:33:15.847231] [0x0000151c34f04980] [info]   iopins:         0
[2024-11-07 01:33:15.847236] [0x0000151c34f04980] [info]   nets:           101
[2024-11-07 01:33:15.847240] [0x0000151c34f04980] [info]   grid size x/y:  0.6/0.3um
[2024-11-07 01:33:15.847245] [0x0000151c34f04980] [info]   total movable blk area: 3600
[2024-11-07 01:33:15.847251] [0x0000151c34f04980] [info]   total white space     : 7812
[2024-11-07 01:33:15.847255] [0x0000151c34f04980] [info]   total block area      : 3600
[2024-11-07 01:33:15.847258] [0x0000151c34f04980] [info]   total space: 7812
[2024-11-07 01:33:15.847265] [0x0000151c34f04980] [info]     left:   10
[2024-11-07 01:33:15.847269] [0x0000151c34f04980] [info]     right:  72
[2024-11-07 01:33:15.847272] [0x0000151c34f04980] [info]     bottom: 18
[2024-11-07 01:33:15.847276] [0x0000151c34f04980] [info]     top:    144
[2024-11-07 01:33:15.847279] [0x0000151c34f04980] [info]   average movable width/height: 4/9um
[2024-11-07 01:33:15.847289] [0x0000151c34f04980] [info]   white space utility: 0.460829
[2024-11-07 01:33:15.847294] [0x0000151c34f04980] [info]   current weighted HPWL: 126.225um
[2024-11-07 01:33:15.847332] [0x0000151c34f04980] [info] ------------------------------------------------------------
[2024-11-07 01:33:15.847337] [0x0000151c34f04980] [info] Start global placement
[2024-11-07 01:33:15.847345] [0x0000151c34f04980] [info]   target density: 0.5
[2024-11-07 01:33:15.847370] [0x0000151c34f04980] [info]   Block location initialization:
    HPWL before, 126.225
[2024-11-07 01:33:15.847381] [0x0000151c34f04980] [info]     HPWL after, 2578.62
[2024-11-07 01:33:15.849555] [0x0000151c34f04980] [info]   iter-0  : 1.9750e+00  3.4953e+02
[2024-11-07 01:33:15.850960] [0x0000151c34f04980] [info]   iter-1  : 4.7078e+01  1.9136e+02
[2024-11-07 01:33:15.851859] [0x0000151c34f04980] [info]   iter-2  : 5.1703e+01  2.0875e+02
[2024-11-07 01:33:15.852640] [0x0000151c34f04980] [info]   iter-3  : 5.6842e+01  2.1457e+02
[2024-11-07 01:33:15.853324] [0x0000151c34f04980] [info]   iter-4  : 6.1017e+01  2.2103e+02
[2024-11-07 01:33:15.853942] [0x0000151c34f04980] [info]   iter-5  : 6.9992e+01  2.2345e+02
[2024-11-07 01:33:15.854481] [0x0000151c34f04980] [info]   iter-6  : 7.7844e+01  2.2557e+02
[2024-11-07 01:33:15.856991] [0x0000151c34f04980] [info]   iter-7  : 8.8640e+01  2.2718e+02
[2024-11-07 01:33:15.857462] [0x0000151c34f04980] [info]   iter-8  : 9.4316e+01  2.2939e+02
[2024-11-07 01:33:15.857926] [0x0000151c34f04980] [info]   iter-9  : 9.9122e+01  2.2917e+02
[2024-11-07 01:33:15.858476] [0x0000151c34f04980] [info]   iter-10 : 1.0975e+02  2.3842e+02
[2024-11-07 01:33:15.860951] [0x0000151c34f04980] [info]   iter-11 : 1.1915e+02  1.2087e+02
[2024-11-07 01:33:15.860987] [0x0000151c34f04980] [info]   current weighted HPWL: 120.872um
[2024-11-07 01:33:15.860999] [0x0000151c34f04980] [info] [0;36mGlobal placement completed[0m
[2024-11-07 01:33:15.861006] [0x0000151c34f04980] [info] (wall time: 0.013673s, cpu time: 0.013572)
[2024-11-07 01:33:15.861041] [0x0000151c34f04980] [info] (peak memory: 12MB,  current memory: 12MB)
[2024-11-07 01:33:15.861060] [0x0000151c34f04980] [info] ------------------------------------------------------------
[2024-11-07 01:33:15.861072] [0x0000151c34f04980] [info] Start standard cluster well legalization
[2024-11-07 01:33:15.861091] [0x0000151c34f04980] [info]   Well max plug distance: 75um, 125 
[2024-11-07 01:33:15.861103] [0x0000151c34f04980] [info]   GridValueX: 0.6 um
[2024-11-07 01:33:15.861109] [0x0000151c34f04980] [info]   Well spacing: 1.275um, 3
[2024-11-07 01:33:15.861114] [0x0000151c34f04980] [info]   Well tap cell width: 2
[2024-11-07 01:33:15.861178] [0x0000151c34f04980] [info] Max movable cell width: 4
[2024-11-07 01:33:15.861188] [0x0000151c34f04980] [info] Using default gridded row width: 2*max_unplug_length_
[2024-11-07 01:33:15.861193] [0x0000151c34f04980] [info]   Total number of columns: 1
[2024-11-07 01:33:15.861197] [0x0000151c34f04980] [info]   Gridded row width: 33.6um, 56
[2024-11-07 01:33:15.861220] [0x0000151c34f04980] [info] Maximum possible number of gridded rows in a column: 13
[2024-11-07 01:33:15.861249] [0x0000151c34f04980] [info] Form block clustering
[2024-11-07 01:33:15.861394] [0x0000151c34f04980] [info]   current weighted HPWL: 387.225um
[2024-11-07 01:33:15.861407] [0x0000151c34f04980] [info] Flip cluster orientation
[2024-11-07 01:33:15.861412] [0x0000151c34f04980] [info]   current weighted HPWL: 394.425um
[2024-11-07 01:33:15.861422] [0x0000151c34f04980] [info] Perform local reordering
[2024-11-07 01:33:15.861426] [0x0000151c34f04980] [info] reorder iteration: 0
[2024-11-07 01:33:15.861662] [0x0000151c34f04980] [info]   current weighted HPWL: 442.425um
[2024-11-07 01:33:15.861672] [0x0000151c34f04980] [info] reorder iteration: 1
[2024-11-07 01:33:15.861858] [0x0000151c34f04980] [info]   current weighted HPWL: 447.225um
[2024-11-07 01:33:15.861866] [0x0000151c34f04980] [info] reorder iteration: 2
[2024-11-07 01:33:15.862050] [0x0000151c34f04980] [info]   current weighted HPWL: 449.625um
[2024-11-07 01:33:15.862058] [0x0000151c34f04980] [info] reorder iteration: 3
[2024-11-07 01:33:15.862245] [0x0000151c34f04980] [info]   current weighted HPWL: 452.025um
[2024-11-07 01:33:15.862255] [0x0000151c34f04980] [info] reorder iteration: 4
[2024-11-07 01:33:15.862436] [0x0000151c34f04980] [info]   current weighted HPWL: 452.025um
[2024-11-07 01:33:15.862444] [0x0000151c34f04980] [info] reorder iteration: 5
[2024-11-07 01:33:15.862626] [0x0000151c34f04980] [info]   current weighted HPWL: 452.025um
[2024-11-07 01:33:15.862634] [0x0000151c34f04980] [info] Insert well tap cells
[2024-11-07 01:33:15.862662] [0x0000151c34f04980] [info] Insertion complete: 24 well tap cell created
[2024-11-07 01:33:15.862667] [0x0000151c34f04980] [info] Skip creating end cap cells
[2024-11-07 01:33:15.862671] [0x0000151c34f04980] [info]   current weighted HPWL: 436.425um
[2024-11-07 01:33:15.862680] [0x0000151c34f04980] [info] [0;36mStandard Cluster Well Legalization completed[0m
[2024-11-07 01:33:15.862686] [0x0000151c34f04980] [info] (wall time: 0.001624s, cpu time: 0.001615)
[2024-11-07 01:33:15.862703] [0x0000151c34f04980] [info] (peak memory: 12MB,  current memory: 12MB)
[2024-11-07 01:33:15.862713] [0x0000151c34f04980] [info] Writing PP and NP rect file: dali_outppnp.rect
[2024-11-07 01:33:15.865583] [0x0000151c34f04980] [info] Writing N-well rect file: dali_outwell.rect
[2024-11-07 01:33:15.868583] [0x0000151c34f04980] [info] Writing cluster rect file: dali_out_router.cluster
[2024-11-07 01:33:15.872379] [0x0000151c34f04980] [info] ------------------------------------------------------------
[2024-11-07 01:33:15.872401] [0x0000151c34f04980] [info] Start I/O Placement
[2024-11-07 01:33:15.872415] [0x0000151c34f04980] [info] [0;36mI/O Placement complete![0m
[2024-11-07 01:33:15.872436] [0x0000151c34f04980] [warning] IoPlace flag not specified, use --auto-place by default
[2024-11-07 01:33:15.872447] [0x0000151c34f04980] [info] ------------------------------------------------------------
[2024-11-07 01:33:15.872462] [0x0000151c34f04980] [info] Start I/O Placement
[2024-11-07 01:33:15.872467] [0x0000151c34f04980] [info] [0;36mI/O Placement complete![0m
[2024-11-07 01:33:15.872520] [0x0000151c34f04980] [info] Export Pplus/Nplus fillings to PhyDB
[2024-11-07 01:33:15.872532] [0x0000151c34f04980] [info] Export N wells to PhyDB
